Copyright 1986-2022 Xilinx, Inc. All Rights Reserved. Copyright 2022-2024 Advanced Micro Devices, Inc. All Rights Reserved.
---------------------------------------------------------------------------------------------------------------------------------------------------------------------------------------------------------------------------------------------
| Tool Version : Vivado v.2024.2 (win64) Build 5239630 Fri Nov 08 22:35:27 MST 2024
| Date         : Wed Feb 11 12:08:16 2026
| Host         : RYANSUNDERMA8F8 running 64-bit major release  (build 9200)
| Command      : report_timing_summary -max_paths 10 -report_unconstrained -file design_1_wrapper_timing_summary_routed.rpt -pb design_1_wrapper_timing_summary_routed.pb -rpx design_1_wrapper_timing_summary_routed.rpx -warn_on_violation
| Design       : design_1_wrapper
| Device       : 7a35t-cpg236
| Speed File   : -1  PRODUCTION 1.23 2018-06-13
| Design State : Routed
---------------------------------------------------------------------------------------------------------------------------------------------------------------------------------------------------------------------------------------------

Timing Summary Report

------------------------------------------------------------------------------------------------
| Timer Settings
| --------------
------------------------------------------------------------------------------------------------

  Enable Multi Corner Analysis               :  Yes
  Enable Pessimism Removal                   :  Yes
  Pessimism Removal Resolution               :  Nearest Common Node
  Enable Input Delay Default Clock           :  No
  Enable Preset / Clear Arcs                 :  No
  Disable Flight Delays                      :  No
  Ignore I/O Paths                           :  No
  Timing Early Launch at Borrowing Latches   :  No
  Borrow Time for Max Delay Exceptions       :  Yes
  Merge Timing Exceptions                    :  Yes
  Inter-SLR Compensation                     :  Conservative

  Corner  Analyze    Analyze    
  Name    Max Paths  Min Paths  
  ------  ---------  ---------  
  Slow    Yes        Yes        
  Fast    Yes        Yes        


------------------------------------------------------------------------------------------------
| Report Methodology
| ------------------
------------------------------------------------------------------------------------------------

Rule       Severity  Description                                                       Violations  
---------  --------  ----------------------------------------------------------------  ----------  
CKLD-2     Warning   Clock Net has IO Driver, not a Clock Buf, and/or non-Clock loads  1           
TIMING-18  Warning   Missing input or output delay                                     11          

Note: This report is based on the most recent report_methodology run and may not be up-to-date. Run report_methodology on the current design for the latest report.



check_timing report

Table of Contents
-----------------
1. checking no_clock (0)
2. checking constant_clock (0)
3. checking pulse_width_clock (0)
4. checking unconstrained_internal_endpoints (0)
5. checking no_input_delay (4)
6. checking no_output_delay (7)
7. checking multiple_clock (0)
8. checking generated_clocks (0)
9. checking loops (0)
10. checking partial_input_delay (0)
11. checking partial_output_delay (0)
12. checking latch_loops (0)

1. checking no_clock (0)
------------------------
 There are 0 register/latch pins with no clock.


2. checking constant_clock (0)
------------------------------
 There are 0 register/latch pins with constant_clock.


3. checking pulse_width_clock (0)
---------------------------------
 There are 0 register/latch pins which need pulse_width check


4. checking unconstrained_internal_endpoints (0)
------------------------------------------------
 There are 0 pins that are not constrained for maximum delay.

 There are 0 pins that are not constrained for maximum delay due to constant clock.


5. checking no_input_delay (4)
------------------------------
 There are 4 input ports with no input delay specified. (HIGH)

 There are 0 input ports with no input delay but user has a false path constraint.


6. checking no_output_delay (7)
-------------------------------
 There are 7 ports with no output delay specified. (HIGH)

 There are 0 ports with no output delay but user has a false path constraint

 There are 0 ports with no output delay but with a timing clock defined on it or propagating through it


7. checking multiple_clock (0)
------------------------------
 There are 0 register/latch pins with multiple clocks.


8. checking generated_clocks (0)
--------------------------------
 There are 0 generated clocks that are not connected to a clock source.


9. checking loops (0)
---------------------
 There are 0 combinational loops in the design.


10. checking partial_input_delay (0)
------------------------------------
 There are 0 input ports with partial input delay specified.


11. checking partial_output_delay (0)
-------------------------------------
 There are 0 ports with partial output delay specified.


12. checking latch_loops (0)
----------------------------
 There are 0 combinational latch loops in the design through latch input



------------------------------------------------------------------------------------------------
| Design Timing Summary
| ---------------------
------------------------------------------------------------------------------------------------

    WNS(ns)      TNS(ns)  TNS Failing Endpoints  TNS Total Endpoints      WHS(ns)      THS(ns)  THS Failing Endpoints  THS Total Endpoints     WPWS(ns)     TPWS(ns)  TPWS Failing Endpoints  TPWS Total Endpoints  
    -------      -------  ---------------------  -------------------      -------      -------  ---------------------  -------------------     --------     --------  ----------------------  --------------------  
        inf        0.000                      0                   14          inf        0.000                      0                   14        4.500        0.000                       0                     7  


All user specified timing constraints are met.


------------------------------------------------------------------------------------------------
| Clock Summary
| -------------
------------------------------------------------------------------------------------------------

Clock        Waveform(ns)       Period(ns)      Frequency(MHz)
-----        ------------       ----------      --------------
sys_clk_pin  {0.000 5.000}      10.000          100.000         


------------------------------------------------------------------------------------------------
| Intra Clock Table
| -----------------
------------------------------------------------------------------------------------------------

Clock             WNS(ns)      TNS(ns)  TNS Failing Endpoints  TNS Total Endpoints      WHS(ns)      THS(ns)  THS Failing Endpoints  THS Total Endpoints     WPWS(ns)     TPWS(ns)  TPWS Failing Endpoints  TPWS Total Endpoints  
-----             -------      -------  ---------------------  -------------------      -------      -------  ---------------------  -------------------     --------     --------  ----------------------  --------------------  
sys_clk_pin                                                                                                                                                     4.500        0.000                       0                     7  


------------------------------------------------------------------------------------------------
| Inter Clock Table
| -----------------
------------------------------------------------------------------------------------------------

From Clock    To Clock          WNS(ns)      TNS(ns)  TNS Failing Endpoints  TNS Total Endpoints      WHS(ns)      THS(ns)  THS Failing Endpoints  THS Total Endpoints  
----------    --------          -------      -------  ---------------------  -------------------      -------      -------  ---------------------  -------------------  


------------------------------------------------------------------------------------------------
| Other Path Groups Table
| -----------------------
------------------------------------------------------------------------------------------------

Path Group    From Clock    To Clock          WNS(ns)      TNS(ns)  TNS Failing Endpoints  TNS Total Endpoints      WHS(ns)      THS(ns)  THS Failing Endpoints  THS Total Endpoints  
----------    ----------    --------          -------      -------  ---------------------  -------------------      -------      -------  ---------------------  -------------------  


------------------------------------------------------------------------------------------------
| User Ignored Path Table
| -----------------------
------------------------------------------------------------------------------------------------

Path Group    From Clock    To Clock    
----------    ----------    --------    


------------------------------------------------------------------------------------------------
| Unconstrained Path Table
| ------------------------
------------------------------------------------------------------------------------------------

Path Group    From Clock    To Clock    
----------    ----------    --------    
(none)        sys_clk_pin                 
(none)                      sys_clk_pin   


------------------------------------------------------------------------------------------------
| Timing Details
| --------------
------------------------------------------------------------------------------------------------


---------------------------------------------------------------------------------------------------
From Clock:  sys_clk_pin
  To Clock:  sys_clk_pin

Setup :           NA  Failing Endpoints,  Worst Slack           NA  ,  Total Violation           NA
Hold  :           NA  Failing Endpoints,  Worst Slack           NA  ,  Total Violation           NA
PW    :            0  Failing Endpoints,  Worst Slack        4.500ns,  Total Violation        0.000ns
---------------------------------------------------------------------------------------------------


Pulse Width Checks
--------------------------------------------------------------------------------------
Clock Name:         sys_clk_pin
Waveform(ns):       { 0.000 5.000 }
Period(ns):         10.000
Sources:            { clk }

Check Type        Corner  Lib Pin  Reference Pin  Required(ns)  Actual(ns)  Slack(ns)  Location      Pin
Min Period        n/a     FDRE/C   n/a            1.000         10.000      9.000      SLICE_X65Y17  design_1_i/bcd_0/inst/seg_buf_reg[0]/C
Min Period        n/a     FDRE/C   n/a            1.000         10.000      9.000      SLICE_X65Y17  design_1_i/bcd_0/inst/seg_buf_reg[1]/C
Min Period        n/a     FDRE/C   n/a            1.000         10.000      9.000      SLICE_X65Y17  design_1_i/bcd_0/inst/seg_buf_reg[2]/C
Min Period        n/a     FDRE/C   n/a            1.000         10.000      9.000      SLICE_X65Y17  design_1_i/bcd_0/inst/seg_buf_reg[3]/C
Min Period        n/a     FDRE/C   n/a            1.000         10.000      9.000      SLICE_X65Y17  design_1_i/bcd_0/inst/seg_buf_reg[4]/C
Min Period        n/a     FDRE/C   n/a            1.000         10.000      9.000      SLICE_X65Y17  design_1_i/bcd_0/inst/seg_buf_reg[5]/C
Min Period        n/a     FDRE/C   n/a            1.000         10.000      9.000      SLICE_X65Y17  design_1_i/bcd_0/inst/seg_buf_reg[6]/C
Low Pulse Width   Slow    FDRE/C   n/a            0.500         5.000       4.500      SLICE_X65Y17  design_1_i/bcd_0/inst/seg_buf_reg[0]/C
Low Pulse Width   Fast    FDRE/C   n/a            0.500         5.000       4.500      SLICE_X65Y17  design_1_i/bcd_0/inst/seg_buf_reg[0]/C
Low Pulse Width   Slow    FDRE/C   n/a            0.500         5.000       4.500      SLICE_X65Y17  design_1_i/bcd_0/inst/seg_buf_reg[1]/C
Low Pulse Width   Fast    FDRE/C   n/a            0.500         5.000       4.500      SLICE_X65Y17  design_1_i/bcd_0/inst/seg_buf_reg[1]/C
Low Pulse Width   Slow    FDRE/C   n/a            0.500         5.000       4.500      SLICE_X65Y17  design_1_i/bcd_0/inst/seg_buf_reg[2]/C
Low Pulse Width   Fast    FDRE/C   n/a            0.500         5.000       4.500      SLICE_X65Y17  design_1_i/bcd_0/inst/seg_buf_reg[2]/C
Low Pulse Width   Slow    FDRE/C   n/a            0.500         5.000       4.500      SLICE_X65Y17  design_1_i/bcd_0/inst/seg_buf_reg[3]/C
Low Pulse Width   Fast    FDRE/C   n/a            0.500         5.000       4.500      SLICE_X65Y17  design_1_i/bcd_0/inst/seg_buf_reg[3]/C
Low Pulse Width   Slow    FDRE/C   n/a            0.500         5.000       4.500      SLICE_X65Y17  design_1_i/bcd_0/inst/seg_buf_reg[4]/C
Low Pulse Width   Fast    FDRE/C   n/a            0.500         5.000       4.500      SLICE_X65Y17  design_1_i/bcd_0/inst/seg_buf_reg[4]/C
High Pulse Width  Slow    FDRE/C   n/a            0.500         5.000       4.500      SLICE_X65Y17  design_1_i/bcd_0/inst/seg_buf_reg[0]/C
High Pulse Width  Fast    FDRE/C   n/a            0.500         5.000       4.500      SLICE_X65Y17  design_1_i/bcd_0/inst/seg_buf_reg[0]/C
High Pulse Width  Slow    FDRE/C   n/a            0.500         5.000       4.500      SLICE_X65Y17  design_1_i/bcd_0/inst/seg_buf_reg[1]/C
High Pulse Width  Fast    FDRE/C   n/a            0.500         5.000       4.500      SLICE_X65Y17  design_1_i/bcd_0/inst/seg_buf_reg[1]/C
High Pulse Width  Slow    FDRE/C   n/a            0.500         5.000       4.500      SLICE_X65Y17  design_1_i/bcd_0/inst/seg_buf_reg[2]/C
High Pulse Width  Fast    FDRE/C   n/a            0.500         5.000       4.500      SLICE_X65Y17  design_1_i/bcd_0/inst/seg_buf_reg[2]/C
High Pulse Width  Slow    FDRE/C   n/a            0.500         5.000       4.500      SLICE_X65Y17  design_1_i/bcd_0/inst/seg_buf_reg[3]/C
High Pulse Width  Fast    FDRE/C   n/a            0.500         5.000       4.500      SLICE_X65Y17  design_1_i/bcd_0/inst/seg_buf_reg[3]/C
High Pulse Width  Slow    FDRE/C   n/a            0.500         5.000       4.500      SLICE_X65Y17  design_1_i/bcd_0/inst/seg_buf_reg[4]/C
High Pulse Width  Fast    FDRE/C   n/a            0.500         5.000       4.500      SLICE_X65Y17  design_1_i/bcd_0/inst/seg_buf_reg[4]/C



--------------------------------------------------------------------------------------
Path Group:  (none)
From Clock:  sys_clk_pin
  To Clock:  

Max Delay             7 Endpoints
Min Delay             7 Endpoints
--------------------------------------------------------------------------------------


Max Delay Paths
--------------------------------------------------------------------------------------
Slack:                    inf
  Source:                 design_1_i/bcd_0/inst/seg_buf_reg[3]/C
                            (rising edge-triggered cell FDRE clocked by sys_clk_pin  {rise@0.000ns fall@5.000ns period=10.000ns})
  Destination:            seg[3]
                            (output port)
  Path Group:             (none)
  Path Type:              Max at Slow Process Corner
  Data Path Delay:        6.031ns  (logic 4.127ns (68.417%)  route 1.905ns (31.583%))
  Logic Levels:           1  (OBUF=1)
  Clock Uncertainty:      0.025ns  ((TSJ^2 + TIJ^2)^1/2 + DJ) / 2 + PE
    Total System Jitter     (TSJ):    0.050ns
    Total Input Jitter      (TIJ):    0.000ns
    Discrete Jitter          (DJ):    0.000ns
    Phase Error              (PE):    0.000ns

    Location             Delay type                Incr(ns)  Path(ns)    Netlist Resource(s)
  -------------------------------------------------------------------    -------------------
                         (clock sys_clk_pin rise edge)
                                                      0.000     0.000 r  
    W5                                                0.000     0.000 r  clk (IN)
                         net (fo=0)                   0.000     0.000    clk
    W5                   IBUF (Prop_ibuf_I_O)         1.458     1.458 r  clk_IBUF_inst/O
                         net (fo=7, routed)           1.265     2.724    design_1_i/bcd_0/inst/clk_in
    SLICE_X65Y17         FDRE                                         r  design_1_i/bcd_0/inst/seg_buf_reg[3]/C
  -------------------------------------------------------------------    -------------------
    SLICE_X65Y17         FDRE (Prop_fdre_C_Q)         0.419     3.143 r  design_1_i/bcd_0/inst/seg_buf_reg[3]/Q
                         net (fo=1, routed)           1.905     5.048    seg_OBUF[3]
    V8                   OBUF (Prop_obuf_I_O)         3.708     8.755 r  seg_OBUF[3]_inst/O
                         net (fo=0)                   0.000     8.755    seg[3]
    V8                                                                r  seg[3] (OUT)
  -------------------------------------------------------------------    -------------------

Slack:                    inf
  Source:                 design_1_i/bcd_0/inst/seg_buf_reg[1]/C
                            (rising edge-triggered cell FDRE clocked by sys_clk_pin  {rise@0.000ns fall@5.000ns period=10.000ns})
  Destination:            seg[1]
                            (output port)
  Path Group:             (none)
  Path Type:              Max at Slow Process Corner
  Data Path Delay:        5.988ns  (logic 4.123ns (68.852%)  route 1.865ns (31.148%))
  Logic Levels:           1  (OBUF=1)
  Clock Uncertainty:      0.025ns  ((TSJ^2 + TIJ^2)^1/2 + DJ) / 2 + PE
    Total System Jitter     (TSJ):    0.050ns
    Total Input Jitter      (TIJ):    0.000ns
    Discrete Jitter          (DJ):    0.000ns
    Phase Error              (PE):    0.000ns

    Location             Delay type                Incr(ns)  Path(ns)    Netlist Resource(s)
  -------------------------------------------------------------------    -------------------
                         (clock sys_clk_pin rise edge)
                                                      0.000     0.000 r  
    W5                                                0.000     0.000 r  clk (IN)
                         net (fo=0)                   0.000     0.000    clk
    W5                   IBUF (Prop_ibuf_I_O)         1.458     1.458 r  clk_IBUF_inst/O
                         net (fo=7, routed)           1.265     2.724    design_1_i/bcd_0/inst/clk_in
    SLICE_X65Y17         FDRE                                         r  design_1_i/bcd_0/inst/seg_buf_reg[1]/C
  -------------------------------------------------------------------    -------------------
    SLICE_X65Y17         FDRE (Prop_fdre_C_Q)         0.419     3.143 r  design_1_i/bcd_0/inst/seg_buf_reg[1]/Q
                         net (fo=1, routed)           1.865     5.008    seg_OBUF[1]
    W6                   OBUF (Prop_obuf_I_O)         3.704     8.712 r  seg_OBUF[1]_inst/O
                         net (fo=0)                   0.000     8.712    seg[1]
    W6                                                                r  seg[1] (OUT)
  -------------------------------------------------------------------    -------------------

Slack:                    inf
  Source:                 design_1_i/bcd_0/inst/seg_buf_reg[0]/C
                            (rising edge-triggered cell FDRE clocked by sys_clk_pin  {rise@0.000ns fall@5.000ns period=10.000ns})
  Destination:            seg[0]
                            (output port)
  Path Group:             (none)
  Path Type:              Max at Slow Process Corner
  Data Path Delay:        5.849ns  (logic 3.967ns (67.819%)  route 1.882ns (32.181%))
  Logic Levels:           1  (OBUF=1)
  Clock Uncertainty:      0.025ns  ((TSJ^2 + TIJ^2)^1/2 + DJ) / 2 + PE
    Total System Jitter     (TSJ):    0.050ns
    Total Input Jitter      (TIJ):    0.000ns
    Discrete Jitter          (DJ):    0.000ns
    Phase Error              (PE):    0.000ns

    Location             Delay type                Incr(ns)  Path(ns)    Netlist Resource(s)
  -------------------------------------------------------------------    -------------------
                         (clock sys_clk_pin rise edge)
                                                      0.000     0.000 r  
    W5                                                0.000     0.000 r  clk (IN)
                         net (fo=0)                   0.000     0.000    clk
    W5                   IBUF (Prop_ibuf_I_O)         1.458     1.458 r  clk_IBUF_inst/O
                         net (fo=7, routed)           1.265     2.724    design_1_i/bcd_0/inst/clk_in
    SLICE_X65Y17         FDRE                                         r  design_1_i/bcd_0/inst/seg_buf_reg[0]/C
  -------------------------------------------------------------------    -------------------
    SLICE_X65Y17         FDRE (Prop_fdre_C_Q)         0.456     3.180 r  design_1_i/bcd_0/inst/seg_buf_reg[0]/Q
                         net (fo=1, routed)           1.882     5.062    seg_OBUF[0]
    W7                   OBUF (Prop_obuf_I_O)         3.511     8.573 r  seg_OBUF[0]_inst/O
                         net (fo=0)                   0.000     8.573    seg[0]
    W7                                                                r  seg[0] (OUT)
  -------------------------------------------------------------------    -------------------

Slack:                    inf
  Source:                 design_1_i/bcd_0/inst/seg_buf_reg[6]/C
                            (rising edge-triggered cell FDRE clocked by sys_clk_pin  {rise@0.000ns fall@5.000ns period=10.000ns})
  Destination:            seg[6]
                            (output port)
  Path Group:             (none)
  Path Type:              Max at Slow Process Corner
  Data Path Delay:        5.845ns  (logic 3.987ns (68.220%)  route 1.857ns (31.780%))
  Logic Levels:           1  (OBUF=1)
  Clock Uncertainty:      0.025ns  ((TSJ^2 + TIJ^2)^1/2 + DJ) / 2 + PE
    Total System Jitter     (TSJ):    0.050ns
    Total Input Jitter      (TIJ):    0.000ns
    Discrete Jitter          (DJ):    0.000ns
    Phase Error              (PE):    0.000ns

    Location             Delay type                Incr(ns)  Path(ns)    Netlist Resource(s)
  -------------------------------------------------------------------    -------------------
                         (clock sys_clk_pin rise edge)
                                                      0.000     0.000 r  
    W5                                                0.000     0.000 r  clk (IN)
                         net (fo=0)                   0.000     0.000    clk
    W5                   IBUF (Prop_ibuf_I_O)         1.458     1.458 r  clk_IBUF_inst/O
                         net (fo=7, routed)           1.265     2.724    design_1_i/bcd_0/inst/clk_in
    SLICE_X65Y17         FDRE                                         r  design_1_i/bcd_0/inst/seg_buf_reg[6]/C
  -------------------------------------------------------------------    -------------------
    SLICE_X65Y17         FDRE (Prop_fdre_C_Q)         0.456     3.180 r  design_1_i/bcd_0/inst/seg_buf_reg[6]/Q
                         net (fo=1, routed)           1.857     5.037    seg_OBUF[6]
    U7                   OBUF (Prop_obuf_I_O)         3.531     8.569 r  seg_OBUF[6]_inst/O
                         net (fo=0)                   0.000     8.569    seg[6]
    U7                                                                r  seg[6] (OUT)
  -------------------------------------------------------------------    -------------------

Slack:                    inf
  Source:                 design_1_i/bcd_0/inst/seg_buf_reg[5]/C
                            (rising edge-triggered cell FDRE clocked by sys_clk_pin  {rise@0.000ns fall@5.000ns period=10.000ns})
  Destination:            seg[5]
                            (output port)
  Path Group:             (none)
  Path Type:              Max at Slow Process Corner
  Data Path Delay:        5.765ns  (logic 4.096ns (71.055%)  route 1.669ns (28.945%))
  Logic Levels:           1  (OBUF=1)
  Clock Uncertainty:      0.025ns  ((TSJ^2 + TIJ^2)^1/2 + DJ) / 2 + PE
    Total System Jitter     (TSJ):    0.050ns
    Total Input Jitter      (TIJ):    0.000ns
    Discrete Jitter          (DJ):    0.000ns
    Phase Error              (PE):    0.000ns

    Location             Delay type                Incr(ns)  Path(ns)    Netlist Resource(s)
  -------------------------------------------------------------------    -------------------
                         (clock sys_clk_pin rise edge)
                                                      0.000     0.000 r  
    W5                                                0.000     0.000 r  clk (IN)
                         net (fo=0)                   0.000     0.000    clk
    W5                   IBUF (Prop_ibuf_I_O)         1.458     1.458 r  clk_IBUF_inst/O
                         net (fo=7, routed)           1.265     2.724    design_1_i/bcd_0/inst/clk_in
    SLICE_X65Y17         FDRE                                         r  design_1_i/bcd_0/inst/seg_buf_reg[5]/C
  -------------------------------------------------------------------    -------------------
    SLICE_X65Y17         FDRE (Prop_fdre_C_Q)         0.419     3.143 r  design_1_i/bcd_0/inst/seg_buf_reg[5]/Q
                         net (fo=1, routed)           1.669     4.812    seg_OBUF[5]
    V5                   OBUF (Prop_obuf_I_O)         3.677     8.489 r  seg_OBUF[5]_inst/O
                         net (fo=0)                   0.000     8.489    seg[5]
    V5                                                                r  seg[5] (OUT)
  -------------------------------------------------------------------    -------------------

Slack:                    inf
  Source:                 design_1_i/bcd_0/inst/seg_buf_reg[2]/C
                            (rising edge-triggered cell FDRE clocked by sys_clk_pin  {rise@0.000ns fall@5.000ns period=10.000ns})
  Destination:            seg[2]
                            (output port)
  Path Group:             (none)
  Path Type:              Max at Slow Process Corner
  Data Path Delay:        5.705ns  (logic 3.991ns (69.962%)  route 1.714ns (30.038%))
  Logic Levels:           1  (OBUF=1)
  Clock Uncertainty:      0.025ns  ((TSJ^2 + TIJ^2)^1/2 + DJ) / 2 + PE
    Total System Jitter     (TSJ):    0.050ns
    Total Input Jitter      (TIJ):    0.000ns
    Discrete Jitter          (DJ):    0.000ns
    Phase Error              (PE):    0.000ns

    Location             Delay type                Incr(ns)  Path(ns)    Netlist Resource(s)
  -------------------------------------------------------------------    -------------------
                         (clock sys_clk_pin rise edge)
                                                      0.000     0.000 r  
    W5                                                0.000     0.000 r  clk (IN)
                         net (fo=0)                   0.000     0.000    clk
    W5                   IBUF (Prop_ibuf_I_O)         1.458     1.458 r  clk_IBUF_inst/O
                         net (fo=7, routed)           1.265     2.724    design_1_i/bcd_0/inst/clk_in
    SLICE_X65Y17         FDRE                                         r  design_1_i/bcd_0/inst/seg_buf_reg[2]/C
  -------------------------------------------------------------------    -------------------
    SLICE_X65Y17         FDRE (Prop_fdre_C_Q)         0.456     3.180 r  design_1_i/bcd_0/inst/seg_buf_reg[2]/Q
                         net (fo=1, routed)           1.714     4.893    seg_OBUF[2]
    U8                   OBUF (Prop_obuf_I_O)         3.535     8.429 r  seg_OBUF[2]_inst/O
                         net (fo=0)                   0.000     8.429    seg[2]
    U8                                                                r  seg[2] (OUT)
  -------------------------------------------------------------------    -------------------

Slack:                    inf
  Source:                 design_1_i/bcd_0/inst/seg_buf_reg[4]/C
                            (rising edge-triggered cell FDRE clocked by sys_clk_pin  {rise@0.000ns fall@5.000ns period=10.000ns})
  Destination:            seg[4]
                            (output port)
  Path Group:             (none)
  Path Type:              Max at Slow Process Corner
  Data Path Delay:        5.646ns  (logic 3.976ns (70.418%)  route 1.670ns (29.582%))
  Logic Levels:           1  (OBUF=1)
  Clock Uncertainty:      0.025ns  ((TSJ^2 + TIJ^2)^1/2 + DJ) / 2 + PE
    Total System Jitter     (TSJ):    0.050ns
    Total Input Jitter      (TIJ):    0.000ns
    Discrete Jitter          (DJ):    0.000ns
    Phase Error              (PE):    0.000ns

    Location             Delay type                Incr(ns)  Path(ns)    Netlist Resource(s)
  -------------------------------------------------------------------    -------------------
                         (clock sys_clk_pin rise edge)
                                                      0.000     0.000 r  
    W5                                                0.000     0.000 r  clk (IN)
                         net (fo=0)                   0.000     0.000    clk
    W5                   IBUF (Prop_ibuf_I_O)         1.458     1.458 r  clk_IBUF_inst/O
                         net (fo=7, routed)           1.265     2.724    design_1_i/bcd_0/inst/clk_in
    SLICE_X65Y17         FDRE                                         r  design_1_i/bcd_0/inst/seg_buf_reg[4]/C
  -------------------------------------------------------------------    -------------------
    SLICE_X65Y17         FDRE (Prop_fdre_C_Q)         0.456     3.180 r  design_1_i/bcd_0/inst/seg_buf_reg[4]/Q
                         net (fo=1, routed)           1.670     4.850    seg_OBUF[4]
    U5                   OBUF (Prop_obuf_I_O)         3.520     8.370 r  seg_OBUF[4]_inst/O
                         net (fo=0)                   0.000     8.370    seg[4]
    U5                                                                r  seg[4] (OUT)
  -------------------------------------------------------------------    -------------------





Min Delay Paths
--------------------------------------------------------------------------------------
Slack:                    inf
  Source:                 design_1_i/bcd_0/inst/seg_buf_reg[4]/C
                            (rising edge-triggered cell FDRE clocked by sys_clk_pin  {rise@0.000ns fall@5.000ns period=10.000ns})
  Destination:            seg[4]
                            (output port)
  Path Group:             (none)
  Path Type:              Min at Fast Process Corner
  Data Path Delay:        1.686ns  (logic 1.362ns (80.770%)  route 0.324ns (19.230%))
  Logic Levels:           1  (OBUF=1)
  Clock Uncertainty:      0.025ns  ((TSJ^2 + TIJ^2)^1/2 + DJ) / 2 + PE
    Total System Jitter     (TSJ):    0.050ns
    Total Input Jitter      (TIJ):    0.000ns
    Discrete Jitter          (DJ):    0.000ns
    Phase Error              (PE):    0.000ns

    Location             Delay type                Incr(ns)  Path(ns)    Netlist Resource(s)
  -------------------------------------------------------------------    -------------------
                         (clock sys_clk_pin rise edge)
                                                      0.000     0.000 r  
    W5                                                0.000     0.000 r  clk (IN)
                         net (fo=0)                   0.000     0.000    clk
    W5                   IBUF (Prop_ibuf_I_O)         0.226     0.226 r  clk_IBUF_inst/O
                         net (fo=7, routed)           0.544     0.771    design_1_i/bcd_0/inst/clk_in
    SLICE_X65Y17         FDRE                                         r  design_1_i/bcd_0/inst/seg_buf_reg[4]/C
  -------------------------------------------------------------------    -------------------
    SLICE_X65Y17         FDRE (Prop_fdre_C_Q)         0.141     0.912 r  design_1_i/bcd_0/inst/seg_buf_reg[4]/Q
                         net (fo=1, routed)           0.324     1.236    seg_OBUF[4]
    U5                   OBUF (Prop_obuf_I_O)         1.221     2.457 r  seg_OBUF[4]_inst/O
                         net (fo=0)                   0.000     2.457    seg[4]
    U5                                                                r  seg[4] (OUT)
  -------------------------------------------------------------------    -------------------

Slack:                    inf
  Source:                 design_1_i/bcd_0/inst/seg_buf_reg[5]/C
                            (rising edge-triggered cell FDRE clocked by sys_clk_pin  {rise@0.000ns fall@5.000ns period=10.000ns})
  Destination:            seg[5]
                            (output port)
  Path Group:             (none)
  Path Type:              Min at Fast Process Corner
  Data Path Delay:        1.722ns  (logic 1.387ns (80.508%)  route 0.336ns (19.492%))
  Logic Levels:           1  (OBUF=1)
  Clock Uncertainty:      0.025ns  ((TSJ^2 + TIJ^2)^1/2 + DJ) / 2 + PE
    Total System Jitter     (TSJ):    0.050ns
    Total Input Jitter      (TIJ):    0.000ns
    Discrete Jitter          (DJ):    0.000ns
    Phase Error              (PE):    0.000ns

    Location             Delay type                Incr(ns)  Path(ns)    Netlist Resource(s)
  -------------------------------------------------------------------    -------------------
                         (clock sys_clk_pin rise edge)
                                                      0.000     0.000 r  
    W5                                                0.000     0.000 r  clk (IN)
                         net (fo=0)                   0.000     0.000    clk
    W5                   IBUF (Prop_ibuf_I_O)         0.226     0.226 r  clk_IBUF_inst/O
                         net (fo=7, routed)           0.544     0.771    design_1_i/bcd_0/inst/clk_in
    SLICE_X65Y17         FDRE                                         r  design_1_i/bcd_0/inst/seg_buf_reg[5]/C
  -------------------------------------------------------------------    -------------------
    SLICE_X65Y17         FDRE (Prop_fdre_C_Q)         0.128     0.899 r  design_1_i/bcd_0/inst/seg_buf_reg[5]/Q
                         net (fo=1, routed)           0.336     1.235    seg_OBUF[5]
    V5                   OBUF (Prop_obuf_I_O)         1.259     2.493 r  seg_OBUF[5]_inst/O
                         net (fo=0)                   0.000     2.493    seg[5]
    V5                                                                r  seg[5] (OUT)
  -------------------------------------------------------------------    -------------------

Slack:                    inf
  Source:                 design_1_i/bcd_0/inst/seg_buf_reg[2]/C
                            (rising edge-triggered cell FDRE clocked by sys_clk_pin  {rise@0.000ns fall@5.000ns period=10.000ns})
  Destination:            seg[2]
                            (output port)
  Path Group:             (none)
  Path Type:              Min at Fast Process Corner
  Data Path Delay:        1.735ns  (logic 1.377ns (79.383%)  route 0.358ns (20.617%))
  Logic Levels:           1  (OBUF=1)
  Clock Uncertainty:      0.025ns  ((TSJ^2 + TIJ^2)^1/2 + DJ) / 2 + PE
    Total System Jitter     (TSJ):    0.050ns
    Total Input Jitter      (TIJ):    0.000ns
    Discrete Jitter          (DJ):    0.000ns
    Phase Error              (PE):    0.000ns

    Location             Delay type                Incr(ns)  Path(ns)    Netlist Resource(s)
  -------------------------------------------------------------------    -------------------
                         (clock sys_clk_pin rise edge)
                                                      0.000     0.000 r  
    W5                                                0.000     0.000 r  clk (IN)
                         net (fo=0)                   0.000     0.000    clk
    W5                   IBUF (Prop_ibuf_I_O)         0.226     0.226 r  clk_IBUF_inst/O
                         net (fo=7, routed)           0.544     0.771    design_1_i/bcd_0/inst/clk_in
    SLICE_X65Y17         FDRE                                         r  design_1_i/bcd_0/inst/seg_buf_reg[2]/C
  -------------------------------------------------------------------    -------------------
    SLICE_X65Y17         FDRE (Prop_fdre_C_Q)         0.141     0.912 r  design_1_i/bcd_0/inst/seg_buf_reg[2]/Q
                         net (fo=1, routed)           0.358     1.269    seg_OBUF[2]
    U8                   OBUF (Prop_obuf_I_O)         1.236     2.505 r  seg_OBUF[2]_inst/O
                         net (fo=0)                   0.000     2.505    seg[2]
    U8                                                                r  seg[2] (OUT)
  -------------------------------------------------------------------    -------------------

Slack:                    inf
  Source:                 design_1_i/bcd_0/inst/seg_buf_reg[0]/C
                            (rising edge-triggered cell FDRE clocked by sys_clk_pin  {rise@0.000ns fall@5.000ns period=10.000ns})
  Destination:            seg[0]
                            (output port)
  Path Group:             (none)
  Path Type:              Min at Fast Process Corner
  Data Path Delay:        1.776ns  (logic 1.353ns (76.168%)  route 0.423ns (23.832%))
  Logic Levels:           1  (OBUF=1)
  Clock Uncertainty:      0.025ns  ((TSJ^2 + TIJ^2)^1/2 + DJ) / 2 + PE
    Total System Jitter     (TSJ):    0.050ns
    Total Input Jitter      (TIJ):    0.000ns
    Discrete Jitter          (DJ):    0.000ns
    Phase Error              (PE):    0.000ns

    Location             Delay type                Incr(ns)  Path(ns)    Netlist Resource(s)
  -------------------------------------------------------------------    -------------------
                         (clock sys_clk_pin rise edge)
                                                      0.000     0.000 r  
    W5                                                0.000     0.000 r  clk (IN)
                         net (fo=0)                   0.000     0.000    clk
    W5                   IBUF (Prop_ibuf_I_O)         0.226     0.226 r  clk_IBUF_inst/O
                         net (fo=7, routed)           0.544     0.771    design_1_i/bcd_0/inst/clk_in
    SLICE_X65Y17         FDRE                                         r  design_1_i/bcd_0/inst/seg_buf_reg[0]/C
  -------------------------------------------------------------------    -------------------
    SLICE_X65Y17         FDRE (Prop_fdre_C_Q)         0.141     0.912 r  design_1_i/bcd_0/inst/seg_buf_reg[0]/Q
                         net (fo=1, routed)           0.423     1.335    seg_OBUF[0]
    W7                   OBUF (Prop_obuf_I_O)         1.212     2.547 r  seg_OBUF[0]_inst/O
                         net (fo=0)                   0.000     2.547    seg[0]
    W7                                                                r  seg[0] (OUT)
  -------------------------------------------------------------------    -------------------

Slack:                    inf
  Source:                 design_1_i/bcd_0/inst/seg_buf_reg[6]/C
                            (rising edge-triggered cell FDRE clocked by sys_clk_pin  {rise@0.000ns fall@5.000ns period=10.000ns})
  Destination:            seg[6]
                            (output port)
  Path Group:             (none)
  Path Type:              Min at Fast Process Corner
  Data Path Delay:        1.787ns  (logic 1.373ns (76.859%)  route 0.413ns (23.141%))
  Logic Levels:           1  (OBUF=1)
  Clock Uncertainty:      0.025ns  ((TSJ^2 + TIJ^2)^1/2 + DJ) / 2 + PE
    Total System Jitter     (TSJ):    0.050ns
    Total Input Jitter      (TIJ):    0.000ns
    Discrete Jitter          (DJ):    0.000ns
    Phase Error              (PE):    0.000ns

    Location             Delay type                Incr(ns)  Path(ns)    Netlist Resource(s)
  -------------------------------------------------------------------    -------------------
                         (clock sys_clk_pin rise edge)
                                                      0.000     0.000 r  
    W5                                                0.000     0.000 r  clk (IN)
                         net (fo=0)                   0.000     0.000    clk
    W5                   IBUF (Prop_ibuf_I_O)         0.226     0.226 r  clk_IBUF_inst/O
                         net (fo=7, routed)           0.544     0.771    design_1_i/bcd_0/inst/clk_in
    SLICE_X65Y17         FDRE                                         r  design_1_i/bcd_0/inst/seg_buf_reg[6]/C
  -------------------------------------------------------------------    -------------------
    SLICE_X65Y17         FDRE (Prop_fdre_C_Q)         0.141     0.912 r  design_1_i/bcd_0/inst/seg_buf_reg[6]/Q
                         net (fo=1, routed)           0.413     1.325    seg_OBUF[6]
    U7                   OBUF (Prop_obuf_I_O)         1.232     2.558 r  seg_OBUF[6]_inst/O
                         net (fo=0)                   0.000     2.558    seg[6]
    U7                                                                r  seg[6] (OUT)
  -------------------------------------------------------------------    -------------------

Slack:                    inf
  Source:                 design_1_i/bcd_0/inst/seg_buf_reg[1]/C
                            (rising edge-triggered cell FDRE clocked by sys_clk_pin  {rise@0.000ns fall@5.000ns period=10.000ns})
  Destination:            seg[1]
                            (output port)
  Path Group:             (none)
  Path Type:              Min at Fast Process Corner
  Data Path Delay:        1.832ns  (logic 1.412ns (77.063%)  route 0.420ns (22.937%))
  Logic Levels:           1  (OBUF=1)
  Clock Uncertainty:      0.025ns  ((TSJ^2 + TIJ^2)^1/2 + DJ) / 2 + PE
    Total System Jitter     (TSJ):    0.050ns
    Total Input Jitter      (TIJ):    0.000ns
    Discrete Jitter          (DJ):    0.000ns
    Phase Error              (PE):    0.000ns

    Location             Delay type                Incr(ns)  Path(ns)    Netlist Resource(s)
  -------------------------------------------------------------------    -------------------
                         (clock sys_clk_pin rise edge)
                                                      0.000     0.000 r  
    W5                                                0.000     0.000 r  clk (IN)
                         net (fo=0)                   0.000     0.000    clk
    W5                   IBUF (Prop_ibuf_I_O)         0.226     0.226 r  clk_IBUF_inst/O
                         net (fo=7, routed)           0.544     0.771    design_1_i/bcd_0/inst/clk_in
    SLICE_X65Y17         FDRE                                         r  design_1_i/bcd_0/inst/seg_buf_reg[1]/C
  -------------------------------------------------------------------    -------------------
    SLICE_X65Y17         FDRE (Prop_fdre_C_Q)         0.128     0.899 r  design_1_i/bcd_0/inst/seg_buf_reg[1]/Q
                         net (fo=1, routed)           0.420     1.319    seg_OBUF[1]
    W6                   OBUF (Prop_obuf_I_O)         1.284     2.603 r  seg_OBUF[1]_inst/O
                         net (fo=0)                   0.000     2.603    seg[1]
    W6                                                                r  seg[1] (OUT)
  -------------------------------------------------------------------    -------------------

Slack:                    inf
  Source:                 design_1_i/bcd_0/inst/seg_buf_reg[3]/C
                            (rising edge-triggered cell FDRE clocked by sys_clk_pin  {rise@0.000ns fall@5.000ns period=10.000ns})
  Destination:            seg[3]
                            (output port)
  Path Group:             (none)
  Path Type:              Min at Fast Process Corner
  Data Path Delay:        1.836ns  (logic 1.417ns (77.188%)  route 0.419ns (22.812%))
  Logic Levels:           1  (OBUF=1)
  Clock Uncertainty:      0.025ns  ((TSJ^2 + TIJ^2)^1/2 + DJ) / 2 + PE
    Total System Jitter     (TSJ):    0.050ns
    Total Input Jitter      (TIJ):    0.000ns
    Discrete Jitter          (DJ):    0.000ns
    Phase Error              (PE):    0.000ns

    Location             Delay type                Incr(ns)  Path(ns)    Netlist Resource(s)
  -------------------------------------------------------------------    -------------------
                         (clock sys_clk_pin rise edge)
                                                      0.000     0.000 r  
    W5                                                0.000     0.000 r  clk (IN)
                         net (fo=0)                   0.000     0.000    clk
    W5                   IBUF (Prop_ibuf_I_O)         0.226     0.226 r  clk_IBUF_inst/O
                         net (fo=7, routed)           0.544     0.771    design_1_i/bcd_0/inst/clk_in
    SLICE_X65Y17         FDRE                                         r  design_1_i/bcd_0/inst/seg_buf_reg[3]/C
  -------------------------------------------------------------------    -------------------
    SLICE_X65Y17         FDRE (Prop_fdre_C_Q)         0.128     0.899 r  design_1_i/bcd_0/inst/seg_buf_reg[3]/Q
                         net (fo=1, routed)           0.419     1.318    seg_OBUF[3]
    V8                   OBUF (Prop_obuf_I_O)         1.289     2.607 r  seg_OBUF[3]_inst/O
                         net (fo=0)                   0.000     2.607    seg[3]
    V8                                                                r  seg[3] (OUT)
  -------------------------------------------------------------------    -------------------





--------------------------------------------------------------------------------------
Path Group:  (none)
From Clock:  
  To Clock:  sys_clk_pin

Max Delay             7 Endpoints
Min Delay             7 Endpoints
--------------------------------------------------------------------------------------


Max Delay Paths
--------------------------------------------------------------------------------------
Slack:                    inf
  Source:                 sw[3]
                            (input port)
  Destination:            design_1_i/bcd_0/inst/seg_buf_reg[6]/D
                            (rising edge-triggered cell FDRE clocked by sys_clk_pin  {rise@0.000ns fall@5.000ns period=10.000ns})
  Path Group:             (none)
  Path Type:              Setup (Max at Slow Process Corner)
  Data Path Delay:        5.118ns  (logic 1.572ns (30.723%)  route 3.546ns (69.277%))
  Logic Levels:           2  (IBUF=1 LUT4=1)
  Clock Path Skew:        2.479ns (DCD - SCD + CPR)
    Destination Clock Delay (DCD):    2.479ns
    Source Clock Delay      (SCD):    0.000ns
    Clock Pessimism Removal (CPR):    0.000ns
  Clock Uncertainty:      0.025ns  ((TSJ^2 + TIJ^2)^1/2 + DJ) / 2 + PE
    Total System Jitter     (TSJ):    0.050ns
    Total Input Jitter      (TIJ):    0.000ns
    Discrete Jitter          (DJ):    0.000ns
    Phase Error              (PE):    0.000ns

    Location             Delay type                Incr(ns)  Path(ns)    Netlist Resource(s)
  -------------------------------------------------------------------    -------------------
    W17                                               0.000     0.000 r  sw[3] (IN)
                         net (fo=0)                   0.000     0.000    sw[3]
    W17                  IBUF (Prop_ibuf_I_O)         1.448     1.448 r  sw_IBUF[3]_inst/O
                         net (fo=7, routed)           3.546     4.994    design_1_i/bcd_0/inst/num[3]
    SLICE_X65Y17         LUT4 (Prop_lut4_I0_O)        0.124     5.118 r  design_1_i/bcd_0/inst/seg_buf[6]_i_1/O
                         net (fo=1, routed)           0.000     5.118    design_1_i/bcd_0/inst/seg_buf[6]
    SLICE_X65Y17         FDRE                                         r  design_1_i/bcd_0/inst/seg_buf_reg[6]/D
  -------------------------------------------------------------------    -------------------

                         (clock sys_clk_pin rise edge)
                                                      0.000     0.000 r  
    W5                                                0.000     0.000 r  clk (IN)
                         net (fo=0)                   0.000     0.000    clk
    W5                   IBUF (Prop_ibuf_I_O)         1.388     1.388 r  clk_IBUF_inst/O
                         net (fo=7, routed)           1.091     2.479    design_1_i/bcd_0/inst/clk_in
    SLICE_X65Y17         FDRE                                         r  design_1_i/bcd_0/inst/seg_buf_reg[6]/C

Slack:                    inf
  Source:                 sw[3]
                            (input port)
  Destination:            design_1_i/bcd_0/inst/seg_buf_reg[5]/D
                            (rising edge-triggered cell FDRE clocked by sys_clk_pin  {rise@0.000ns fall@5.000ns period=10.000ns})
  Path Group:             (none)
  Path Type:              Setup (Max at Slow Process Corner)
  Data Path Delay:        5.082ns  (logic 1.601ns (31.511%)  route 3.481ns (68.489%))
  Logic Levels:           2  (IBUF=1 LUT4=1)
  Clock Path Skew:        2.479ns (DCD - SCD + CPR)
    Destination Clock Delay (DCD):    2.479ns
    Source Clock Delay      (SCD):    0.000ns
    Clock Pessimism Removal (CPR):    0.000ns
  Clock Uncertainty:      0.025ns  ((TSJ^2 + TIJ^2)^1/2 + DJ) / 2 + PE
    Total System Jitter     (TSJ):    0.050ns
    Total Input Jitter      (TIJ):    0.000ns
    Discrete Jitter          (DJ):    0.000ns
    Phase Error              (PE):    0.000ns

    Location             Delay type                Incr(ns)  Path(ns)    Netlist Resource(s)
  -------------------------------------------------------------------    -------------------
    W17                                               0.000     0.000 r  sw[3] (IN)
                         net (fo=0)                   0.000     0.000    sw[3]
    W17                  IBUF (Prop_ibuf_I_O)         1.448     1.448 r  sw_IBUF[3]_inst/O
                         net (fo=7, routed)           3.481     4.929    design_1_i/bcd_0/inst/num[3]
    SLICE_X65Y17         LUT4 (Prop_lut4_I0_O)        0.153     5.082 r  design_1_i/bcd_0/inst/seg_buf[5]_i_1/O
                         net (fo=1, routed)           0.000     5.082    design_1_i/bcd_0/inst/seg_buf[5]
    SLICE_X65Y17         FDRE                                         r  design_1_i/bcd_0/inst/seg_buf_reg[5]/D
  -------------------------------------------------------------------    -------------------

                         (clock sys_clk_pin rise edge)
                                                      0.000     0.000 r  
    W5                                                0.000     0.000 r  clk (IN)
                         net (fo=0)                   0.000     0.000    clk
    W5                   IBUF (Prop_ibuf_I_O)         1.388     1.388 r  clk_IBUF_inst/O
                         net (fo=7, routed)           1.091     2.479    design_1_i/bcd_0/inst/clk_in
    SLICE_X65Y17         FDRE                                         r  design_1_i/bcd_0/inst/seg_buf_reg[5]/C

Slack:                    inf
  Source:                 sw[3]
                            (input port)
  Destination:            design_1_i/bcd_0/inst/seg_buf_reg[4]/D
                            (rising edge-triggered cell FDRE clocked by sys_clk_pin  {rise@0.000ns fall@5.000ns period=10.000ns})
  Path Group:             (none)
  Path Type:              Setup (Max at Slow Process Corner)
  Data Path Delay:        5.053ns  (logic 1.572ns (31.118%)  route 3.481ns (68.882%))
  Logic Levels:           2  (IBUF=1 LUT4=1)
  Clock Path Skew:        2.479ns (DCD - SCD + CPR)
    Destination Clock Delay (DCD):    2.479ns
    Source Clock Delay      (SCD):    0.000ns
    Clock Pessimism Removal (CPR):    0.000ns
  Clock Uncertainty:      0.025ns  ((TSJ^2 + TIJ^2)^1/2 + DJ) / 2 + PE
    Total System Jitter     (TSJ):    0.050ns
    Total Input Jitter      (TIJ):    0.000ns
    Discrete Jitter          (DJ):    0.000ns
    Phase Error              (PE):    0.000ns

    Location             Delay type                Incr(ns)  Path(ns)    Netlist Resource(s)
  -------------------------------------------------------------------    -------------------
    W17                                               0.000     0.000 f  sw[3] (IN)
                         net (fo=0)                   0.000     0.000    sw[3]
    W17                  IBUF (Prop_ibuf_I_O)         1.448     1.448 f  sw_IBUF[3]_inst/O
                         net (fo=7, routed)           3.481     4.929    design_1_i/bcd_0/inst/num[3]
    SLICE_X65Y17         LUT4 (Prop_lut4_I0_O)        0.124     5.053 r  design_1_i/bcd_0/inst/seg_buf[4]_i_1/O
                         net (fo=1, routed)           0.000     5.053    design_1_i/bcd_0/inst/seg_buf[4]
    SLICE_X65Y17         FDRE                                         r  design_1_i/bcd_0/inst/seg_buf_reg[4]/D
  -------------------------------------------------------------------    -------------------

                         (clock sys_clk_pin rise edge)
                                                      0.000     0.000 r  
    W5                                                0.000     0.000 r  clk (IN)
                         net (fo=0)                   0.000     0.000    clk
    W5                   IBUF (Prop_ibuf_I_O)         1.388     1.388 r  clk_IBUF_inst/O
                         net (fo=7, routed)           1.091     2.479    design_1_i/bcd_0/inst/clk_in
    SLICE_X65Y17         FDRE                                         r  design_1_i/bcd_0/inst/seg_buf_reg[4]/C

Slack:                    inf
  Source:                 sw[2]
                            (input port)
  Destination:            design_1_i/bcd_0/inst/seg_buf_reg[3]/D
                            (rising edge-triggered cell FDRE clocked by sys_clk_pin  {rise@0.000ns fall@5.000ns period=10.000ns})
  Path Group:             (none)
  Path Type:              Setup (Max at Slow Process Corner)
  Data Path Delay:        5.022ns  (logic 1.616ns (32.172%)  route 3.407ns (67.828%))
  Logic Levels:           2  (IBUF=1 LUT4=1)
  Clock Path Skew:        2.479ns (DCD - SCD + CPR)
    Destination Clock Delay (DCD):    2.479ns
    Source Clock Delay      (SCD):    0.000ns
    Clock Pessimism Removal (CPR):    0.000ns
  Clock Uncertainty:      0.025ns  ((TSJ^2 + TIJ^2)^1/2 + DJ) / 2 + PE
    Total System Jitter     (TSJ):    0.050ns
    Total Input Jitter      (TIJ):    0.000ns
    Discrete Jitter          (DJ):    0.000ns
    Phase Error              (PE):    0.000ns

    Location             Delay type                Incr(ns)  Path(ns)    Netlist Resource(s)
  -------------------------------------------------------------------    -------------------
    W16                                               0.000     0.000 r  sw[2] (IN)
                         net (fo=0)                   0.000     0.000    sw[2]
    W16                  IBUF (Prop_ibuf_I_O)         1.464     1.464 r  sw_IBUF[2]_inst/O
                         net (fo=7, routed)           3.407     4.870    design_1_i/bcd_0/inst/num[2]
    SLICE_X65Y17         LUT4 (Prop_lut4_I1_O)        0.152     5.022 r  design_1_i/bcd_0/inst/seg_buf[3]_i_1/O
                         net (fo=1, routed)           0.000     5.022    design_1_i/bcd_0/inst/seg_buf[3]
    SLICE_X65Y17         FDRE                                         r  design_1_i/bcd_0/inst/seg_buf_reg[3]/D
  -------------------------------------------------------------------    -------------------

                         (clock sys_clk_pin rise edge)
                                                      0.000     0.000 r  
    W5                                                0.000     0.000 r  clk (IN)
                         net (fo=0)                   0.000     0.000    clk
    W5                   IBUF (Prop_ibuf_I_O)         1.388     1.388 r  clk_IBUF_inst/O
                         net (fo=7, routed)           1.091     2.479    design_1_i/bcd_0/inst/clk_in
    SLICE_X65Y17         FDRE                                         r  design_1_i/bcd_0/inst/seg_buf_reg[3]/C

Slack:                    inf
  Source:                 sw[2]
                            (input port)
  Destination:            design_1_i/bcd_0/inst/seg_buf_reg[1]/D
                            (rising edge-triggered cell FDRE clocked by sys_clk_pin  {rise@0.000ns fall@5.000ns period=10.000ns})
  Path Group:             (none)
  Path Type:              Setup (Max at Slow Process Corner)
  Data Path Delay:        5.020ns  (logic 1.616ns (32.185%)  route 3.405ns (67.815%))
  Logic Levels:           2  (IBUF=1 LUT4=1)
  Clock Path Skew:        2.479ns (DCD - SCD + CPR)
    Destination Clock Delay (DCD):    2.479ns
    Source Clock Delay      (SCD):    0.000ns
    Clock Pessimism Removal (CPR):    0.000ns
  Clock Uncertainty:      0.025ns  ((TSJ^2 + TIJ^2)^1/2 + DJ) / 2 + PE
    Total System Jitter     (TSJ):    0.050ns
    Total Input Jitter      (TIJ):    0.000ns
    Discrete Jitter          (DJ):    0.000ns
    Phase Error              (PE):    0.000ns

    Location             Delay type                Incr(ns)  Path(ns)    Netlist Resource(s)
  -------------------------------------------------------------------    -------------------
    W16                                               0.000     0.000 r  sw[2] (IN)
                         net (fo=0)                   0.000     0.000    sw[2]
    W16                  IBUF (Prop_ibuf_I_O)         1.464     1.464 r  sw_IBUF[2]_inst/O
                         net (fo=7, routed)           3.405     4.868    design_1_i/bcd_0/inst/num[2]
    SLICE_X65Y17         LUT4 (Prop_lut4_I1_O)        0.152     5.020 r  design_1_i/bcd_0/inst/seg_buf[1]_i_1/O
                         net (fo=1, routed)           0.000     5.020    design_1_i/bcd_0/inst/seg_buf[1]
    SLICE_X65Y17         FDRE                                         r  design_1_i/bcd_0/inst/seg_buf_reg[1]/D
  -------------------------------------------------------------------    -------------------

                         (clock sys_clk_pin rise edge)
                                                      0.000     0.000 r  
    W5                                                0.000     0.000 r  clk (IN)
                         net (fo=0)                   0.000     0.000    clk
    W5                   IBUF (Prop_ibuf_I_O)         1.388     1.388 r  clk_IBUF_inst/O
                         net (fo=7, routed)           1.091     2.479    design_1_i/bcd_0/inst/clk_in
    SLICE_X65Y17         FDRE                                         r  design_1_i/bcd_0/inst/seg_buf_reg[1]/C

Slack:                    inf
  Source:                 sw[2]
                            (input port)
  Destination:            design_1_i/bcd_0/inst/seg_buf_reg[2]/D
                            (rising edge-triggered cell FDRE clocked by sys_clk_pin  {rise@0.000ns fall@5.000ns period=10.000ns})
  Path Group:             (none)
  Path Type:              Setup (Max at Slow Process Corner)
  Data Path Delay:        4.994ns  (logic 1.588ns (31.792%)  route 3.407ns (68.208%))
  Logic Levels:           2  (IBUF=1 LUT4=1)
  Clock Path Skew:        2.479ns (DCD - SCD + CPR)
    Destination Clock Delay (DCD):    2.479ns
    Source Clock Delay      (SCD):    0.000ns
    Clock Pessimism Removal (CPR):    0.000ns
  Clock Uncertainty:      0.025ns  ((TSJ^2 + TIJ^2)^1/2 + DJ) / 2 + PE
    Total System Jitter     (TSJ):    0.050ns
    Total Input Jitter      (TIJ):    0.000ns
    Discrete Jitter          (DJ):    0.000ns
    Phase Error              (PE):    0.000ns

    Location             Delay type                Incr(ns)  Path(ns)    Netlist Resource(s)
  -------------------------------------------------------------------    -------------------
    W16                                               0.000     0.000 r  sw[2] (IN)
                         net (fo=0)                   0.000     0.000    sw[2]
    W16                  IBUF (Prop_ibuf_I_O)         1.464     1.464 r  sw_IBUF[2]_inst/O
                         net (fo=7, routed)           3.407     4.870    design_1_i/bcd_0/inst/num[2]
    SLICE_X65Y17         LUT4 (Prop_lut4_I3_O)        0.124     4.994 r  design_1_i/bcd_0/inst/seg_buf[2]_i_1/O
                         net (fo=1, routed)           0.000     4.994    design_1_i/bcd_0/inst/seg_buf[2]
    SLICE_X65Y17         FDRE                                         r  design_1_i/bcd_0/inst/seg_buf_reg[2]/D
  -------------------------------------------------------------------    -------------------

                         (clock sys_clk_pin rise edge)
                                                      0.000     0.000 r  
    W5                                                0.000     0.000 r  clk (IN)
                         net (fo=0)                   0.000     0.000    clk
    W5                   IBUF (Prop_ibuf_I_O)         1.388     1.388 r  clk_IBUF_inst/O
                         net (fo=7, routed)           1.091     2.479    design_1_i/bcd_0/inst/clk_in
    SLICE_X65Y17         FDRE                                         r  design_1_i/bcd_0/inst/seg_buf_reg[2]/C

Slack:                    inf
  Source:                 sw[2]
                            (input port)
  Destination:            design_1_i/bcd_0/inst/seg_buf_reg[0]/D
                            (rising edge-triggered cell FDRE clocked by sys_clk_pin  {rise@0.000ns fall@5.000ns period=10.000ns})
  Path Group:             (none)
  Path Type:              Setup (Max at Slow Process Corner)
  Data Path Delay:        4.992ns  (logic 1.588ns (31.805%)  route 3.405ns (68.195%))
  Logic Levels:           2  (IBUF=1 LUT4=1)
  Clock Path Skew:        2.479ns (DCD - SCD + CPR)
    Destination Clock Delay (DCD):    2.479ns
    Source Clock Delay      (SCD):    0.000ns
    Clock Pessimism Removal (CPR):    0.000ns
  Clock Uncertainty:      0.025ns  ((TSJ^2 + TIJ^2)^1/2 + DJ) / 2 + PE
    Total System Jitter     (TSJ):    0.050ns
    Total Input Jitter      (TIJ):    0.000ns
    Discrete Jitter          (DJ):    0.000ns
    Phase Error              (PE):    0.000ns

    Location             Delay type                Incr(ns)  Path(ns)    Netlist Resource(s)
  -------------------------------------------------------------------    -------------------
    W16                                               0.000     0.000 r  sw[2] (IN)
                         net (fo=0)                   0.000     0.000    sw[2]
    W16                  IBUF (Prop_ibuf_I_O)         1.464     1.464 r  sw_IBUF[2]_inst/O
                         net (fo=7, routed)           3.405     4.868    design_1_i/bcd_0/inst/num[2]
    SLICE_X65Y17         LUT4 (Prop_lut4_I1_O)        0.124     4.992 r  design_1_i/bcd_0/inst/seg_buf[0]_i_1/O
                         net (fo=1, routed)           0.000     4.992    design_1_i/bcd_0/inst/seg_buf[0]
    SLICE_X65Y17         FDRE                                         r  design_1_i/bcd_0/inst/seg_buf_reg[0]/D
  -------------------------------------------------------------------    -------------------

                         (clock sys_clk_pin rise edge)
                                                      0.000     0.000 r  
    W5                                                0.000     0.000 r  clk (IN)
                         net (fo=0)                   0.000     0.000    clk
    W5                   IBUF (Prop_ibuf_I_O)         1.388     1.388 r  clk_IBUF_inst/O
                         net (fo=7, routed)           1.091     2.479    design_1_i/bcd_0/inst/clk_in
    SLICE_X65Y17         FDRE                                         r  design_1_i/bcd_0/inst/seg_buf_reg[0]/C





Min Delay Paths
--------------------------------------------------------------------------------------
Slack:                    inf
  Source:                 sw[0]
                            (input port)
  Destination:            design_1_i/bcd_0/inst/seg_buf_reg[6]/D
                            (rising edge-triggered cell FDRE clocked by sys_clk_pin  {rise@0.000ns fall@5.000ns period=10.000ns})
  Path Group:             (none)
  Path Type:              Hold (Min at Fast Process Corner)
  Data Path Delay:        1.636ns  (logic 0.266ns (16.254%)  route 1.370ns (83.746%))
  Logic Levels:           2  (IBUF=1 LUT4=1)
  Clock Path Skew:        1.047ns (DCD - SCD - CPR)
    Destination Clock Delay (DCD):    1.047ns
    Source Clock Delay      (SCD):    0.000ns
    Clock Pessimism Removal (CPR):    -0.000ns

    Location             Delay type                Incr(ns)  Path(ns)    Netlist Resource(s)
  -------------------------------------------------------------------    -------------------
    V17                                               0.000     0.000 r  sw[0] (IN)
                         net (fo=0)                   0.000     0.000    sw[0]
    V17                  IBUF (Prop_ibuf_I_O)         0.221     0.221 r  sw_IBUF[0]_inst/O
                         net (fo=7, routed)           1.370     1.591    design_1_i/bcd_0/inst/num[0]
    SLICE_X65Y17         LUT4 (Prop_lut4_I1_O)        0.045     1.636 r  design_1_i/bcd_0/inst/seg_buf[6]_i_1/O
                         net (fo=1, routed)           0.000     1.636    design_1_i/bcd_0/inst/seg_buf[6]
    SLICE_X65Y17         FDRE                                         r  design_1_i/bcd_0/inst/seg_buf_reg[6]/D
  -------------------------------------------------------------------    -------------------

                         (clock sys_clk_pin rise edge)
                                                      0.000     0.000 r  
    W5                                                0.000     0.000 r  clk (IN)
                         net (fo=0)                   0.000     0.000    clk
    W5                   IBUF (Prop_ibuf_I_O)         0.414     0.414 r  clk_IBUF_inst/O
                         net (fo=7, routed)           0.632     1.047    design_1_i/bcd_0/inst/clk_in
    SLICE_X65Y17         FDRE                                         r  design_1_i/bcd_0/inst/seg_buf_reg[6]/C

Slack:                    inf
  Source:                 sw[1]
                            (input port)
  Destination:            design_1_i/bcd_0/inst/seg_buf_reg[0]/D
                            (rising edge-triggered cell FDRE clocked by sys_clk_pin  {rise@0.000ns fall@5.000ns period=10.000ns})
  Path Group:             (none)
  Path Type:              Hold (Min at Fast Process Corner)
  Data Path Delay:        1.646ns  (logic 0.274ns (16.671%)  route 1.371ns (83.329%))
  Logic Levels:           2  (IBUF=1 LUT4=1)
  Clock Path Skew:        1.047ns (DCD - SCD - CPR)
    Destination Clock Delay (DCD):    1.047ns
    Source Clock Delay      (SCD):    0.000ns
    Clock Pessimism Removal (CPR):    -0.000ns

    Location             Delay type                Incr(ns)  Path(ns)    Netlist Resource(s)
  -------------------------------------------------------------------    -------------------
    V16                                               0.000     0.000 r  sw[1] (IN)
                         net (fo=0)                   0.000     0.000    sw[1]
    V16                  IBUF (Prop_ibuf_I_O)         0.229     0.229 r  sw_IBUF[1]_inst/O
                         net (fo=7, routed)           1.371     1.601    design_1_i/bcd_0/inst/num[1]
    SLICE_X65Y17         LUT4 (Prop_lut4_I3_O)        0.045     1.646 r  design_1_i/bcd_0/inst/seg_buf[0]_i_1/O
                         net (fo=1, routed)           0.000     1.646    design_1_i/bcd_0/inst/seg_buf[0]
    SLICE_X65Y17         FDRE                                         r  design_1_i/bcd_0/inst/seg_buf_reg[0]/D
  -------------------------------------------------------------------    -------------------

                         (clock sys_clk_pin rise edge)
                                                      0.000     0.000 r  
    W5                                                0.000     0.000 r  clk (IN)
                         net (fo=0)                   0.000     0.000    clk
    W5                   IBUF (Prop_ibuf_I_O)         0.414     0.414 r  clk_IBUF_inst/O
                         net (fo=7, routed)           0.632     1.047    design_1_i/bcd_0/inst/clk_in
    SLICE_X65Y17         FDRE                                         r  design_1_i/bcd_0/inst/seg_buf_reg[0]/C

Slack:                    inf
  Source:                 sw[1]
                            (input port)
  Destination:            design_1_i/bcd_0/inst/seg_buf_reg[1]/D
                            (rising edge-triggered cell FDRE clocked by sys_clk_pin  {rise@0.000ns fall@5.000ns period=10.000ns})
  Path Group:             (none)
  Path Type:              Hold (Min at Fast Process Corner)
  Data Path Delay:        1.649ns  (logic 0.277ns (16.823%)  route 1.371ns (83.177%))
  Logic Levels:           2  (IBUF=1 LUT4=1)
  Clock Path Skew:        1.047ns (DCD - SCD - CPR)
    Destination Clock Delay (DCD):    1.047ns
    Source Clock Delay      (SCD):    0.000ns
    Clock Pessimism Removal (CPR):    -0.000ns

    Location             Delay type                Incr(ns)  Path(ns)    Netlist Resource(s)
  -------------------------------------------------------------------    -------------------
    V16                                               0.000     0.000 r  sw[1] (IN)
                         net (fo=0)                   0.000     0.000    sw[1]
    V16                  IBUF (Prop_ibuf_I_O)         0.229     0.229 r  sw_IBUF[1]_inst/O
                         net (fo=7, routed)           1.371     1.601    design_1_i/bcd_0/inst/num[1]
    SLICE_X65Y17         LUT4 (Prop_lut4_I2_O)        0.048     1.649 r  design_1_i/bcd_0/inst/seg_buf[1]_i_1/O
                         net (fo=1, routed)           0.000     1.649    design_1_i/bcd_0/inst/seg_buf[1]
    SLICE_X65Y17         FDRE                                         r  design_1_i/bcd_0/inst/seg_buf_reg[1]/D
  -------------------------------------------------------------------    -------------------

                         (clock sys_clk_pin rise edge)
                                                      0.000     0.000 r  
    W5                                                0.000     0.000 r  clk (IN)
                         net (fo=0)                   0.000     0.000    clk
    W5                   IBUF (Prop_ibuf_I_O)         0.414     0.414 r  clk_IBUF_inst/O
                         net (fo=7, routed)           0.632     1.047    design_1_i/bcd_0/inst/clk_in
    SLICE_X65Y17         FDRE                                         r  design_1_i/bcd_0/inst/seg_buf_reg[1]/C

Slack:                    inf
  Source:                 sw[1]
                            (input port)
  Destination:            design_1_i/bcd_0/inst/seg_buf_reg[4]/D
                            (rising edge-triggered cell FDRE clocked by sys_clk_pin  {rise@0.000ns fall@5.000ns period=10.000ns})
  Path Group:             (none)
  Path Type:              Hold (Min at Fast Process Corner)
  Data Path Delay:        1.708ns  (logic 0.274ns (16.065%)  route 1.433ns (83.935%))
  Logic Levels:           2  (IBUF=1 LUT4=1)
  Clock Path Skew:        1.047ns (DCD - SCD - CPR)
    Destination Clock Delay (DCD):    1.047ns
    Source Clock Delay      (SCD):    0.000ns
    Clock Pessimism Removal (CPR):    -0.000ns

    Location             Delay type                Incr(ns)  Path(ns)    Netlist Resource(s)
  -------------------------------------------------------------------    -------------------
    V16                                               0.000     0.000 f  sw[1] (IN)
                         net (fo=0)                   0.000     0.000    sw[1]
    V16                  IBUF (Prop_ibuf_I_O)         0.229     0.229 f  sw_IBUF[1]_inst/O
                         net (fo=7, routed)           1.433     1.663    design_1_i/bcd_0/inst/num[1]
    SLICE_X65Y17         LUT4 (Prop_lut4_I1_O)        0.045     1.708 r  design_1_i/bcd_0/inst/seg_buf[4]_i_1/O
                         net (fo=1, routed)           0.000     1.708    design_1_i/bcd_0/inst/seg_buf[4]
    SLICE_X65Y17         FDRE                                         r  design_1_i/bcd_0/inst/seg_buf_reg[4]/D
  -------------------------------------------------------------------    -------------------

                         (clock sys_clk_pin rise edge)
                                                      0.000     0.000 r  
    W5                                                0.000     0.000 r  clk (IN)
                         net (fo=0)                   0.000     0.000    clk
    W5                   IBUF (Prop_ibuf_I_O)         0.414     0.414 r  clk_IBUF_inst/O
                         net (fo=7, routed)           0.632     1.047    design_1_i/bcd_0/inst/clk_in
    SLICE_X65Y17         FDRE                                         r  design_1_i/bcd_0/inst/seg_buf_reg[4]/C

Slack:                    inf
  Source:                 sw[1]
                            (input port)
  Destination:            design_1_i/bcd_0/inst/seg_buf_reg[5]/D
                            (rising edge-triggered cell FDRE clocked by sys_clk_pin  {rise@0.000ns fall@5.000ns period=10.000ns})
  Path Group:             (none)
  Path Type:              Hold (Min at Fast Process Corner)
  Data Path Delay:        1.714ns  (logic 0.280ns (16.359%)  route 1.433ns (83.641%))
  Logic Levels:           2  (IBUF=1 LUT4=1)
  Clock Path Skew:        1.047ns (DCD - SCD - CPR)
    Destination Clock Delay (DCD):    1.047ns
    Source Clock Delay      (SCD):    0.000ns
    Clock Pessimism Removal (CPR):    -0.000ns

    Location             Delay type                Incr(ns)  Path(ns)    Netlist Resource(s)
  -------------------------------------------------------------------    -------------------
    V16                                               0.000     0.000 r  sw[1] (IN)
                         net (fo=0)                   0.000     0.000    sw[1]
    V16                  IBUF (Prop_ibuf_I_O)         0.229     0.229 r  sw_IBUF[1]_inst/O
                         net (fo=7, routed)           1.433     1.663    design_1_i/bcd_0/inst/num[1]
    SLICE_X65Y17         LUT4 (Prop_lut4_I3_O)        0.051     1.714 r  design_1_i/bcd_0/inst/seg_buf[5]_i_1/O
                         net (fo=1, routed)           0.000     1.714    design_1_i/bcd_0/inst/seg_buf[5]
    SLICE_X65Y17         FDRE                                         r  design_1_i/bcd_0/inst/seg_buf_reg[5]/D
  -------------------------------------------------------------------    -------------------

                         (clock sys_clk_pin rise edge)
                                                      0.000     0.000 r  
    W5                                                0.000     0.000 r  clk (IN)
                         net (fo=0)                   0.000     0.000    clk
    W5                   IBUF (Prop_ibuf_I_O)         0.414     0.414 r  clk_IBUF_inst/O
                         net (fo=7, routed)           0.632     1.047    design_1_i/bcd_0/inst/clk_in
    SLICE_X65Y17         FDRE                                         r  design_1_i/bcd_0/inst/seg_buf_reg[5]/C

Slack:                    inf
  Source:                 sw[1]
                            (input port)
  Destination:            design_1_i/bcd_0/inst/seg_buf_reg[3]/D
                            (rising edge-triggered cell FDRE clocked by sys_clk_pin  {rise@0.000ns fall@5.000ns period=10.000ns})
  Path Group:             (none)
  Path Type:              Hold (Min at Fast Process Corner)
  Data Path Delay:        1.720ns  (logic 0.272ns (15.837%)  route 1.447ns (84.163%))
  Logic Levels:           2  (IBUF=1 LUT4=1)
  Clock Path Skew:        1.047ns (DCD - SCD - CPR)
    Destination Clock Delay (DCD):    1.047ns
    Source Clock Delay      (SCD):    0.000ns
    Clock Pessimism Removal (CPR):    -0.000ns

    Location             Delay type                Incr(ns)  Path(ns)    Netlist Resource(s)
  -------------------------------------------------------------------    -------------------
    V16                                               0.000     0.000 r  sw[1] (IN)
                         net (fo=0)                   0.000     0.000    sw[1]
    V16                  IBUF (Prop_ibuf_I_O)         0.229     0.229 r  sw_IBUF[1]_inst/O
                         net (fo=7, routed)           1.447     1.677    design_1_i/bcd_0/inst/num[1]
    SLICE_X65Y17         LUT4 (Prop_lut4_I3_O)        0.043     1.720 r  design_1_i/bcd_0/inst/seg_buf[3]_i_1/O
                         net (fo=1, routed)           0.000     1.720    design_1_i/bcd_0/inst/seg_buf[3]
    SLICE_X65Y17         FDRE                                         r  design_1_i/bcd_0/inst/seg_buf_reg[3]/D
  -------------------------------------------------------------------    -------------------

                         (clock sys_clk_pin rise edge)
                                                      0.000     0.000 r  
    W5                                                0.000     0.000 r  clk (IN)
                         net (fo=0)                   0.000     0.000    clk
    W5                   IBUF (Prop_ibuf_I_O)         0.414     0.414 r  clk_IBUF_inst/O
                         net (fo=7, routed)           0.632     1.047    design_1_i/bcd_0/inst/clk_in
    SLICE_X65Y17         FDRE                                         r  design_1_i/bcd_0/inst/seg_buf_reg[3]/C

Slack:                    inf
  Source:                 sw[1]
                            (input port)
  Destination:            design_1_i/bcd_0/inst/seg_buf_reg[2]/D
                            (rising edge-triggered cell FDRE clocked by sys_clk_pin  {rise@0.000ns fall@5.000ns period=10.000ns})
  Path Group:             (none)
  Path Type:              Hold (Min at Fast Process Corner)
  Data Path Delay:        1.722ns  (logic 0.274ns (15.935%)  route 1.447ns (84.065%))
  Logic Levels:           2  (IBUF=1 LUT4=1)
  Clock Path Skew:        1.047ns (DCD - SCD - CPR)
    Destination Clock Delay (DCD):    1.047ns
    Source Clock Delay      (SCD):    0.000ns
    Clock Pessimism Removal (CPR):    -0.000ns

    Location             Delay type                Incr(ns)  Path(ns)    Netlist Resource(s)
  -------------------------------------------------------------------    -------------------
    V16                                               0.000     0.000 r  sw[1] (IN)
                         net (fo=0)                   0.000     0.000    sw[1]
    V16                  IBUF (Prop_ibuf_I_O)         0.229     0.229 r  sw_IBUF[1]_inst/O
                         net (fo=7, routed)           1.447     1.677    design_1_i/bcd_0/inst/num[1]
    SLICE_X65Y17         LUT4 (Prop_lut4_I2_O)        0.045     1.722 r  design_1_i/bcd_0/inst/seg_buf[2]_i_1/O
                         net (fo=1, routed)           0.000     1.722    design_1_i/bcd_0/inst/seg_buf[2]
    SLICE_X65Y17         FDRE                                         r  design_1_i/bcd_0/inst/seg_buf_reg[2]/D
  -------------------------------------------------------------------    -------------------

                         (clock sys_clk_pin rise edge)
                                                      0.000     0.000 r  
    W5                                                0.000     0.000 r  clk (IN)
                         net (fo=0)                   0.000     0.000    clk
    W5                   IBUF (Prop_ibuf_I_O)         0.414     0.414 r  clk_IBUF_inst/O
                         net (fo=7, routed)           0.632     1.047    design_1_i/bcd_0/inst/clk_in
    SLICE_X65Y17         FDRE                                         r  design_1_i/bcd_0/inst/seg_buf_reg[2]/C





