Copyright 1986-2022 Xilinx, Inc. All Rights Reserved. Copyright 2022-2024 Advanced Micro Devices, Inc. All Rights Reserved.
---------------------------------------------------------------------------------------------------------------------------------------------
| Tool Version : Vivado v.2024.2 (win64) Build 5239630 Fri Nov 08 22:35:27 MST 2024
| Date         : Tue Mar  3 19:04:53 2026
| Host         : RYANSUNDERMA8F8 running 64-bit major release  (build 9200)
| Command      : report_control_sets -verbose -file design_1_wrapper_control_sets_placed.rpt
| Design       : design_1_wrapper
| Device       : xc7z020
---------------------------------------------------------------------------------------------------------------------------------------------

Control Set Information

Table of Contents
-----------------
1. Summary
2. Histogram
3. Flip-Flop Distribution
4. Detailed Control Set Information

1. Summary
----------

+----------------------------------------------------------+-------+
|                          Status                          | Count |
+----------------------------------------------------------+-------+
| Total control sets                                       |   123 |
|    Minimum number of control sets                        |   123 |
|    Addition due to synthesis replication                 |     0 |
|    Addition due to physical synthesis replication        |     0 |
| Unused register locations in slices containing registers |   180 |
+----------------------------------------------------------+-------+
* Control sets can be merged at opt_design using control_set_merge or merge_equivalent_drivers
** Run report_qor_suggestions for automated merging and remapping suggestions


2. Histogram
------------

+--------------------+-------+
|       Fanout       | Count |
+--------------------+-------+
| Total control sets |   123 |
| >= 0 to < 4        |    14 |
| >= 4 to < 6        |     6 |
| >= 6 to < 8        |     2 |
| >= 8 to < 10       |    71 |
| >= 10 to < 12      |     0 |
| >= 12 to < 14      |     4 |
| >= 14 to < 16      |     0 |
| >= 16              |    26 |
+--------------------+-------+
* Control sets can be remapped at either synth_design or opt_design


3. Flip-Flop Distribution
-------------------------

+--------------+-----------------------+------------------------+-----------------+--------------+
| Clock Enable | Synchronous Set/Reset | Asynchronous Set/Reset | Total Registers | Total Slices |
+--------------+-----------------------+------------------------+-----------------+--------------+
| No           | No                    | No                     |             122 |           63 |
| No           | No                    | Yes                    |              27 |            9 |
| No           | Yes                   | No                     |             575 |          157 |
| Yes          | No                    | No                     |             192 |           83 |
| Yes          | No                    | Yes                    |               0 |            0 |
| Yes          | Yes                   | No                     |             640 |          286 |
+--------------+-----------------------+------------------------+-----------------+--------------+


4. Detailed Control Set Information
-----------------------------------

+-------------------------------------------------+--------------------------------------------------------------------------------------------------------------------------------------------------------------------------+-----------------------------------------------------------------------------------------------------------------------------+------------------+----------------+--------------+
|                   Clock Signal                  |                                                                               Enable Signal                                                                              |                                                       Set/Reset Signal                                                      | Slice Load Count | Bel Load Count | Bels / Slice |
+-------------------------------------------------+--------------------------------------------------------------------------------------------------------------------------------------------------------------------------+-----------------------------------------------------------------------------------------------------------------------------+------------------+----------------+--------------+
|  design_1_i/processing_system7_0/inst/FCLK_CLK0 |                                                                                                                                                                          | design_1_i/smartconnect_0/inst/s00_nodes/s00_b_node/inst/s_sc_areset_pipe                                                   |                1 |              1 |         1.00 |
|  design_1_i/processing_system7_0/inst/FCLK_CLK0 |                                                                                                                                                                          | design_1_i/smartconnect_0/inst/s00_nodes/s00_ar_node/inst/s_sc_areset_pipe                                                  |                1 |              1 |         1.00 |
|  design_1_i/processing_system7_0/inst/FCLK_CLK0 |                                                                                                                                                                          | design_1_i/smartconnect_0/inst/s00_nodes/s00_aw_node/inst/s_sc_areset_pipe                                                  |                1 |              1 |         1.00 |
|  design_1_i/processing_system7_0/inst/FCLK_CLK0 |                                                                                                                                                                          | design_1_i/smartconnect_0/inst/s00_nodes/s00_r_node/inst/s_sc_areset_pipe                                                   |                1 |              1 |         1.00 |
|  design_1_i/processing_system7_0/inst/FCLK_CLK0 |                                                                                                                                                                          | design_1_i/smartconnect_0/inst/s00_nodes/s00_w_node/inst/s_sc_areset_pipe                                                   |                1 |              1 |         1.00 |
|  design_1_i/processing_system7_0/inst/FCLK_CLK0 |                                                                                                                                                                          | design_1_i/smartconnect_0/inst/m00_exit_pipeline/m00_exit/inst/xpm_cdc_async_rst_inst/reset_pol                             |                1 |              3 |         3.00 |
|  design_1_i/processing_system7_0/inst/FCLK_CLK0 |                                                                                                                                                                          | design_1_i/smartconnect_0/inst/s00_entry_pipeline/s00_si_converter/inst/xpm_cdc_async_rst_inst/reset_pol                    |                1 |              3 |         3.00 |
|  design_1_i/processing_system7_0/inst/FCLK_CLK0 |                                                                                                                                                                          | design_1_i/smartconnect_0/inst/s00_nodes/s00_ar_node/inst/s_sc_xpm_cdc_async_rst_inst/reset_pol                             |                1 |              3 |         3.00 |
|  design_1_i/processing_system7_0/inst/FCLK_CLK0 |                                                                                                                                                                          | design_1_i/smartconnect_0/inst/s00_nodes/s00_aw_node/inst/s_sc_xpm_cdc_async_rst_inst/reset_pol                             |                1 |              3 |         3.00 |
|  design_1_i/processing_system7_0/inst/FCLK_CLK0 |                                                                                                                                                                          | design_1_i/smartconnect_0/inst/s00_entry_pipeline/s00_mmu/inst/xpm_cdc_async_rst_inst/reset_pol                             |                1 |              3 |         3.00 |
|  design_1_i/processing_system7_0/inst/FCLK_CLK0 |                                                                                                                                                                          | design_1_i/smartconnect_0/inst/s00_nodes/s00_b_node/inst/s_sc_xpm_cdc_async_rst_inst/reset_pol                              |                1 |              3 |         3.00 |
|  design_1_i/processing_system7_0/inst/FCLK_CLK0 |                                                                                                                                                                          | design_1_i/smartconnect_0/inst/s00_nodes/s00_r_node/inst/s_sc_xpm_cdc_async_rst_inst/reset_pol                              |                1 |              3 |         3.00 |
|  design_1_i/processing_system7_0/inst/FCLK_CLK0 |                                                                                                                                                                          | design_1_i/smartconnect_0/inst/s00_nodes/s00_w_node/inst/s_sc_xpm_cdc_async_rst_inst/reset_pol                              |                1 |              3 |         3.00 |
|  design_1_i/processing_system7_0/inst/FCLK_CLK0 |                                                                                                                                                                          | design_1_i/smartconnect_0/inst/s00_entry_pipeline/s00_transaction_regulator/inst/xpm_cdc_async_rst_inst/reset_pol           |                1 |              3 |         3.00 |
|  design_1_i/processing_system7_0/inst/FCLK_CLK0 | design_1_i/axi_pwm_2x8_0/inst/axi_pwm_2x8_slave_lite_v1_0_S00_AXI_inst/axi_araddr[5]_i_1_n_0                                                                             |                                                                                                                             |                1 |              4 |         4.00 |
|  design_1_i/processing_system7_0/inst/FCLK_CLK0 | design_1_i/axi_pwm_2x8_0/inst/axi_pwm_2x8_slave_lite_v1_0_S00_AXI_inst/axi_awaddr                                                                                        | design_1_i/util_vector_logic_0/Res[0]                                                                                       |                2 |              4 |         2.00 |
|  design_1_i/processing_system7_0/inst/FCLK_CLK0 | design_1_i/smartconnect_0/inst/s00_nodes/s00_aw_node/inst/inst_mi_handler/gen_normal_area.inst_fifo_node_payld/gen_reg_fifo.inst_reg_fifo/gen_single_rank.inst_cntr/E[0] |                                                                                                                             |                1 |              4 |         4.00 |
|  design_1_i/processing_system7_0/inst/FCLK_CLK0 | design_1_i/smartconnect_0/inst/s00_nodes/s00_ar_node/inst/inst_mi_handler/gen_normal_area.inst_fifo_node_payld/gen_reg_fifo.inst_reg_fifo/gen_single_rank.inst_cntr/E[0] |                                                                                                                             |                2 |              4 |         2.00 |
|  design_1_i/processing_system7_0/inst/FCLK_CLK0 | design_1_i/smartconnect_0/inst/s00_entry_pipeline/s00_si_converter/inst/gen_axilite_conv.axilite_conv_inst/ar_addr_d[5]_i_1_n_0                                          | design_1_i/smartconnect_0/inst/s00_entry_pipeline/s00_si_converter/inst/areset                                              |                1 |              4 |         4.00 |
|  design_1_i/processing_system7_0/inst/FCLK_CLK0 |                                                                                                                                                                          | design_1_i/smartconnect_0/inst/clk_map/psr_aclk/U0/EXT_LPF/lpf_int                                                          |                3 |              4 |         1.33 |
|  design_1_i/processing_system7_0/inst/FCLK_CLK0 | design_1_i/smartconnect_0/inst/clk_map/psr_aclk/U0/SEQ/seq_cnt_en                                                                                                        | design_1_i/smartconnect_0/inst/clk_map/psr_aclk/U0/SEQ/SEQ_COUNTER/clear                                                    |                1 |              6 |         6.00 |
|  design_1_i/processing_system7_0/inst/FCLK_CLK0 | design_1_i/smartconnect_0/inst/s00_entry_pipeline/s00_si_converter/inst/gen_axilite_conv.axilite_conv_inst/aw_addr[5]_i_1_n_0                                            | design_1_i/smartconnect_0/inst/s00_entry_pipeline/s00_si_converter/inst/areset                                              |                2 |              6 |         3.00 |
|  design_1_i/processing_system7_0/inst/FCLK_CLK0 | design_1_i/axi_pwm_2x8_0/inst/axi_pwm_2x8_slave_lite_v1_0_S00_AXI_inst/slv_reg11[7]_i_1_n_0                                                                              | design_1_i/util_vector_logic_0/Res[0]                                                                                       |                3 |              8 |         2.67 |
|  design_1_i/processing_system7_0/inst/FCLK_CLK0 | design_1_i/axi_pwm_2x8_0/inst/axi_pwm_2x8_slave_lite_v1_0_S00_AXI_inst/slv_reg13[15]_i_1_n_0                                                                             | design_1_i/util_vector_logic_0/Res[0]                                                                                       |                4 |              8 |         2.00 |
|  design_1_i/processing_system7_0/inst/FCLK_CLK0 | design_1_i/axi_pwm_2x8_0/inst/axi_pwm_2x8_slave_lite_v1_0_S00_AXI_inst/slv_reg14[23]_i_1_n_0                                                                             | design_1_i/util_vector_logic_0/Res[0]                                                                                       |                4 |              8 |         2.00 |
|  design_1_i/processing_system7_0/inst/FCLK_CLK0 | design_1_i/axi_pwm_2x8_0/inst/axi_pwm_2x8_slave_lite_v1_0_S00_AXI_inst/slv_reg15[15]_i_1_n_0                                                                             | design_1_i/util_vector_logic_0/Res[0]                                                                                       |                3 |              8 |         2.67 |
|  design_1_i/processing_system7_0/inst/FCLK_CLK0 | design_1_i/axi_pwm_2x8_0/inst/axi_pwm_2x8_slave_lite_v1_0_S00_AXI_inst/slv_reg15[23]_i_1_n_0                                                                             | design_1_i/util_vector_logic_0/Res[0]                                                                                       |                5 |              8 |         1.60 |
|  design_1_i/processing_system7_0/inst/FCLK_CLK0 | design_1_i/axi_pwm_2x8_0/inst/axi_pwm_2x8_slave_lite_v1_0_S00_AXI_inst/slv_reg15[31]_i_1_n_0                                                                             | design_1_i/util_vector_logic_0/Res[0]                                                                                       |                5 |              8 |         1.60 |
|  design_1_i/processing_system7_0/inst/FCLK_CLK0 | design_1_i/axi_pwm_2x8_0/inst/axi_pwm_2x8_slave_lite_v1_0_S00_AXI_inst/slv_reg15[7]_i_1_n_0                                                                              | design_1_i/util_vector_logic_0/Res[0]                                                                                       |                5 |              8 |         1.60 |
|  design_1_i/processing_system7_0/inst/FCLK_CLK0 | design_1_i/axi_pwm_2x8_0/inst/axi_pwm_2x8_slave_lite_v1_0_S00_AXI_inst/slv_reg12[23]_i_1_n_0                                                                             | design_1_i/util_vector_logic_0/Res[0]                                                                                       |                3 |              8 |         2.67 |
|  design_1_i/processing_system7_0/inst/FCLK_CLK0 | design_1_i/axi_pwm_2x8_0/inst/axi_pwm_2x8_slave_lite_v1_0_S00_AXI_inst/slv_reg12[7]_i_1_n_0                                                                              | design_1_i/util_vector_logic_0/Res[0]                                                                                       |                3 |              8 |         2.67 |
|  design_1_i/processing_system7_0/inst/FCLK_CLK0 | design_1_i/axi_pwm_2x8_0/inst/axi_pwm_2x8_slave_lite_v1_0_S00_AXI_inst/slv_reg14[7]_i_1_n_0                                                                              | design_1_i/util_vector_logic_0/Res[0]                                                                                       |                3 |              8 |         2.67 |
|  design_1_i/processing_system7_0/inst/FCLK_CLK0 | design_1_i/axi_pwm_2x8_0/inst/axi_pwm_2x8_slave_lite_v1_0_S00_AXI_inst/slv_reg12[15]_i_1_n_0                                                                             | design_1_i/util_vector_logic_0/Res[0]                                                                                       |                4 |              8 |         2.00 |
|  design_1_i/processing_system7_0/inst/FCLK_CLK0 | design_1_i/axi_pwm_2x8_0/inst/axi_pwm_2x8_slave_lite_v1_0_S00_AXI_inst/slv_reg12[31]_i_1_n_0                                                                             | design_1_i/util_vector_logic_0/Res[0]                                                                                       |                6 |              8 |         1.33 |
|  design_1_i/processing_system7_0/inst/FCLK_CLK0 | design_1_i/smartconnect_0/inst/s00_entry_pipeline/s00_si_converter/inst/gen_axilite_conv.axilite_conv_inst/r_beats[7]_i_1_n_0                                            | design_1_i/smartconnect_0/inst/s00_entry_pipeline/s00_si_converter/inst/areset                                              |                2 |              8 |         4.00 |
|  design_1_i/processing_system7_0/inst/FCLK_CLK0 | design_1_i/axi_pwm_2x8_0/inst/axi_pwm_2x8_slave_lite_v1_0_S00_AXI_inst/slv_reg4[15]_i_1_n_0                                                                              | design_1_i/util_vector_logic_0/Res[0]                                                                                       |                4 |              8 |         2.00 |
|  design_1_i/processing_system7_0/inst/FCLK_CLK0 | design_1_i/axi_pwm_2x8_0/inst/axi_pwm_2x8_slave_lite_v1_0_S00_AXI_inst/slv_reg5[7]_i_1_n_0                                                                               | design_1_i/util_vector_logic_0/Res[0]                                                                                       |                3 |              8 |         2.67 |
|  design_1_i/processing_system7_0/inst/FCLK_CLK0 | design_1_i/axi_pwm_2x8_0/inst/axi_pwm_2x8_slave_lite_v1_0_S00_AXI_inst/slv_reg1[15]_i_1_n_0                                                                              | design_1_i/util_vector_logic_0/Res[0]                                                                                       |                4 |              8 |         2.00 |
|  design_1_i/processing_system7_0/inst/FCLK_CLK0 | design_1_i/axi_pwm_2x8_0/inst/axi_pwm_2x8_slave_lite_v1_0_S00_AXI_inst/slv_reg2[7]_i_1_n_0                                                                               | design_1_i/util_vector_logic_0/Res[0]                                                                                       |                4 |              8 |         2.00 |
|  design_1_i/processing_system7_0/inst/FCLK_CLK0 | design_1_i/axi_pwm_2x8_0/inst/axi_pwm_2x8_slave_lite_v1_0_S00_AXI_inst/slv_reg3[31]_i_1_n_0                                                                              | design_1_i/util_vector_logic_0/Res[0]                                                                                       |                4 |              8 |         2.00 |
|  design_1_i/processing_system7_0/inst/FCLK_CLK0 | design_1_i/axi_pwm_2x8_0/inst/axi_pwm_2x8_slave_lite_v1_0_S00_AXI_inst/slv_reg6[23]_i_1_n_0                                                                              | design_1_i/util_vector_logic_0/Res[0]                                                                                       |                4 |              8 |         2.00 |
|  design_1_i/processing_system7_0/inst/FCLK_CLK0 | design_1_i/axi_pwm_2x8_0/inst/axi_pwm_2x8_slave_lite_v1_0_S00_AXI_inst/slv_reg8[15]_i_1_n_0                                                                              | design_1_i/util_vector_logic_0/Res[0]                                                                                       |                4 |              8 |         2.00 |
|  design_1_i/processing_system7_0/inst/FCLK_CLK0 | design_1_i/axi_pwm_2x8_0/inst/axi_pwm_2x8_slave_lite_v1_0_S00_AXI_inst/slv_reg6[31]_i_1_n_0                                                                              | design_1_i/util_vector_logic_0/Res[0]                                                                                       |                4 |              8 |         2.00 |
|  design_1_i/processing_system7_0/inst/FCLK_CLK0 | design_1_i/axi_pwm_2x8_0/inst/axi_pwm_2x8_slave_lite_v1_0_S00_AXI_inst/slv_reg2[31]_i_1_n_0                                                                              | design_1_i/util_vector_logic_0/Res[0]                                                                                       |                5 |              8 |         1.60 |
|  design_1_i/processing_system7_0/inst/FCLK_CLK0 | design_1_i/axi_pwm_2x8_0/inst/axi_pwm_2x8_slave_lite_v1_0_S00_AXI_inst/slv_reg8[7]_i_1_n_0                                                                               | design_1_i/util_vector_logic_0/Res[0]                                                                                       |                3 |              8 |         2.67 |
|  design_1_i/processing_system7_0/inst/FCLK_CLK0 | design_1_i/axi_pwm_2x8_0/inst/axi_pwm_2x8_slave_lite_v1_0_S00_AXI_inst/slv_reg3[15]_i_1_n_0                                                                              | design_1_i/util_vector_logic_0/Res[0]                                                                                       |                4 |              8 |         2.00 |
|  design_1_i/processing_system7_0/inst/FCLK_CLK0 | design_1_i/axi_pwm_2x8_0/inst/axi_pwm_2x8_slave_lite_v1_0_S00_AXI_inst/p_1_in[7]                                                                                         | design_1_i/util_vector_logic_0/Res[0]                                                                                       |                4 |              8 |         2.00 |
|  design_1_i/processing_system7_0/inst/FCLK_CLK0 | design_1_i/axi_pwm_2x8_0/inst/axi_pwm_2x8_slave_lite_v1_0_S00_AXI_inst/slv_reg6[15]_i_1_n_0                                                                              | design_1_i/util_vector_logic_0/Res[0]                                                                                       |                4 |              8 |         2.00 |
|  design_1_i/processing_system7_0/inst/FCLK_CLK0 | design_1_i/axi_pwm_2x8_0/inst/axi_pwm_2x8_slave_lite_v1_0_S00_AXI_inst/slv_reg4[23]_i_1_n_0                                                                              | design_1_i/util_vector_logic_0/Res[0]                                                                                       |                3 |              8 |         2.67 |
|  design_1_i/processing_system7_0/inst/FCLK_CLK0 | design_1_i/axi_pwm_2x8_0/inst/axi_pwm_2x8_slave_lite_v1_0_S00_AXI_inst/slv_reg3[7]_i_1_n_0                                                                               | design_1_i/util_vector_logic_0/Res[0]                                                                                       |                3 |              8 |         2.67 |
|  design_1_i/processing_system7_0/inst/FCLK_CLK0 | design_1_i/axi_pwm_2x8_0/inst/axi_pwm_2x8_slave_lite_v1_0_S00_AXI_inst/slv_reg6[7]_i_1_n_0                                                                               | design_1_i/util_vector_logic_0/Res[0]                                                                                       |                4 |              8 |         2.00 |
|  design_1_i/processing_system7_0/inst/FCLK_CLK0 | design_1_i/axi_pwm_2x8_0/inst/axi_pwm_2x8_slave_lite_v1_0_S00_AXI_inst/slv_reg7[31]_i_1_n_0                                                                              | design_1_i/util_vector_logic_0/Res[0]                                                                                       |                5 |              8 |         1.60 |
|  design_1_i/processing_system7_0/inst/FCLK_CLK0 | design_1_i/axi_pwm_2x8_0/inst/axi_pwm_2x8_slave_lite_v1_0_S00_AXI_inst/slv_reg8[23]_i_1_n_0                                                                              | design_1_i/util_vector_logic_0/Res[0]                                                                                       |                4 |              8 |         2.00 |
|  design_1_i/processing_system7_0/inst/FCLK_CLK0 | design_1_i/axi_pwm_2x8_0/inst/axi_pwm_2x8_slave_lite_v1_0_S00_AXI_inst/slv_reg9[23]_i_1_n_0                                                                              | design_1_i/util_vector_logic_0/Res[0]                                                                                       |                5 |              8 |         1.60 |
|  design_1_i/processing_system7_0/inst/FCLK_CLK0 | design_1_i/axi_pwm_2x8_0/inst/axi_pwm_2x8_slave_lite_v1_0_S00_AXI_inst/slv_reg7[7]_i_1_n_0                                                                               | design_1_i/util_vector_logic_0/Res[0]                                                                                       |                3 |              8 |         2.67 |
|  design_1_i/processing_system7_0/inst/FCLK_CLK0 | design_1_i/axi_pwm_2x8_0/inst/axi_pwm_2x8_slave_lite_v1_0_S00_AXI_inst/slv_reg9[7]_i_1_n_0                                                                               | design_1_i/util_vector_logic_0/Res[0]                                                                                       |                5 |              8 |         1.60 |
|  design_1_i/processing_system7_0/inst/FCLK_CLK0 | design_1_i/axi_pwm_2x8_0/inst/axi_pwm_2x8_slave_lite_v1_0_S00_AXI_inst/slv_reg8[31]_i_1_n_0                                                                              | design_1_i/util_vector_logic_0/Res[0]                                                                                       |                5 |              8 |         1.60 |
|  design_1_i/processing_system7_0/inst/FCLK_CLK0 | design_1_i/axi_pwm_2x8_0/inst/axi_pwm_2x8_slave_lite_v1_0_S00_AXI_inst/slv_reg9[15]_i_1_n_0                                                                              | design_1_i/util_vector_logic_0/Res[0]                                                                                       |                4 |              8 |         2.00 |
|  design_1_i/processing_system7_0/inst/FCLK_CLK0 | design_1_i/axi_pwm_2x8_0/inst/axi_pwm_2x8_slave_lite_v1_0_S00_AXI_inst/slv_reg2[15]_i_1_n_0                                                                              | design_1_i/util_vector_logic_0/Res[0]                                                                                       |                4 |              8 |         2.00 |
|  design_1_i/processing_system7_0/inst/FCLK_CLK0 | design_1_i/axi_pwm_2x8_0/inst/axi_pwm_2x8_slave_lite_v1_0_S00_AXI_inst/slv_reg2[23]_i_1_n_0                                                                              | design_1_i/util_vector_logic_0/Res[0]                                                                                       |                4 |              8 |         2.00 |
|  design_1_i/processing_system7_0/inst/FCLK_CLK0 | design_1_i/axi_pwm_2x8_0/inst/axi_pwm_2x8_slave_lite_v1_0_S00_AXI_inst/slv_reg4[31]_i_1_n_0                                                                              | design_1_i/util_vector_logic_0/Res[0]                                                                                       |                3 |              8 |         2.67 |
|  design_1_i/processing_system7_0/inst/FCLK_CLK0 | design_1_i/smartconnect_0/inst/s00_entry_pipeline/s00_mmu/inst/gen_endpoint.decerr_slave_inst/gen_axi.gen_read.read_cnt[7]_i_1_n_0                                       | design_1_i/smartconnect_0/inst/s00_entry_pipeline/s00_mmu/inst/areset                                                       |                2 |              8 |         4.00 |
|  design_1_i/processing_system7_0/inst/FCLK_CLK0 | design_1_i/axi_pwm_2x8_0/inst/axi_pwm_2x8_slave_lite_v1_0_S00_AXI_inst/slv_reg9[31]_i_1_n_0                                                                              | design_1_i/util_vector_logic_0/Res[0]                                                                                       |                4 |              8 |         2.00 |
|  design_1_i/processing_system7_0/inst/FCLK_CLK0 | design_1_i/axi_pwm_2x8_0/inst/axi_pwm_2x8_slave_lite_v1_0_S00_AXI_inst/slv_reg1[7]_i_1_n_0                                                                               | design_1_i/util_vector_logic_0/Res[0]                                                                                       |                4 |              8 |         2.00 |
|  design_1_i/processing_system7_0/inst/FCLK_CLK0 | design_1_i/axi_pwm_2x8_0/inst/axi_pwm_2x8_slave_lite_v1_0_S00_AXI_inst/slv_reg5[23]_i_1_n_0                                                                              | design_1_i/util_vector_logic_0/Res[0]                                                                                       |                3 |              8 |         2.67 |
|  design_1_i/processing_system7_0/inst/FCLK_CLK0 | design_1_i/axi_pwm_2x8_0/inst/axi_pwm_2x8_slave_lite_v1_0_S00_AXI_inst/slv_reg1[23]_i_1_n_0                                                                              | design_1_i/util_vector_logic_0/Res[0]                                                                                       |                3 |              8 |         2.67 |
|  design_1_i/processing_system7_0/inst/FCLK_CLK0 | design_1_i/axi_pwm_2x8_0/inst/axi_pwm_2x8_slave_lite_v1_0_S00_AXI_inst/slv_reg4[7]_i_1_n_0                                                                               | design_1_i/util_vector_logic_0/Res[0]                                                                                       |                3 |              8 |         2.67 |
|  design_1_i/processing_system7_0/inst/FCLK_CLK0 | design_1_i/axi_pwm_2x8_0/inst/axi_pwm_2x8_slave_lite_v1_0_S00_AXI_inst/slv_reg5[31]_i_1_n_0                                                                              | design_1_i/util_vector_logic_0/Res[0]                                                                                       |                3 |              8 |         2.67 |
|  design_1_i/processing_system7_0/inst/FCLK_CLK0 | design_1_i/axi_pwm_2x8_0/inst/axi_pwm_2x8_slave_lite_v1_0_S00_AXI_inst/slv_reg7[23]_i_1_n_0                                                                              | design_1_i/util_vector_logic_0/Res[0]                                                                                       |                4 |              8 |         2.00 |
|  design_1_i/processing_system7_0/inst/FCLK_CLK0 | design_1_i/axi_pwm_2x8_0/inst/axi_pwm_2x8_slave_lite_v1_0_S00_AXI_inst/slv_reg1[31]_i_1_n_0                                                                              | design_1_i/util_vector_logic_0/Res[0]                                                                                       |                4 |              8 |         2.00 |
|  design_1_i/processing_system7_0/inst/FCLK_CLK0 | design_1_i/axi_pwm_2x8_0/inst/axi_pwm_2x8_slave_lite_v1_0_S00_AXI_inst/slv_reg5[15]_i_1_n_0                                                                              | design_1_i/util_vector_logic_0/Res[0]                                                                                       |                4 |              8 |         2.00 |
|  design_1_i/processing_system7_0/inst/FCLK_CLK0 | design_1_i/axi_pwm_2x8_0/inst/axi_pwm_2x8_slave_lite_v1_0_S00_AXI_inst/slv_reg3[23]_i_1_n_0                                                                              | design_1_i/util_vector_logic_0/Res[0]                                                                                       |                4 |              8 |         2.00 |
|  design_1_i/processing_system7_0/inst/FCLK_CLK0 | design_1_i/axi_pwm_2x8_0/inst/axi_pwm_2x8_slave_lite_v1_0_S00_AXI_inst/p_1_in[31]                                                                                        | design_1_i/util_vector_logic_0/Res[0]                                                                                       |                6 |              8 |         1.33 |
|  design_1_i/processing_system7_0/inst/FCLK_CLK0 | design_1_i/axi_pwm_2x8_0/inst/axi_pwm_2x8_slave_lite_v1_0_S00_AXI_inst/p_1_in[15]                                                                                        | design_1_i/util_vector_logic_0/Res[0]                                                                                       |                4 |              8 |         2.00 |
|  design_1_i/processing_system7_0/inst/FCLK_CLK0 | design_1_i/axi_pwm_2x8_0/inst/axi_pwm_2x8_slave_lite_v1_0_S00_AXI_inst/p_1_in[23]                                                                                        | design_1_i/util_vector_logic_0/Res[0]                                                                                       |                2 |              8 |         4.00 |
|  design_1_i/processing_system7_0/inst/FCLK_CLK0 | design_1_i/axi_pwm_2x8_0/inst/axi_pwm_2x8_slave_lite_v1_0_S00_AXI_inst/slv_reg7[15]_i_1_n_0                                                                              | design_1_i/util_vector_logic_0/Res[0]                                                                                       |                3 |              8 |         2.67 |
|  design_1_i/processing_system7_0/inst/FCLK_CLK0 | design_1_i/axi_pwm_2x8_0/inst/axi_pwm_2x8_slave_lite_v1_0_S00_AXI_inst/slv_reg10[15]_i_1_n_0                                                                             | design_1_i/util_vector_logic_0/Res[0]                                                                                       |                4 |              8 |         2.00 |
|  design_1_i/processing_system7_0/inst/FCLK_CLK0 | design_1_i/axi_pwm_2x8_0/inst/axi_pwm_2x8_slave_lite_v1_0_S00_AXI_inst/slv_reg10[23]_i_1_n_0                                                                             | design_1_i/util_vector_logic_0/Res[0]                                                                                       |                4 |              8 |         2.00 |
|  design_1_i/processing_system7_0/inst/FCLK_CLK0 | design_1_i/axi_pwm_2x8_0/inst/axi_pwm_2x8_slave_lite_v1_0_S00_AXI_inst/slv_reg10[31]_i_1_n_0                                                                             | design_1_i/util_vector_logic_0/Res[0]                                                                                       |                4 |              8 |         2.00 |
|  design_1_i/processing_system7_0/inst/FCLK_CLK0 | design_1_i/axi_pwm_2x8_0/inst/axi_pwm_2x8_slave_lite_v1_0_S00_AXI_inst/slv_reg10[7]_i_1_n_0                                                                              | design_1_i/util_vector_logic_0/Res[0]                                                                                       |                4 |              8 |         2.00 |
|  design_1_i/processing_system7_0/inst/FCLK_CLK0 | design_1_i/axi_pwm_2x8_0/inst/axi_pwm_2x8_slave_lite_v1_0_S00_AXI_inst/slv_reg11[15]_i_1_n_0                                                                             | design_1_i/util_vector_logic_0/Res[0]                                                                                       |                5 |              8 |         1.60 |
|  design_1_i/processing_system7_0/inst/FCLK_CLK0 | design_1_i/axi_pwm_2x8_0/inst/axi_pwm_2x8_slave_lite_v1_0_S00_AXI_inst/slv_reg11[23]_i_1_n_0                                                                             | design_1_i/util_vector_logic_0/Res[0]                                                                                       |                2 |              8 |         4.00 |
|  design_1_i/processing_system7_0/inst/FCLK_CLK0 | design_1_i/axi_pwm_2x8_0/inst/axi_pwm_2x8_slave_lite_v1_0_S00_AXI_inst/slv_reg11[31]_i_1_n_0                                                                             | design_1_i/util_vector_logic_0/Res[0]                                                                                       |                3 |              8 |         2.67 |
|  design_1_i/processing_system7_0/inst/FCLK_CLK0 | design_1_i/axi_pwm_2x8_0/inst/axi_pwm_2x8_slave_lite_v1_0_S00_AXI_inst/slv_reg13[23]_i_1_n_0                                                                             | design_1_i/util_vector_logic_0/Res[0]                                                                                       |                3 |              8 |         2.67 |
|  design_1_i/processing_system7_0/inst/FCLK_CLK0 | design_1_i/axi_pwm_2x8_0/inst/axi_pwm_2x8_slave_lite_v1_0_S00_AXI_inst/slv_reg13[7]_i_1_n_0                                                                              | design_1_i/util_vector_logic_0/Res[0]                                                                                       |                5 |              8 |         1.60 |
|  design_1_i/processing_system7_0/inst/FCLK_CLK0 | design_1_i/axi_pwm_2x8_0/inst/axi_pwm_2x8_slave_lite_v1_0_S00_AXI_inst/slv_reg14[15]_i_1_n_0                                                                             | design_1_i/util_vector_logic_0/Res[0]                                                                                       |                4 |              8 |         2.00 |
|  design_1_i/processing_system7_0/inst/FCLK_CLK0 | design_1_i/axi_pwm_2x8_0/inst/axi_pwm_2x8_slave_lite_v1_0_S00_AXI_inst/slv_reg13[31]_i_1_n_0                                                                             | design_1_i/util_vector_logic_0/Res[0]                                                                                       |                4 |              8 |         2.00 |
|  design_1_i/processing_system7_0/inst/FCLK_CLK0 | design_1_i/axi_pwm_2x8_0/inst/axi_pwm_2x8_slave_lite_v1_0_S00_AXI_inst/slv_reg14[31]_i_1_n_0                                                                             | design_1_i/util_vector_logic_0/Res[0]                                                                                       |                3 |              8 |         2.67 |
|  design_1_i/processing_system7_0/inst/FCLK_CLK0 | design_1_i/smartconnect_0/inst/s00_entry_pipeline/s00_si_converter/inst/gen_axilite_conv.axilite_conv_inst/b_cnt                                                         | design_1_i/smartconnect_0/inst/s00_entry_pipeline/s00_si_converter/inst/gen_axilite_conv.axilite_conv_inst/b_cnt[8]_i_1_n_0 |                5 |              9 |         1.80 |
|  design_1_i/processing_system7_0/inst/FCLK_CLK0 | design_1_i/smartconnect_0/inst/s00_entry_pipeline/s00_si_converter/inst/gen_axilite_conv.axilite_conv_inst/ar_cnt[8]_i_1_n_0                                             | design_1_i/smartconnect_0/inst/s00_entry_pipeline/s00_si_converter/inst/areset                                              |                4 |              9 |         2.25 |
|  design_1_i/processing_system7_0/inst/FCLK_CLK0 |                                                                                                                                                                          | design_1_i/util_vector_logic_0/Res[0]                                                                                       |                3 |              9 |         3.00 |
|  design_1_i/processing_system7_0/inst/FCLK_CLK0 | design_1_i/smartconnect_0/inst/s00_entry_pipeline/s00_si_converter/inst/gen_axilite_conv.axilite_conv_inst/m_aruser                                                      | design_1_i/smartconnect_0/inst/s00_entry_pipeline/s00_si_converter/inst/areset                                              |                4 |              9 |         2.25 |
|  design_1_i/processing_system7_0/inst/FCLK_CLK0 | design_1_i/smartconnect_0/inst/s00_entry_pipeline/s00_si_converter/inst/gen_axilite_conv.axilite_conv_inst/w_cnt[8]_i_1_n_0                                              | design_1_i/smartconnect_0/inst/s00_entry_pipeline/s00_si_converter/inst/areset                                              |                2 |              9 |         4.50 |
|  design_1_i/processing_system7_0/inst/FCLK_CLK0 | design_1_i/smartconnect_0/inst/s00_entry_pipeline/s00_mmu/inst/gen_endpoint.decerr_slave_inst/gen_axi.gen_write.s_axi_bid_i[11]_i_1_n_0                                  | design_1_i/smartconnect_0/inst/s00_entry_pipeline/s00_mmu/inst/areset                                                       |                4 |             12 |         3.00 |
|  design_1_i/processing_system7_0/inst/FCLK_CLK0 | design_1_i/smartconnect_0/inst/s00_entry_pipeline/s00_mmu/inst/gen_endpoint.decerr_slave_inst/gen_axi.gen_read.s_axi_rid_i[11]_i_1_n_0                                   | design_1_i/smartconnect_0/inst/s00_entry_pipeline/s00_mmu/inst/areset                                                       |                5 |             12 |         2.40 |
|  design_1_i/processing_system7_0/inst/FCLK_CLK0 | design_1_i/smartconnect_0/inst/s00_entry_pipeline/s00_transaction_regulator/inst/gen_endpoint.gen_r_singleorder.r_singleorder/gen_id_reg.s_rid_i0                        |                                                                                                                             |                5 |             12 |         2.40 |
|  design_1_i/processing_system7_0/inst/FCLK_CLK0 | design_1_i/smartconnect_0/inst/s00_entry_pipeline/s00_transaction_regulator/inst/gen_endpoint.gen_w_singleorder.w_singleorder/gen_id_reg.s_rid_i0                        |                                                                                                                             |                4 |             12 |         3.00 |
|  design_1_i/processing_system7_0/inst/FCLK_CLK0 | design_1_i/smartconnect_0/inst/s00_entry_pipeline/s00_mmu/inst/aw_reg_stall/m_vector_i                                                                                   |                                                                                                                             |                6 |             20 |         3.33 |
|  design_1_i/processing_system7_0/inst/FCLK_CLK0 | design_1_i/smartconnect_0/inst/s00_entry_pipeline/s00_mmu/inst/aw_reg_stall/skid_buffer[1136]_i_1__0_n_0                                                                 |                                                                                                                             |                5 |             20 |         4.00 |
|  design_1_i/processing_system7_0/inst/FCLK_CLK0 |                                                                                                                                                                          | design_1_i/smartconnect_0/inst/s00_entry_pipeline/s00_si_converter/inst/areset                                              |               10 |             22 |         2.20 |
|  design_1_i/processing_system7_0/inst/FCLK_CLK0 |                                                                                                                                                                          | design_1_i/smartconnect_0/inst/s00_entry_pipeline/s00_mmu/inst/areset                                                       |                8 |             23 |         2.88 |
|  design_1_i/processing_system7_0/inst/FCLK_CLK0 | design_1_i/smartconnect_0/inst/s00_entry_pipeline/s00_mmu/inst/ar_reg_stall/skid_buffer[1136]_i_1_n_0                                                                    |                                                                                                                             |                6 |             24 |         4.00 |
|  design_1_i/processing_system7_0/inst/FCLK_CLK0 | design_1_i/smartconnect_0/inst/s00_entry_pipeline/s00_mmu/inst/ar_reg_stall/m_vector_i                                                                                   |                                                                                                                             |                6 |             24 |         4.00 |
|  design_1_i/processing_system7_0/inst/FCLK_CLK0 |                                                                                                                                                                          | design_1_i/axi_pwm_2x8_0/inst/pwm_signals[8].pwm_inst0/clear                                                                |                8 |             32 |         4.00 |
|  design_1_i/processing_system7_0/inst/FCLK_CLK0 |                                                                                                                                                                          | design_1_i/axi_pwm_2x8_0/inst/pwm_signals[2].pwm_inst0/clear                                                                |                8 |             32 |         4.00 |
|  design_1_i/processing_system7_0/inst/FCLK_CLK0 |                                                                                                                                                                          | design_1_i/axi_pwm_2x8_0/inst/pwm_signals[12].pwm_inst0/clear                                                               |                8 |             32 |         4.00 |
|  design_1_i/processing_system7_0/inst/FCLK_CLK0 |                                                                                                                                                                          | design_1_i/axi_pwm_2x8_0/inst/pwm_signals[0].pwm_inst0/clear                                                                |                8 |             32 |         4.00 |
|  design_1_i/processing_system7_0/inst/FCLK_CLK0 |                                                                                                                                                                          | design_1_i/axi_pwm_2x8_0/inst/pwm_signals[13].pwm_inst0/clear                                                               |                8 |             32 |         4.00 |
|  design_1_i/processing_system7_0/inst/FCLK_CLK0 |                                                                                                                                                                          | design_1_i/axi_pwm_2x8_0/inst/pwm_signals[10].pwm_inst0/clear                                                               |                8 |             32 |         4.00 |
|  design_1_i/processing_system7_0/inst/FCLK_CLK0 |                                                                                                                                                                          | design_1_i/axi_pwm_2x8_0/inst/pwm_signals[11].pwm_inst0/clear                                                               |                8 |             32 |         4.00 |
|  design_1_i/processing_system7_0/inst/FCLK_CLK0 |                                                                                                                                                                          | design_1_i/axi_pwm_2x8_0/inst/pwm_signals[5].pwm_inst0/clear                                                                |                8 |             32 |         4.00 |
|  design_1_i/processing_system7_0/inst/FCLK_CLK0 |                                                                                                                                                                          | design_1_i/axi_pwm_2x8_0/inst/pwm_signals[6].pwm_inst0/clear                                                                |                8 |             32 |         4.00 |
|  design_1_i/processing_system7_0/inst/FCLK_CLK0 |                                                                                                                                                                          | design_1_i/axi_pwm_2x8_0/inst/pwm_signals[7].pwm_inst0/clear                                                                |                8 |             32 |         4.00 |
|  design_1_i/processing_system7_0/inst/FCLK_CLK0 |                                                                                                                                                                          | design_1_i/axi_pwm_2x8_0/inst/pwm_signals[3].pwm_inst0/clear                                                                |                8 |             32 |         4.00 |
|  design_1_i/processing_system7_0/inst/FCLK_CLK0 |                                                                                                                                                                          | design_1_i/axi_pwm_2x8_0/inst/pwm_signals[1].pwm_inst0/clear                                                                |                8 |             32 |         4.00 |
|  design_1_i/processing_system7_0/inst/FCLK_CLK0 |                                                                                                                                                                          | design_1_i/axi_pwm_2x8_0/inst/pwm_signals[4].pwm_inst0/clear                                                                |                8 |             32 |         4.00 |
|  design_1_i/processing_system7_0/inst/FCLK_CLK0 | design_1_i/smartconnect_0/inst/s00_entry_pipeline/s00_si_converter/inst/gen_axilite_conv.axilite_conv_inst/s_axi_rdata_i[31]_i_1_n_0                                     | design_1_i/smartconnect_0/inst/s00_entry_pipeline/s00_si_converter/inst/areset                                              |                5 |             32 |         6.40 |
|  design_1_i/processing_system7_0/inst/FCLK_CLK0 |                                                                                                                                                                          | design_1_i/axi_pwm_2x8_0/inst/pwm_signals[9].pwm_inst0/clear                                                                |                8 |             32 |         4.00 |
|  design_1_i/processing_system7_0/inst/FCLK_CLK0 |                                                                                                                                                                          | design_1_i/axi_pwm_2x8_0/inst/pwm_signals[15].pwm_inst0/clear                                                               |                8 |             32 |         4.00 |
|  design_1_i/processing_system7_0/inst/FCLK_CLK0 |                                                                                                                                                                          | design_1_i/axi_pwm_2x8_0/inst/pwm_signals[14].pwm_inst0/clear                                                               |                8 |             32 |         4.00 |
|  design_1_i/processing_system7_0/inst/FCLK_CLK0 | design_1_i/smartconnect_0/inst/s00_nodes/s00_r_node/inst/inst_mi_handler/gen_normal_area.inst_fifo_node_payld/gen_reg_fifo.inst_reg_fifo/gen_single_rank.inst_cntr/E[0]  |                                                                                                                             |               32 |             32 |         1.00 |
|  design_1_i/processing_system7_0/inst/FCLK_CLK0 | design_1_i/smartconnect_0/inst/s00_nodes/s00_w_node/inst/inst_mi_handler/gen_normal_area.inst_fifo_node_payld/gen_reg_fifo.inst_reg_fifo/gen_single_rank.inst_cntr/E[0]  |                                                                                                                             |               15 |             36 |         2.40 |
|  design_1_i/processing_system7_0/inst/FCLK_CLK0 |                                                                                                                                                                          |                                                                                                                             |               64 |            123 |         1.92 |
+-------------------------------------------------+--------------------------------------------------------------------------------------------------------------------------------------------------------------------------+-----------------------------------------------------------------------------------------------------------------------------+------------------+----------------+--------------+


