Copyright 1986-2022 Xilinx, Inc. All Rights Reserved. Copyright 2022-2024 Advanced Micro Devices, Inc. All Rights Reserved.
---------------------------------------------------------------------------------------------------------------------------------------------
| Tool Version : Vivado v.2024.2 (win64) Build 5239630 Fri Nov 08 22:35:27 MST 2024
| Date         : Sun Mar 15 23:53:42 2026
| Host         : RYANSUNDERMA8F8 running 64-bit major release  (build 9200)
| Command      : report_control_sets -verbose -file design_2_wrapper_control_sets_placed.rpt
| Design       : design_2_wrapper
| Device       : xc7z020
---------------------------------------------------------------------------------------------------------------------------------------------

Control Set Information

Table of Contents
-----------------
1. Summary
2. Histogram
3. Flip-Flop Distribution
4. Detailed Control Set Information

1. Summary
----------

+----------------------------------------------------------+-------+
|                          Status                          | Count |
+----------------------------------------------------------+-------+
| Total control sets                                       |     7 |
|    Minimum number of control sets                        |     7 |
|    Addition due to synthesis replication                 |     0 |
|    Addition due to physical synthesis replication        |     0 |
| Unused register locations in slices containing registers |    13 |
+----------------------------------------------------------+-------+
* Control sets can be merged at opt_design using control_set_merge or merge_equivalent_drivers
** Run report_qor_suggestions for automated merging and remapping suggestions


2. Histogram
------------

+--------------------+-------+
|       Fanout       | Count |
+--------------------+-------+
| Total control sets |     7 |
| >= 0 to < 4        |     1 |
| >= 4 to < 6        |     0 |
| >= 6 to < 8        |     1 |
| >= 8 to < 10       |     0 |
| >= 10 to < 12      |     0 |
| >= 12 to < 14      |     0 |
| >= 14 to < 16      |     0 |
| >= 16              |     5 |
+--------------------+-------+
* Control sets can be remapped at either synth_design or opt_design


3. Flip-Flop Distribution
-------------------------

+--------------+-----------------------+------------------------+-----------------+--------------+
| Clock Enable | Synchronous Set/Reset | Asynchronous Set/Reset | Total Registers | Total Slices |
+--------------+-----------------------+------------------------+-----------------+--------------+
| No           | No                    | No                     |               0 |            0 |
| No           | No                    | Yes                    |              37 |           14 |
| No           | Yes                   | No                     |               0 |            0 |
| Yes          | No                    | No                     |               6 |            2 |
| Yes          | No                    | Yes                    |             256 |           58 |
| Yes          | Yes                   | No                     |               0 |            0 |
+--------------+-----------------------+------------------------+-----------------+--------------+


4. Detailed Control Set Information
-----------------------------------

+-------------------------------------+-------------------------------------------------------+---------------------------------------------+------------------+----------------+--------------+
|             Clock Signal            |                     Enable Signal                     |               Set/Reset Signal              | Slice Load Count | Bel Load Count | Bels / Slice |
+-------------------------------------+-------------------------------------------------------+---------------------------------------------+------------------+----------------+--------------+
|  design_2_i/clk_wiz_0/inst/clk_out1 |                                                       | design_2_i/pwm_gen_0/U0/pwm_sig_buf_i_2_n_0 |                1 |              3 |         3.00 |
|  design_2_i/clk_wiz_0/inst/clk_out1 | design_2_i/util_vector_logic_0/Res[0]                 |                                             |                2 |              6 |         3.00 |
|  design_2_i/clk_wiz_0/inst/clk_out1 | design_2_i/pwm_gen_0/U0/clk_cnt[31]_i_1_n_0           | design_2_i/pwm_gen_0/U0/pwm_sig_buf_i_2_n_0 |               10 |             32 |         3.20 |
|  design_2_i/clk_wiz_0/inst/clk_out1 | design_2_i/increment_pwm_us_0/U0/pwm_us_i[31]_i_1_n_0 | btn0_IBUF                                   |                8 |             32 |         4.00 |
|  design_2_i/clk_wiz_0/inst/clk_out1 |                                                       | design_2_i/pwm_gen_1/U0/pulse_us_buf00      |               13 |             34 |         2.62 |
|  design_2_i/clk_wiz_0/inst/clk_out1 | design_2_i/pwm_gen_0/U0/pulse_us_buf0[31]_i_1_n_0     | design_2_i/pwm_gen_0/U0/pwm_sig_buf_i_2_n_0 |               21 |             96 |         4.57 |
|  design_2_i/clk_wiz_0/inst/clk_out1 | design_2_i/pwm_gen_1/U0/pulse_us_buf1_0               | design_2_i/pwm_gen_1/U0/pulse_us_buf00      |               19 |             96 |         5.05 |
+-------------------------------------+-------------------------------------------------------+---------------------------------------------+------------------+----------------+--------------+


