Copyright 1986-2022 Xilinx, Inc. All Rights Reserved. Copyright 2022-2024 Advanced Micro Devices, Inc. All Rights Reserved.
--------------------------------------------------------------------------------------------------------------------------------------------------------------------------------------
| Tool Version : Vivado v.2024.2 (win64) Build 5239630 Fri Nov 08 22:35:27 MST 2024
| Date         : Sun Mar 15 16:16:00 2026
| Host         : RYANSUNDERMA8F8 running 64-bit major release  (build 9200)
| Command      : report_methodology -file design_2_wrapper_methodology_drc_routed.rpt -pb design_2_wrapper_methodology_drc_routed.pb -rpx design_2_wrapper_methodology_drc_routed.rpx
| Design       : design_2_wrapper
| Device       : xc7z020clg400-1
| Speed File   : -1
| Design State : Fully Routed
--------------------------------------------------------------------------------------------------------------------------------------------------------------------------------------

Report Methodology

Table of Contents
-----------------
1. REPORT SUMMARY
2. REPORT DETAILS

1. REPORT SUMMARY
-----------------
            Netlist: netlist
          Floorplan: design_1
      Design limits: <entire design considered>
             Max checks: <unlimited>
             Checks found: 53
+-----------+------------------+------------------------------------------------------------------+--------+
| Rule      | Severity         | Description                                                      | Checks |
+-----------+------------------+------------------------------------------------------------------+--------+
| TIMING-6  | Critical Warning | No common primary clock between related clocks                   | 2      |
| DPIR-1    | Warning          | Asynchronous driver check                                        | 49     |
| TIMING-56 | Warning          | Missing logically or physically excluded clock groups constraint | 2      |
+-----------+------------------+------------------------------------------------------------------+--------+

2. REPORT DETAILS
-----------------
TIMING-6#1 Critical Warning
No common primary clock between related clocks  
The clocks clk_out1_design_2_clk_wiz_0_0 and clk_out1_design_2_clk_wiz_0_0_1 are related (timed together) but they have no common primary clock. The design could fail in hardware. To find a timing path between these clocks, run the following command: report_timing -from [get_clocks clk_out1_design_2_clk_wiz_0_0] -to [get_clocks clk_out1_design_2_clk_wiz_0_0_1]
Related violations: <none>

TIMING-6#2 Critical Warning
No common primary clock between related clocks  
The clocks clk_out1_design_2_clk_wiz_0_0_1 and clk_out1_design_2_clk_wiz_0_0 are related (timed together) but they have no common primary clock. The design could fail in hardware. To find a timing path between these clocks, run the following command: report_timing -from [get_clocks clk_out1_design_2_clk_wiz_0_0_1] -to [get_clocks clk_out1_design_2_clk_wiz_0_0]
Related violations: <none>

DPIR-1#1 Warning
Asynchronous driver check  
DSP design_2_i/pwm_gen_0/U0/clk_cnt_max0 input pin design_2_i/pwm_gen_0/U0/clk_cnt_max0/A[0] is connected to registers with an asynchronous reset. This is preventing the possibility of merging these registers in to the DSP Block since the DSP block registers only possess synchronous reset capability.  It is suggested to recode or change these registers to remove the reset or use a synchronous reset to get the best optimization for performance, power and area.
Related violations: <none>

DPIR-1#2 Warning
Asynchronous driver check  
DSP design_2_i/pwm_gen_0/U0/clk_cnt_max0 input pin design_2_i/pwm_gen_0/U0/clk_cnt_max0/A[10] is connected to registers with an asynchronous reset. This is preventing the possibility of merging these registers in to the DSP Block since the DSP block registers only possess synchronous reset capability.  It is suggested to recode or change these registers to remove the reset or use a synchronous reset to get the best optimization for performance, power and area.
Related violations: <none>

DPIR-1#3 Warning
Asynchronous driver check  
DSP design_2_i/pwm_gen_0/U0/clk_cnt_max0 input pin design_2_i/pwm_gen_0/U0/clk_cnt_max0/A[11] is connected to registers with an asynchronous reset. This is preventing the possibility of merging these registers in to the DSP Block since the DSP block registers only possess synchronous reset capability.  It is suggested to recode or change these registers to remove the reset or use a synchronous reset to get the best optimization for performance, power and area.
Related violations: <none>

DPIR-1#4 Warning
Asynchronous driver check  
DSP design_2_i/pwm_gen_0/U0/clk_cnt_max0 input pin design_2_i/pwm_gen_0/U0/clk_cnt_max0/A[12] is connected to registers with an asynchronous reset. This is preventing the possibility of merging these registers in to the DSP Block since the DSP block registers only possess synchronous reset capability.  It is suggested to recode or change these registers to remove the reset or use a synchronous reset to get the best optimization for performance, power and area.
Related violations: <none>

DPIR-1#5 Warning
Asynchronous driver check  
DSP design_2_i/pwm_gen_0/U0/clk_cnt_max0 input pin design_2_i/pwm_gen_0/U0/clk_cnt_max0/A[13] is connected to registers with an asynchronous reset. This is preventing the possibility of merging these registers in to the DSP Block since the DSP block registers only possess synchronous reset capability.  It is suggested to recode or change these registers to remove the reset or use a synchronous reset to get the best optimization for performance, power and area.
Related violations: <none>

DPIR-1#6 Warning
Asynchronous driver check  
DSP design_2_i/pwm_gen_0/U0/clk_cnt_max0 input pin design_2_i/pwm_gen_0/U0/clk_cnt_max0/A[14] is connected to registers with an asynchronous reset. This is preventing the possibility of merging these registers in to the DSP Block since the DSP block registers only possess synchronous reset capability.  It is suggested to recode or change these registers to remove the reset or use a synchronous reset to get the best optimization for performance, power and area.
Related violations: <none>

DPIR-1#7 Warning
Asynchronous driver check  
DSP design_2_i/pwm_gen_0/U0/clk_cnt_max0 input pin design_2_i/pwm_gen_0/U0/clk_cnt_max0/A[15] is connected to registers with an asynchronous reset. This is preventing the possibility of merging these registers in to the DSP Block since the DSP block registers only possess synchronous reset capability.  It is suggested to recode or change these registers to remove the reset or use a synchronous reset to get the best optimization for performance, power and area.
Related violations: <none>

DPIR-1#8 Warning
Asynchronous driver check  
DSP design_2_i/pwm_gen_0/U0/clk_cnt_max0 input pin design_2_i/pwm_gen_0/U0/clk_cnt_max0/A[16] is connected to registers with an asynchronous reset. This is preventing the possibility of merging these registers in to the DSP Block since the DSP block registers only possess synchronous reset capability.  It is suggested to recode or change these registers to remove the reset or use a synchronous reset to get the best optimization for performance, power and area.
Related violations: <none>

DPIR-1#9 Warning
Asynchronous driver check  
DSP design_2_i/pwm_gen_0/U0/clk_cnt_max0 input pin design_2_i/pwm_gen_0/U0/clk_cnt_max0/A[1] is connected to registers with an asynchronous reset. This is preventing the possibility of merging these registers in to the DSP Block since the DSP block registers only possess synchronous reset capability.  It is suggested to recode or change these registers to remove the reset or use a synchronous reset to get the best optimization for performance, power and area.
Related violations: <none>

DPIR-1#10 Warning
Asynchronous driver check  
DSP design_2_i/pwm_gen_0/U0/clk_cnt_max0 input pin design_2_i/pwm_gen_0/U0/clk_cnt_max0/A[2] is connected to registers with an asynchronous reset. This is preventing the possibility of merging these registers in to the DSP Block since the DSP block registers only possess synchronous reset capability.  It is suggested to recode or change these registers to remove the reset or use a synchronous reset to get the best optimization for performance, power and area.
Related violations: <none>

DPIR-1#11 Warning
Asynchronous driver check  
DSP design_2_i/pwm_gen_0/U0/clk_cnt_max0 input pin design_2_i/pwm_gen_0/U0/clk_cnt_max0/A[3] is connected to registers with an asynchronous reset. This is preventing the possibility of merging these registers in to the DSP Block since the DSP block registers only possess synchronous reset capability.  It is suggested to recode or change these registers to remove the reset or use a synchronous reset to get the best optimization for performance, power and area.
Related violations: <none>

DPIR-1#12 Warning
Asynchronous driver check  
DSP design_2_i/pwm_gen_0/U0/clk_cnt_max0 input pin design_2_i/pwm_gen_0/U0/clk_cnt_max0/A[4] is connected to registers with an asynchronous reset. This is preventing the possibility of merging these registers in to the DSP Block since the DSP block registers only possess synchronous reset capability.  It is suggested to recode or change these registers to remove the reset or use a synchronous reset to get the best optimization for performance, power and area.
Related violations: <none>

DPIR-1#13 Warning
Asynchronous driver check  
DSP design_2_i/pwm_gen_0/U0/clk_cnt_max0 input pin design_2_i/pwm_gen_0/U0/clk_cnt_max0/A[5] is connected to registers with an asynchronous reset. This is preventing the possibility of merging these registers in to the DSP Block since the DSP block registers only possess synchronous reset capability.  It is suggested to recode or change these registers to remove the reset or use a synchronous reset to get the best optimization for performance, power and area.
Related violations: <none>

DPIR-1#14 Warning
Asynchronous driver check  
DSP design_2_i/pwm_gen_0/U0/clk_cnt_max0 input pin design_2_i/pwm_gen_0/U0/clk_cnt_max0/A[6] is connected to registers with an asynchronous reset. This is preventing the possibility of merging these registers in to the DSP Block since the DSP block registers only possess synchronous reset capability.  It is suggested to recode or change these registers to remove the reset or use a synchronous reset to get the best optimization for performance, power and area.
Related violations: <none>

DPIR-1#15 Warning
Asynchronous driver check  
DSP design_2_i/pwm_gen_0/U0/clk_cnt_max0 input pin design_2_i/pwm_gen_0/U0/clk_cnt_max0/A[7] is connected to registers with an asynchronous reset. This is preventing the possibility of merging these registers in to the DSP Block since the DSP block registers only possess synchronous reset capability.  It is suggested to recode or change these registers to remove the reset or use a synchronous reset to get the best optimization for performance, power and area.
Related violations: <none>

DPIR-1#16 Warning
Asynchronous driver check  
DSP design_2_i/pwm_gen_0/U0/clk_cnt_max0 input pin design_2_i/pwm_gen_0/U0/clk_cnt_max0/A[8] is connected to registers with an asynchronous reset. This is preventing the possibility of merging these registers in to the DSP Block since the DSP block registers only possess synchronous reset capability.  It is suggested to recode or change these registers to remove the reset or use a synchronous reset to get the best optimization for performance, power and area.
Related violations: <none>

DPIR-1#17 Warning
Asynchronous driver check  
DSP design_2_i/pwm_gen_0/U0/clk_cnt_max0 input pin design_2_i/pwm_gen_0/U0/clk_cnt_max0/A[9] is connected to registers with an asynchronous reset. This is preventing the possibility of merging these registers in to the DSP Block since the DSP block registers only possess synchronous reset capability.  It is suggested to recode or change these registers to remove the reset or use a synchronous reset to get the best optimization for performance, power and area.
Related violations: <none>

DPIR-1#18 Warning
Asynchronous driver check  
DSP design_2_i/pwm_gen_0/U0/clk_cnt_max0__0 input pin design_2_i/pwm_gen_0/U0/clk_cnt_max0__0/A[0] is connected to registers with an asynchronous reset. This is preventing the possibility of merging these registers in to the DSP Block since the DSP block registers only possess synchronous reset capability.  It is suggested to recode or change these registers to remove the reset or use a synchronous reset to get the best optimization for performance, power and area.
Related violations: <none>

DPIR-1#19 Warning
Asynchronous driver check  
DSP design_2_i/pwm_gen_0/U0/clk_cnt_max0__0 input pin design_2_i/pwm_gen_0/U0/clk_cnt_max0__0/A[10] is connected to registers with an asynchronous reset. This is preventing the possibility of merging these registers in to the DSP Block since the DSP block registers only possess synchronous reset capability.  It is suggested to recode or change these registers to remove the reset or use a synchronous reset to get the best optimization for performance, power and area.
Related violations: <none>

DPIR-1#20 Warning
Asynchronous driver check  
DSP design_2_i/pwm_gen_0/U0/clk_cnt_max0__0 input pin design_2_i/pwm_gen_0/U0/clk_cnt_max0__0/A[11] is connected to registers with an asynchronous reset. This is preventing the possibility of merging these registers in to the DSP Block since the DSP block registers only possess synchronous reset capability.  It is suggested to recode or change these registers to remove the reset or use a synchronous reset to get the best optimization for performance, power and area.
Related violations: <none>

DPIR-1#21 Warning
Asynchronous driver check  
DSP design_2_i/pwm_gen_0/U0/clk_cnt_max0__0 input pin design_2_i/pwm_gen_0/U0/clk_cnt_max0__0/A[12] is connected to registers with an asynchronous reset. This is preventing the possibility of merging these registers in to the DSP Block since the DSP block registers only possess synchronous reset capability.  It is suggested to recode or change these registers to remove the reset or use a synchronous reset to get the best optimization for performance, power and area.
Related violations: <none>

DPIR-1#22 Warning
Asynchronous driver check  
DSP design_2_i/pwm_gen_0/U0/clk_cnt_max0__0 input pin design_2_i/pwm_gen_0/U0/clk_cnt_max0__0/A[13] is connected to registers with an asynchronous reset. This is preventing the possibility of merging these registers in to the DSP Block since the DSP block registers only possess synchronous reset capability.  It is suggested to recode or change these registers to remove the reset or use a synchronous reset to get the best optimization for performance, power and area.
Related violations: <none>

DPIR-1#23 Warning
Asynchronous driver check  
DSP design_2_i/pwm_gen_0/U0/clk_cnt_max0__0 input pin design_2_i/pwm_gen_0/U0/clk_cnt_max0__0/A[14] is connected to registers with an asynchronous reset. This is preventing the possibility of merging these registers in to the DSP Block since the DSP block registers only possess synchronous reset capability.  It is suggested to recode or change these registers to remove the reset or use a synchronous reset to get the best optimization for performance, power and area.
Related violations: <none>

DPIR-1#24 Warning
Asynchronous driver check  
DSP design_2_i/pwm_gen_0/U0/clk_cnt_max0__0 input pin design_2_i/pwm_gen_0/U0/clk_cnt_max0__0/A[15] is connected to registers with an asynchronous reset. This is preventing the possibility of merging these registers in to the DSP Block since the DSP block registers only possess synchronous reset capability.  It is suggested to recode or change these registers to remove the reset or use a synchronous reset to get the best optimization for performance, power and area.
Related violations: <none>

DPIR-1#25 Warning
Asynchronous driver check  
DSP design_2_i/pwm_gen_0/U0/clk_cnt_max0__0 input pin design_2_i/pwm_gen_0/U0/clk_cnt_max0__0/A[16] is connected to registers with an asynchronous reset. This is preventing the possibility of merging these registers in to the DSP Block since the DSP block registers only possess synchronous reset capability.  It is suggested to recode or change these registers to remove the reset or use a synchronous reset to get the best optimization for performance, power and area.
Related violations: <none>

DPIR-1#26 Warning
Asynchronous driver check  
DSP design_2_i/pwm_gen_0/U0/clk_cnt_max0__0 input pin design_2_i/pwm_gen_0/U0/clk_cnt_max0__0/A[1] is connected to registers with an asynchronous reset. This is preventing the possibility of merging these registers in to the DSP Block since the DSP block registers only possess synchronous reset capability.  It is suggested to recode or change these registers to remove the reset or use a synchronous reset to get the best optimization for performance, power and area.
Related violations: <none>

DPIR-1#27 Warning
Asynchronous driver check  
DSP design_2_i/pwm_gen_0/U0/clk_cnt_max0__0 input pin design_2_i/pwm_gen_0/U0/clk_cnt_max0__0/A[2] is connected to registers with an asynchronous reset. This is preventing the possibility of merging these registers in to the DSP Block since the DSP block registers only possess synchronous reset capability.  It is suggested to recode or change these registers to remove the reset or use a synchronous reset to get the best optimization for performance, power and area.
Related violations: <none>

DPIR-1#28 Warning
Asynchronous driver check  
DSP design_2_i/pwm_gen_0/U0/clk_cnt_max0__0 input pin design_2_i/pwm_gen_0/U0/clk_cnt_max0__0/A[3] is connected to registers with an asynchronous reset. This is preventing the possibility of merging these registers in to the DSP Block since the DSP block registers only possess synchronous reset capability.  It is suggested to recode or change these registers to remove the reset or use a synchronous reset to get the best optimization for performance, power and area.
Related violations: <none>

DPIR-1#29 Warning
Asynchronous driver check  
DSP design_2_i/pwm_gen_0/U0/clk_cnt_max0__0 input pin design_2_i/pwm_gen_0/U0/clk_cnt_max0__0/A[4] is connected to registers with an asynchronous reset. This is preventing the possibility of merging these registers in to the DSP Block since the DSP block registers only possess synchronous reset capability.  It is suggested to recode or change these registers to remove the reset or use a synchronous reset to get the best optimization for performance, power and area.
Related violations: <none>

DPIR-1#30 Warning
Asynchronous driver check  
DSP design_2_i/pwm_gen_0/U0/clk_cnt_max0__0 input pin design_2_i/pwm_gen_0/U0/clk_cnt_max0__0/A[5] is connected to registers with an asynchronous reset. This is preventing the possibility of merging these registers in to the DSP Block since the DSP block registers only possess synchronous reset capability.  It is suggested to recode or change these registers to remove the reset or use a synchronous reset to get the best optimization for performance, power and area.
Related violations: <none>

DPIR-1#31 Warning
Asynchronous driver check  
DSP design_2_i/pwm_gen_0/U0/clk_cnt_max0__0 input pin design_2_i/pwm_gen_0/U0/clk_cnt_max0__0/A[6] is connected to registers with an asynchronous reset. This is preventing the possibility of merging these registers in to the DSP Block since the DSP block registers only possess synchronous reset capability.  It is suggested to recode or change these registers to remove the reset or use a synchronous reset to get the best optimization for performance, power and area.
Related violations: <none>

DPIR-1#32 Warning
Asynchronous driver check  
DSP design_2_i/pwm_gen_0/U0/clk_cnt_max0__0 input pin design_2_i/pwm_gen_0/U0/clk_cnt_max0__0/A[7] is connected to registers with an asynchronous reset. This is preventing the possibility of merging these registers in to the DSP Block since the DSP block registers only possess synchronous reset capability.  It is suggested to recode or change these registers to remove the reset or use a synchronous reset to get the best optimization for performance, power and area.
Related violations: <none>

DPIR-1#33 Warning
Asynchronous driver check  
DSP design_2_i/pwm_gen_0/U0/clk_cnt_max0__0 input pin design_2_i/pwm_gen_0/U0/clk_cnt_max0__0/A[8] is connected to registers with an asynchronous reset. This is preventing the possibility of merging these registers in to the DSP Block since the DSP block registers only possess synchronous reset capability.  It is suggested to recode or change these registers to remove the reset or use a synchronous reset to get the best optimization for performance, power and area.
Related violations: <none>

DPIR-1#34 Warning
Asynchronous driver check  
DSP design_2_i/pwm_gen_0/U0/clk_cnt_max0__0 input pin design_2_i/pwm_gen_0/U0/clk_cnt_max0__0/A[9] is connected to registers with an asynchronous reset. This is preventing the possibility of merging these registers in to the DSP Block since the DSP block registers only possess synchronous reset capability.  It is suggested to recode or change these registers to remove the reset or use a synchronous reset to get the best optimization for performance, power and area.
Related violations: <none>

DPIR-1#35 Warning
Asynchronous driver check  
DSP design_2_i/pwm_gen_0/U0/clk_cnt_max0__1 input pin design_2_i/pwm_gen_0/U0/clk_cnt_max0__1/A[0] is connected to registers with an asynchronous reset. This is preventing the possibility of merging these registers in to the DSP Block since the DSP block registers only possess synchronous reset capability.  It is suggested to recode or change these registers to remove the reset or use a synchronous reset to get the best optimization for performance, power and area.
Related violations: <none>

DPIR-1#36 Warning
Asynchronous driver check  
DSP design_2_i/pwm_gen_0/U0/clk_cnt_max0__1 input pin design_2_i/pwm_gen_0/U0/clk_cnt_max0__1/A[10] is connected to registers with an asynchronous reset. This is preventing the possibility of merging these registers in to the DSP Block since the DSP block registers only possess synchronous reset capability.  It is suggested to recode or change these registers to remove the reset or use a synchronous reset to get the best optimization for performance, power and area.
Related violations: <none>

DPIR-1#37 Warning
Asynchronous driver check  
DSP design_2_i/pwm_gen_0/U0/clk_cnt_max0__1 input pin design_2_i/pwm_gen_0/U0/clk_cnt_max0__1/A[11] is connected to registers with an asynchronous reset. This is preventing the possibility of merging these registers in to the DSP Block since the DSP block registers only possess synchronous reset capability.  It is suggested to recode or change these registers to remove the reset or use a synchronous reset to get the best optimization for performance, power and area.
Related violations: <none>

DPIR-1#38 Warning
Asynchronous driver check  
DSP design_2_i/pwm_gen_0/U0/clk_cnt_max0__1 input pin design_2_i/pwm_gen_0/U0/clk_cnt_max0__1/A[12] is connected to registers with an asynchronous reset. This is preventing the possibility of merging these registers in to the DSP Block since the DSP block registers only possess synchronous reset capability.  It is suggested to recode or change these registers to remove the reset or use a synchronous reset to get the best optimization for performance, power and area.
Related violations: <none>

DPIR-1#39 Warning
Asynchronous driver check  
DSP design_2_i/pwm_gen_0/U0/clk_cnt_max0__1 input pin design_2_i/pwm_gen_0/U0/clk_cnt_max0__1/A[13] is connected to registers with an asynchronous reset. This is preventing the possibility of merging these registers in to the DSP Block since the DSP block registers only possess synchronous reset capability.  It is suggested to recode or change these registers to remove the reset or use a synchronous reset to get the best optimization for performance, power and area.
Related violations: <none>

DPIR-1#40 Warning
Asynchronous driver check  
DSP design_2_i/pwm_gen_0/U0/clk_cnt_max0__1 input pin design_2_i/pwm_gen_0/U0/clk_cnt_max0__1/A[14] is connected to registers with an asynchronous reset. This is preventing the possibility of merging these registers in to the DSP Block since the DSP block registers only possess synchronous reset capability.  It is suggested to recode or change these registers to remove the reset or use a synchronous reset to get the best optimization for performance, power and area.
Related violations: <none>

DPIR-1#41 Warning
Asynchronous driver check  
DSP design_2_i/pwm_gen_0/U0/clk_cnt_max0__1 input pin design_2_i/pwm_gen_0/U0/clk_cnt_max0__1/A[1] is connected to registers with an asynchronous reset. This is preventing the possibility of merging these registers in to the DSP Block since the DSP block registers only possess synchronous reset capability.  It is suggested to recode or change these registers to remove the reset or use a synchronous reset to get the best optimization for performance, power and area.
Related violations: <none>

DPIR-1#42 Warning
Asynchronous driver check  
DSP design_2_i/pwm_gen_0/U0/clk_cnt_max0__1 input pin design_2_i/pwm_gen_0/U0/clk_cnt_max0__1/A[2] is connected to registers with an asynchronous reset. This is preventing the possibility of merging these registers in to the DSP Block since the DSP block registers only possess synchronous reset capability.  It is suggested to recode or change these registers to remove the reset or use a synchronous reset to get the best optimization for performance, power and area.
Related violations: <none>

DPIR-1#43 Warning
Asynchronous driver check  
DSP design_2_i/pwm_gen_0/U0/clk_cnt_max0__1 input pin design_2_i/pwm_gen_0/U0/clk_cnt_max0__1/A[3] is connected to registers with an asynchronous reset. This is preventing the possibility of merging these registers in to the DSP Block since the DSP block registers only possess synchronous reset capability.  It is suggested to recode or change these registers to remove the reset or use a synchronous reset to get the best optimization for performance, power and area.
Related violations: <none>

DPIR-1#44 Warning
Asynchronous driver check  
DSP design_2_i/pwm_gen_0/U0/clk_cnt_max0__1 input pin design_2_i/pwm_gen_0/U0/clk_cnt_max0__1/A[4] is connected to registers with an asynchronous reset. This is preventing the possibility of merging these registers in to the DSP Block since the DSP block registers only possess synchronous reset capability.  It is suggested to recode or change these registers to remove the reset or use a synchronous reset to get the best optimization for performance, power and area.
Related violations: <none>

DPIR-1#45 Warning
Asynchronous driver check  
DSP design_2_i/pwm_gen_0/U0/clk_cnt_max0__1 input pin design_2_i/pwm_gen_0/U0/clk_cnt_max0__1/A[5] is connected to registers with an asynchronous reset. This is preventing the possibility of merging these registers in to the DSP Block since the DSP block registers only possess synchronous reset capability.  It is suggested to recode or change these registers to remove the reset or use a synchronous reset to get the best optimization for performance, power and area.
Related violations: <none>

DPIR-1#46 Warning
Asynchronous driver check  
DSP design_2_i/pwm_gen_0/U0/clk_cnt_max0__1 input pin design_2_i/pwm_gen_0/U0/clk_cnt_max0__1/A[6] is connected to registers with an asynchronous reset. This is preventing the possibility of merging these registers in to the DSP Block since the DSP block registers only possess synchronous reset capability.  It is suggested to recode or change these registers to remove the reset or use a synchronous reset to get the best optimization for performance, power and area.
Related violations: <none>

DPIR-1#47 Warning
Asynchronous driver check  
DSP design_2_i/pwm_gen_0/U0/clk_cnt_max0__1 input pin design_2_i/pwm_gen_0/U0/clk_cnt_max0__1/A[7] is connected to registers with an asynchronous reset. This is preventing the possibility of merging these registers in to the DSP Block since the DSP block registers only possess synchronous reset capability.  It is suggested to recode or change these registers to remove the reset or use a synchronous reset to get the best optimization for performance, power and area.
Related violations: <none>

DPIR-1#48 Warning
Asynchronous driver check  
DSP design_2_i/pwm_gen_0/U0/clk_cnt_max0__1 input pin design_2_i/pwm_gen_0/U0/clk_cnt_max0__1/A[8] is connected to registers with an asynchronous reset. This is preventing the possibility of merging these registers in to the DSP Block since the DSP block registers only possess synchronous reset capability.  It is suggested to recode or change these registers to remove the reset or use a synchronous reset to get the best optimization for performance, power and area.
Related violations: <none>

DPIR-1#49 Warning
Asynchronous driver check  
DSP design_2_i/pwm_gen_0/U0/clk_cnt_max0__1 input pin design_2_i/pwm_gen_0/U0/clk_cnt_max0__1/A[9] is connected to registers with an asynchronous reset. This is preventing the possibility of merging these registers in to the DSP Block since the DSP block registers only possess synchronous reset capability.  It is suggested to recode or change these registers to remove the reset or use a synchronous reset to get the best optimization for performance, power and area.
Related violations: <none>

TIMING-56#1 Warning
Missing logically or physically excluded clock groups constraint  
Multiple clocks are user generated or auto-derived on the source pin design_2_i/clk_wiz_0/inst/mmcm_adv_inst/CLKFBOUT but are not logically or physically exclusive with respect to one another. To have the static timing analysis match the behavior in hardware, there cannot be multiple clocks generated on the same pin and when such situation occurs, the clocks should be defined as physically or logically exclusive. The list of clocks generated on the source pin is: clkfbout_design_2_clk_wiz_0_0, clkfbout_design_2_clk_wiz_0_0_1
Related violations: <none>

TIMING-56#2 Warning
Missing logically or physically excluded clock groups constraint  
Multiple clocks are user generated or auto-derived on the source pin design_2_i/clk_wiz_0/inst/mmcm_adv_inst/CLKOUT0 but are not logically or physically exclusive with respect to one another. To have the static timing analysis match the behavior in hardware, there cannot be multiple clocks generated on the same pin and when such situation occurs, the clocks should be defined as physically or logically exclusive. The list of clocks generated on the source pin is: clk_out1_design_2_clk_wiz_0_0, clk_out1_design_2_clk_wiz_0_0_1
Related violations: <none>


