
*** Running vivado
    with args -log design_2_wrapper.vdi -applog -m64 -product Vivado -messageDb vivado.pb -mode batch -source design_2_wrapper.tcl -notrace



****** Vivado v2024.2 (64-bit)
  **** SW Build 5239630 on Fri Nov 08 22:35:27 MST 2024
  **** IP Build 5239520 on Sun Nov 10 16:12:51 MST 2024
  **** SharedData Build 5239561 on Fri Nov 08 14:39:27 MST 2024
  **** Start of session at: Sun Mar 15 23:16:47 2026
    ** Copyright 1986-2022 Xilinx, Inc. All Rights Reserved.
    ** Copyright 2022-2024 Advanced Micro Devices, Inc. All Rights Reserved.

source design_2_wrapper.tcl -notrace
INFO: [IP_Flow 19-234] Refreshing IP repositories
INFO: [IP_Flow 19-1704] No user IP repositories specified
INFO: [IP_Flow 19-2313] Loaded Vivado IP repository 'C:/Xilinx/Vivado/2024.2/data/ip'.
Command: link_design -top design_2_wrapper -part xc7z020clg400-1
Design is defaulting to srcset: sources_1
Design is defaulting to constrset: constrs_1
INFO: [Device 21-403] Loading part xc7z020clg400-1
INFO: [Project 1-454] Reading design checkpoint 'c:/Users/ryansundermeyer/vivado-projects/pwm_gen/pwm_gen.gen/sources_1/bd/design_2/ip/design_2_clk_wiz_0_0/design_2_clk_wiz_0_0.dcp' for cell 'design_2_i/clk_wiz_0'
INFO: [Project 1-454] Reading design checkpoint 'c:/Users/ryansundermeyer/vivado-projects/pwm_gen/pwm_gen.gen/sources_1/bd/design_2/ip/design_2_increment_pwm_us_0_0/design_2_increment_pwm_us_0_0.dcp' for cell 'design_2_i/increment_pwm_us_0'
INFO: [Project 1-454] Reading design checkpoint 'c:/Users/ryansundermeyer/vivado-projects/pwm_gen/pwm_gen.gen/sources_1/bd/design_2/ip/design_2_pwm_gen_0_0/design_2_pwm_gen_0_0.dcp' for cell 'design_2_i/pwm_gen_0'
INFO: [Project 1-454] Reading design checkpoint 'c:/Users/ryansundermeyer/vivado-projects/pwm_gen/pwm_gen.gen/sources_1/bd/design_2/ip/design_2_pwm_gen_0_1/design_2_pwm_gen_0_1.dcp' for cell 'design_2_i/pwm_gen_1'
INFO: [Project 1-454] Reading design checkpoint 'c:/Users/ryansundermeyer/vivado-projects/pwm_gen/pwm_gen.gen/sources_1/bd/design_2/ip/design_2_util_vector_logic_0_0/design_2_util_vector_logic_0_0.dcp' for cell 'design_2_i/util_vector_logic_0'
Netlist sorting complete. Time (s): cpu = 00:00:00 ; elapsed = 00:00:00.010 . Memory (MB): peak = 649.508 ; gain = 0.000
INFO: [Netlist 29-17] Analyzing 78 Unisim elements for replacement
INFO: [Netlist 29-28] Unisim Transformation completed in 0 CPU seconds
INFO: [Project 1-479] Netlist was created with Vivado 2024.2
INFO: [Project 1-570] Preparing netlist for logic optimization
Parsing XDC File [c:/Users/ryansundermeyer/vivado-projects/pwm_gen/pwm_gen.gen/sources_1/bd/design_2/ip/design_2_clk_wiz_0_0/design_2_clk_wiz_0_0_board.xdc] for cell 'design_2_i/clk_wiz_0/inst'
Finished Parsing XDC File [c:/Users/ryansundermeyer/vivado-projects/pwm_gen/pwm_gen.gen/sources_1/bd/design_2/ip/design_2_clk_wiz_0_0/design_2_clk_wiz_0_0_board.xdc] for cell 'design_2_i/clk_wiz_0/inst'
Parsing XDC File [c:/Users/ryansundermeyer/vivado-projects/pwm_gen/pwm_gen.gen/sources_1/bd/design_2/ip/design_2_clk_wiz_0_0/design_2_clk_wiz_0_0.xdc] for cell 'design_2_i/clk_wiz_0/inst'
INFO: [Timing 38-35] Done setting XDC timing constraints. [c:/Users/ryansundermeyer/vivado-projects/pwm_gen/pwm_gen.gen/sources_1/bd/design_2/ip/design_2_clk_wiz_0_0/design_2_clk_wiz_0_0.xdc:54]
INFO: [Timing 38-2] Deriving generated clocks [c:/Users/ryansundermeyer/vivado-projects/pwm_gen/pwm_gen.gen/sources_1/bd/design_2/ip/design_2_clk_wiz_0_0/design_2_clk_wiz_0_0.xdc:54]
get_clocks: Time (s): cpu = 00:00:17 ; elapsed = 00:00:20 . Memory (MB): peak = 1317.941 ; gain = 531.359
Finished Parsing XDC File [c:/Users/ryansundermeyer/vivado-projects/pwm_gen/pwm_gen.gen/sources_1/bd/design_2/ip/design_2_clk_wiz_0_0/design_2_clk_wiz_0_0.xdc] for cell 'design_2_i/clk_wiz_0/inst'
Parsing XDC File [C:/Users/ryansundermeyer/vivado-projects/pwm_gen/pwm_gen.srcs/constrs_1/imports/vivado-projects/Zybo-Z7-Master.xdc]
Finished Parsing XDC File [C:/Users/ryansundermeyer/vivado-projects/pwm_gen/pwm_gen.srcs/constrs_1/imports/vivado-projects/Zybo-Z7-Master.xdc]
INFO: [Opt 31-138] Pushed 0 inverter(s) to 0 load pin(s).
Netlist sorting complete. Time (s): cpu = 00:00:00 ; elapsed = 00:00:00.001 . Memory (MB): peak = 1317.941 ; gain = 0.000
INFO: [Project 1-111] Unisim Transformation Summary:
No Unisim elements were transformed.

17 Infos, 0 Warnings, 0 Critical Warnings and 0 Errors encountered.
link_design completed successfully
link_design: Time (s): cpu = 00:00:25 ; elapsed = 00:00:31 . Memory (MB): peak = 1317.941 ; gain = 914.859
Command: opt_design
Attempting to get a license for feature 'Implementation' and/or device 'xc7z020'
INFO: [Common 17-349] Got license for feature 'Implementation' and/or device 'xc7z020'
Running DRC as a precondition to command opt_design

Starting DRC Task
INFO: [DRC 23-27] Running DRC with 2 threads
INFO: [Project 1-461] DRC finished with 0 Errors
INFO: [Project 1-462] Please refer to the DRC report (report_drc) for more information.

Time (s): cpu = 00:00:06 ; elapsed = 00:00:04 . Memory (MB): peak = 1344.051 ; gain = 26.109

Starting Cache Timing Information Task
INFO: [Timing 38-35] Done setting XDC timing constraints.
INFO: [Timing 38-2] Deriving generated clocks
Ending Cache Timing Information Task | Checksum: 207759723

Time (s): cpu = 00:00:00 ; elapsed = 00:00:00.154 . Memory (MB): peak = 1381.188 ; gain = 37.137

Starting Logic Optimization Task

Phase 1 Initialization

Phase 1.1 Core Generation And Design Setup
Phase 1.1 Core Generation And Design Setup | Checksum: 207759723

Time (s): cpu = 00:00:00 ; elapsed = 00:00:00.007 . Memory (MB): peak = 1773.086 ; gain = 0.000

Phase 1.2 Setup Constraints And Sort Netlist
Phase 1.2 Setup Constraints And Sort Netlist | Checksum: 207759723

Time (s): cpu = 00:00:00 ; elapsed = 00:00:00.011 . Memory (MB): peak = 1773.086 ; gain = 0.000
Phase 1 Initialization | Checksum: 207759723

Time (s): cpu = 00:00:00 ; elapsed = 00:00:00.012 . Memory (MB): peak = 1773.086 ; gain = 0.000

Phase 2 Timer Update And Timing Data Collection

Phase 2.1 Timer Update
Phase 2.1 Timer Update | Checksum: 207759723

Time (s): cpu = 00:00:00 ; elapsed = 00:00:00.136 . Memory (MB): peak = 1773.086 ; gain = 0.000

Phase 2.2 Timing Data Collection
Phase 2.2 Timing Data Collection | Checksum: 207759723

Time (s): cpu = 00:00:00 ; elapsed = 00:00:00.159 . Memory (MB): peak = 1773.086 ; gain = 0.000
Phase 2 Timer Update And Timing Data Collection | Checksum: 207759723

Time (s): cpu = 00:00:00 ; elapsed = 00:00:00.160 . Memory (MB): peak = 1773.086 ; gain = 0.000

Phase 3 Retarget
INFO: [Opt 31-1851] Number of loadless carry chains removed were: 0
INFO: [Opt 31-1834] Total Chains To Be Transformed Were: 0 AND Number of Transformed insts Created are: 0
INFO: [Opt 31-138] Pushed 1 inverter(s) to 7 load pin(s).
INFO: [Opt 31-49] Retargeted 0 cell(s).
Phase 3 Retarget | Checksum: 1460d98c8

Time (s): cpu = 00:00:00 ; elapsed = 00:00:00.234 . Memory (MB): peak = 1773.086 ; gain = 0.000
Retarget | Checksum: 1460d98c8
INFO: [Opt 31-389] Phase Retarget created 0 cells and removed 1 cells
INFO: [Opt 31-1021] In phase Retarget, 1 netlist objects are constrained preventing optimization. Please run opt_design with -debug_log to get more detail. 

Phase 4 Constant propagation
INFO: [Opt 31-138] Pushed 0 inverter(s) to 0 load pin(s).
Phase 4 Constant propagation | Checksum: 174ccceaf

Time (s): cpu = 00:00:00 ; elapsed = 00:00:00.257 . Memory (MB): peak = 1773.086 ; gain = 0.000
Constant propagation | Checksum: 174ccceaf
INFO: [Opt 31-389] Phase Constant propagation created 0 cells and removed 0 cells

Phase 5 Sweep
INFO: [Constraints 18-11670] Building netlist checker database with flags, 0x8
Done building netlist checker database: Time (s): cpu = 00:00:00 ; elapsed = 00:00:00.001 . Memory (MB): peak = 1773.086 ; gain = 0.000
Phase 5 Sweep | Checksum: 1d30b8486

Time (s): cpu = 00:00:00 ; elapsed = 00:00:00.300 . Memory (MB): peak = 1773.086 ; gain = 0.000
Sweep | Checksum: 1d30b8486
INFO: [Opt 31-389] Phase Sweep created 1 cells and removed 0 cells

Phase 6 BUFG optimization
Phase 6 BUFG optimization | Checksum: 1d30b8486

Time (s): cpu = 00:00:00 ; elapsed = 00:00:00.604 . Memory (MB): peak = 1773.086 ; gain = 0.000
BUFG optimization | Checksum: 1d30b8486
INFO: [Opt 31-662] Phase BUFG optimization created 0 cells of which 0 are BUFGs and removed 0 cells.

Phase 7 Shift Register Optimization
INFO: [Opt 31-1064] SRL Remap converted 0 SRLs to 0 registers and converted 0 registers of register chains to 0 SRLs
Phase 7 Shift Register Optimization | Checksum: 1d30b8486

Time (s): cpu = 00:00:00 ; elapsed = 00:00:00.607 . Memory (MB): peak = 1773.086 ; gain = 0.000
Shift Register Optimization | Checksum: 1d30b8486
INFO: [Opt 31-389] Phase Shift Register Optimization created 0 cells and removed 0 cells

Phase 8 Post Processing Netlist
Phase 8 Post Processing Netlist | Checksum: 155152139

Time (s): cpu = 00:00:00 ; elapsed = 00:00:00.612 . Memory (MB): peak = 1773.086 ; gain = 0.000
Post Processing Netlist | Checksum: 155152139
INFO: [Opt 31-389] Phase Post Processing Netlist created 0 cells and removed 0 cells

Phase 9 Finalization

Phase 9.1 Finalizing Design Cores and Updating Shapes
Phase 9.1 Finalizing Design Cores and Updating Shapes | Checksum: 213d570ef

Time (s): cpu = 00:00:00 ; elapsed = 00:00:00.658 . Memory (MB): peak = 1773.086 ; gain = 0.000

Phase 9.2 Verifying Netlist Connectivity

Starting Connectivity Check Task

Time (s): cpu = 00:00:00 ; elapsed = 00:00:00.025 . Memory (MB): peak = 1773.086 ; gain = 0.000
Phase 9.2 Verifying Netlist Connectivity | Checksum: 213d570ef

Time (s): cpu = 00:00:00 ; elapsed = 00:00:00.684 . Memory (MB): peak = 1773.086 ; gain = 0.000
Phase 9 Finalization | Checksum: 213d570ef

Time (s): cpu = 00:00:00 ; elapsed = 00:00:00.684 . Memory (MB): peak = 1773.086 ; gain = 0.000
Opt_design Change Summary
=========================


-------------------------------------------------------------------------------------------------------------------------
|  Phase                        |  #Cells created  |  #Cells Removed  |  #Constrained objects preventing optimizations  |
-------------------------------------------------------------------------------------------------------------------------
|  Retarget                     |               0  |               1  |                                              1  |
|  Constant propagation         |               0  |               0  |                                              0  |
|  Sweep                        |               1  |               0  |                                              0  |
|  BUFG optimization            |               0  |               0  |                                              0  |
|  Shift Register Optimization  |               0  |               0  |                                              0  |
|  Post Processing Netlist      |               0  |               0  |                                              0  |
-------------------------------------------------------------------------------------------------------------------------


Ending Logic Optimization Task | Checksum: 213d570ef

Time (s): cpu = 00:00:00 ; elapsed = 00:00:00.687 . Memory (MB): peak = 1773.086 ; gain = 0.000

Starting Power Optimization Task
INFO: [Pwropt 34-132] Skipping clock gating for clocks with a period < 2.00 ns.
Ending Power Optimization Task | Checksum: 213d570ef

Time (s): cpu = 00:00:00 ; elapsed = 00:00:00.024 . Memory (MB): peak = 1773.086 ; gain = 0.000

Starting Final Cleanup Task
Ending Final Cleanup Task | Checksum: 213d570ef

Time (s): cpu = 00:00:00 ; elapsed = 00:00:00 . Memory (MB): peak = 1773.086 ; gain = 0.000

Starting Netlist Obfuscation Task
Netlist sorting complete. Time (s): cpu = 00:00:00 ; elapsed = 00:00:00.001 . Memory (MB): peak = 1773.086 ; gain = 0.000
Ending Netlist Obfuscation Task | Checksum: 213d570ef

Time (s): cpu = 00:00:00 ; elapsed = 00:00:00.001 . Memory (MB): peak = 1773.086 ; gain = 0.000
INFO: [Common 17-83] Releasing license: Implementation
39 Infos, 0 Warnings, 0 Critical Warnings and 0 Errors encountered.
opt_design completed successfully
opt_design: Time (s): cpu = 00:00:12 ; elapsed = 00:00:11 . Memory (MB): peak = 1773.086 ; gain = 455.145
INFO: [Vivado 12-24828] Executing command : report_drc -file design_2_wrapper_drc_opted.rpt -pb design_2_wrapper_drc_opted.pb -rpx design_2_wrapper_drc_opted.rpx
Command: report_drc -file design_2_wrapper_drc_opted.rpt -pb design_2_wrapper_drc_opted.pb -rpx design_2_wrapper_drc_opted.rpx
INFO: [IP_Flow 19-1839] IP Catalog is up to date.
INFO: [DRC 23-27] Running DRC with 2 threads
INFO: [Vivado_Tcl 2-168] The results of DRC are in file C:/Users/ryansundermeyer/vivado-projects/pwm_gen/pwm_gen.runs/impl_1/design_2_wrapper_drc_opted.rpt.
report_drc completed successfully
report_drc: Time (s): cpu = 00:00:07 ; elapsed = 00:00:05 . Memory (MB): peak = 1773.086 ; gain = 0.000
generate_parallel_reports: Time (s): cpu = 00:00:07 ; elapsed = 00:00:05 . Memory (MB): peak = 1773.086 ; gain = 0.000
INFO: [Timing 38-480] Writing timing data to binary archive.
Write ShapeDB Complete: Time (s): cpu = 00:00:00 ; elapsed = 00:00:00.013 . Memory (MB): peak = 1773.086 ; gain = 0.000
Wrote PlaceDB: Time (s): cpu = 00:00:00 ; elapsed = 00:00:00.010 . Memory (MB): peak = 1773.086 ; gain = 0.000
Wrote PulsedLatchDB: Time (s): cpu = 00:00:00 ; elapsed = 00:00:00.001 . Memory (MB): peak = 1773.086 ; gain = 0.000
Writing XDEF routing.
Writing XDEF routing logical nets.
Writing XDEF routing special nets.
Wrote RouteStorage: Time (s): cpu = 00:00:00 ; elapsed = 00:00:00.077 . Memory (MB): peak = 1773.086 ; gain = 0.000
Wrote Netlist Cache: Time (s): cpu = 00:00:00 ; elapsed = 00:00:00.001 . Memory (MB): peak = 1773.086 ; gain = 0.000
Wrote Device Cache: Time (s): cpu = 00:00:00 ; elapsed = 00:00:00.040 . Memory (MB): peak = 1773.086 ; gain = 0.000
Write Physdb Complete: Time (s): cpu = 00:00:00 ; elapsed = 00:00:00.147 . Memory (MB): peak = 1773.086 ; gain = 0.000
INFO: [Common 17-1381] The checkpoint 'C:/Users/ryansundermeyer/vivado-projects/pwm_gen/pwm_gen.runs/impl_1/design_2_wrapper_opt.dcp' has been generated.
Command: place_design
Attempting to get a license for feature 'Implementation' and/or device 'xc7z020'
INFO: [Common 17-349] Got license for feature 'Implementation' and/or device 'xc7z020'
INFO: [Common 17-83] Releasing license: Implementation
INFO: [DRC 23-27] Running DRC with 2 threads
INFO: [Vivado_Tcl 4-198] DRC finished with 0 Errors
INFO: [Vivado_Tcl 4-199] Please refer to the DRC report (report_drc) for more information.
Running DRC as a precondition to command place_design
INFO: [DRC 23-27] Running DRC with 2 threads
INFO: [Vivado_Tcl 4-198] DRC finished with 0 Errors
INFO: [Vivado_Tcl 4-199] Please refer to the DRC report (report_drc) for more information.
INFO: [Place 30-611] Multithreading enabled for place_design using a maximum of 2 CPUs

Starting Placer Task

Phase 1 Placer Initialization

Phase 1.1 Placer Initialization Netlist Sorting
Netlist sorting complete. Time (s): cpu = 00:00:00 ; elapsed = 00:00:00 . Memory (MB): peak = 1773.086 ; gain = 0.000
Phase 1.1 Placer Initialization Netlist Sorting | Checksum: 169823687

Time (s): cpu = 00:00:00 ; elapsed = 00:00:00.006 . Memory (MB): peak = 1773.086 ; gain = 0.000
Netlist sorting complete. Time (s): cpu = 00:00:00 ; elapsed = 00:00:00 . Memory (MB): peak = 1773.086 ; gain = 0.000

Phase 1.2 IO Placement/ Clock Placement/ Build Placer Device
INFO: [Timing 38-35] Done setting XDC timing constraints.
Phase 1.2 IO Placement/ Clock Placement/ Build Placer Device | Checksum: 1c96ea85f

Time (s): cpu = 00:00:00 ; elapsed = 00:00:00.383 . Memory (MB): peak = 1773.086 ; gain = 0.000

Phase 1.3 Build Placer Netlist Model
Phase 1.3 Build Placer Netlist Model | Checksum: 233d7b944

Time (s): cpu = 00:00:01 ; elapsed = 00:00:01 . Memory (MB): peak = 1773.086 ; gain = 0.000

Phase 1.4 Constrain Clocks/Macros
Phase 1.4 Constrain Clocks/Macros | Checksum: 233d7b944

Time (s): cpu = 00:00:01 ; elapsed = 00:00:01 . Memory (MB): peak = 1773.086 ; gain = 0.000
Phase 1 Placer Initialization | Checksum: 233d7b944

Time (s): cpu = 00:00:01 ; elapsed = 00:00:01 . Memory (MB): peak = 1773.086 ; gain = 0.000

Phase 2 Global Placement

Phase 2.1 Floorplanning
Phase 2.1 Floorplanning | Checksum: 276ba0509

Time (s): cpu = 00:00:01 ; elapsed = 00:00:02 . Memory (MB): peak = 1773.086 ; gain = 0.000

Phase 2.2 Update Timing before SLR Path Opt
Phase 2.2 Update Timing before SLR Path Opt | Checksum: 2402bd80a

Time (s): cpu = 00:00:02 ; elapsed = 00:00:02 . Memory (MB): peak = 1773.086 ; gain = 0.000

Phase 2.3 Post-Processing in Floorplanning
Phase 2.3 Post-Processing in Floorplanning | Checksum: 2402bd80a

Time (s): cpu = 00:00:02 ; elapsed = 00:00:02 . Memory (MB): peak = 1773.086 ; gain = 0.000

Phase 2.4 Global Place Phase1
Phase 2.4 Global Place Phase1 | Checksum: 24754b61a

Time (s): cpu = 00:00:11 ; elapsed = 00:00:18 . Memory (MB): peak = 1773.086 ; gain = 0.000

Phase 2.5 Global Place Phase2

Phase 2.5.1 UpdateTiming Before Physical Synthesis
Phase 2.5.1 UpdateTiming Before Physical Synthesis | Checksum: 24754b61a

Time (s): cpu = 00:00:11 ; elapsed = 00:00:18 . Memory (MB): peak = 1773.086 ; gain = 0.000

Phase 2.5.2 Physical Synthesis In Placer
INFO: [Physopt 32-1035] Found 0 LUTNM shape to break, 10 LUT instances to create LUTNM shape
INFO: [Physopt 32-1044] Break lutnm for timing: one critical 0, two critical 0, total 0, new lutff created 0
INFO: [Physopt 32-1138] End 1 Pass. Optimized 5 nets or LUTs. Breaked 0 LUT, combined 5 existing LUTs and moved 0 existing LUT
INFO: [Physopt 32-65] No nets found for high-fanout optimization.
INFO: [Physopt 32-232] Optimized 0 net. Created 0 new instance.
INFO: [Physopt 32-775] End 1 Pass. Optimized 0 net or cell. Created 0 new cell, deleted 0 existing cell and moved 0 existing cell
INFO: [Physopt 32-670] No setup violation found.  DSP Register Optimization was not performed.
INFO: [Physopt 32-670] No setup violation found.  Shift Register to Pipeline Optimization was not performed.
INFO: [Physopt 32-670] No setup violation found.  Shift Register Optimization was not performed.
INFO: [Physopt 32-670] No setup violation found.  BRAM Register Optimization was not performed.
INFO: [Physopt 32-670] No setup violation found.  URAM Register Optimization was not performed.
INFO: [Physopt 32-949] No candidate nets found for dynamic/static region interface net replication
INFO: [Physopt 32-775] End 1 Pass. Optimized 0 net or cell. Created 0 new cell, deleted 0 existing cell and moved 0 existing cell
Netlist sorting complete. Time (s): cpu = 00:00:00 ; elapsed = 00:00:00.001 . Memory (MB): peak = 1773.086 ; gain = 0.000

Summary of Physical Synthesis Optimizations
============================================


-----------------------------------------------------------------------------------------------------------------------------------------------------------
|  Optimization                                     |  Added Cells  |  Removed Cells  |  Optimized Cells/Nets  |  Dont Touch  |  Iterations  |  Elapsed   |
-----------------------------------------------------------------------------------------------------------------------------------------------------------
|  LUT Combining                                    |            0  |              5  |                     5  |           0  |           1  |  00:00:00  |
|  Retime                                           |            0  |              0  |                     0  |           0  |           1  |  00:00:00  |
|  Very High Fanout                                 |            0  |              0  |                     0  |           0  |           1  |  00:00:00  |
|  DSP Register                                     |            0  |              0  |                     0  |           0  |           0  |  00:00:00  |
|  Shift Register to Pipeline                       |            0  |              0  |                     0  |           0  |           0  |  00:00:00  |
|  Shift Register                                   |            0  |              0  |                     0  |           0  |           0  |  00:00:00  |
|  BRAM Register                                    |            0  |              0  |                     0  |           0  |           0  |  00:00:00  |
|  URAM Register                                    |            0  |              0  |                     0  |           0  |           0  |  00:00:00  |
|  Dynamic/Static Region Interface Net Replication  |            0  |              0  |                     0  |           0  |           1  |  00:00:00  |
|  Total                                            |            0  |              5  |                     5  |           0  |           4  |  00:00:00  |
-----------------------------------------------------------------------------------------------------------------------------------------------------------


Phase 2.5.2 Physical Synthesis In Placer | Checksum: 21f97624c

Time (s): cpu = 00:00:11 ; elapsed = 00:00:19 . Memory (MB): peak = 1773.086 ; gain = 0.000
Phase 2.5 Global Place Phase2 | Checksum: 24f222762

Time (s): cpu = 00:00:11 ; elapsed = 00:00:19 . Memory (MB): peak = 1773.086 ; gain = 0.000
Phase 2 Global Placement | Checksum: 24f222762

Time (s): cpu = 00:00:11 ; elapsed = 00:00:19 . Memory (MB): peak = 1773.086 ; gain = 0.000

Phase 3 Detail Placement

Phase 3.1 Commit Multi Column Macros
Phase 3.1 Commit Multi Column Macros | Checksum: 285127a20

Time (s): cpu = 00:00:12 ; elapsed = 00:00:19 . Memory (MB): peak = 1773.086 ; gain = 0.000

Phase 3.2 Commit Most Macros & LUTRAMs
Phase 3.2 Commit Most Macros & LUTRAMs | Checksum: 213f6f4a1

Time (s): cpu = 00:00:12 ; elapsed = 00:00:20 . Memory (MB): peak = 1773.086 ; gain = 0.000

Phase 3.3 Area Swap Optimization
Phase 3.3 Area Swap Optimization | Checksum: 1ff9fbc2a

Time (s): cpu = 00:00:12 ; elapsed = 00:00:20 . Memory (MB): peak = 1773.086 ; gain = 0.000

Phase 3.4 Pipeline Register Optimization
Phase 3.4 Pipeline Register Optimization | Checksum: 205f4f097

Time (s): cpu = 00:00:12 ; elapsed = 00:00:20 . Memory (MB): peak = 1773.086 ; gain = 0.000

Phase 3.5 Small Shape Detail Placement
Phase 3.5 Small Shape Detail Placement | Checksum: 1eb6e5b62

Time (s): cpu = 00:00:13 ; elapsed = 00:00:21 . Memory (MB): peak = 1773.086 ; gain = 0.000

Phase 3.6 Re-assign LUT pins
Phase 3.6 Re-assign LUT pins | Checksum: 21bdfcda5

Time (s): cpu = 00:00:13 ; elapsed = 00:00:21 . Memory (MB): peak = 1773.086 ; gain = 0.000

Phase 3.7 Pipeline Register Optimization
Phase 3.7 Pipeline Register Optimization | Checksum: 235310a12

Time (s): cpu = 00:00:13 ; elapsed = 00:00:21 . Memory (MB): peak = 1773.086 ; gain = 0.000
Phase 3 Detail Placement | Checksum: 235310a12

Time (s): cpu = 00:00:13 ; elapsed = 00:00:21 . Memory (MB): peak = 1773.086 ; gain = 0.000

Phase 4 Post Placement Optimization and Clean-Up

Phase 4.1 Post Commit Optimization
INFO: [Timing 38-35] Done setting XDC timing constraints.

Phase 4.1.1 Post Placement Optimization
Post Placement Optimization Initialization | Checksum: 17a558edc

Phase 4.1.1.1 BUFG Insertion

Starting Physical Synthesis Task

Phase 1 Physical Synthesis Initialization
INFO: [Physopt 32-721] Multithreading enabled for phys_opt_design using a maximum of 2 CPUs
INFO: [Physopt 32-619] Estimated Timing Summary | WNS=10.709 | TNS=0.000 |
Phase 1 Physical Synthesis Initialization | Checksum: 1ad6f7a0a

Time (s): cpu = 00:00:00 ; elapsed = 00:00:00.072 . Memory (MB): peak = 1782.637 ; gain = 0.000
INFO: [Place 46-56] BUFG insertion identified 0 candidate nets. Inserted BUFG: 0, Replicated BUFG Driver: 0, Skipped due to Placement/Routing Conflicts: 0, Skipped due to Timing Degradation: 0, Skipped due to netlist editing failed: 0.
Ending Physical Synthesis Task | Checksum: 2156f2e01

Time (s): cpu = 00:00:00 ; elapsed = 00:00:00.080 . Memory (MB): peak = 1782.637 ; gain = 0.000
Phase 4.1.1.1 BUFG Insertion | Checksum: 17a558edc

Time (s): cpu = 00:00:13 ; elapsed = 00:00:21 . Memory (MB): peak = 1782.637 ; gain = 9.551

Phase 4.1.1.2 Post Placement Timing Optimization
INFO: [Place 30-746] Post Placement Timing Summary WNS=10.709. For the most accurate timing information please run report_timing.
Phase 4.1.1.2 Post Placement Timing Optimization | Checksum: 242bd93a3

Time (s): cpu = 00:00:13 ; elapsed = 00:00:21 . Memory (MB): peak = 1782.637 ; gain = 9.551

Time (s): cpu = 00:00:13 ; elapsed = 00:00:21 . Memory (MB): peak = 1782.637 ; gain = 9.551
Phase 4.1 Post Commit Optimization | Checksum: 242bd93a3

Time (s): cpu = 00:00:13 ; elapsed = 00:00:21 . Memory (MB): peak = 1782.637 ; gain = 9.551

Phase 4.2 Post Placement Cleanup
Phase 4.2 Post Placement Cleanup | Checksum: 242bd93a3

Time (s): cpu = 00:00:13 ; elapsed = 00:00:21 . Memory (MB): peak = 1782.637 ; gain = 9.551

Phase 4.3 Placer Reporting

Phase 4.3.1 Print Estimated Congestion
INFO: [Place 30-612] Post-Placement Estimated Congestion 
 ____________________________________________________
|           | Global Congestion | Short Congestion  |
| Direction | Region Size       | Region Size       |
|___________|___________________|___________________|
|      North|                1x1|                1x1|
|___________|___________________|___________________|
|      South|                1x1|                1x1|
|___________|___________________|___________________|
|       East|                1x1|                1x1|
|___________|___________________|___________________|
|       West|                1x1|                1x1|
|___________|___________________|___________________|

Phase 4.3.1 Print Estimated Congestion | Checksum: 242bd93a3

Time (s): cpu = 00:00:13 ; elapsed = 00:00:21 . Memory (MB): peak = 1782.637 ; gain = 9.551
Phase 4.3 Placer Reporting | Checksum: 242bd93a3

Time (s): cpu = 00:00:13 ; elapsed = 00:00:22 . Memory (MB): peak = 1782.637 ; gain = 9.551

Phase 4.4 Final Placement Cleanup
Netlist sorting complete. Time (s): cpu = 00:00:00 ; elapsed = 00:00:00.001 . Memory (MB): peak = 1782.637 ; gain = 0.000

Time (s): cpu = 00:00:13 ; elapsed = 00:00:22 . Memory (MB): peak = 1782.637 ; gain = 9.551
Phase 4 Post Placement Optimization and Clean-Up | Checksum: 18bddfa84

Time (s): cpu = 00:00:13 ; elapsed = 00:00:22 . Memory (MB): peak = 1782.637 ; gain = 9.551
Ending Placer Task | Checksum: b43c5a7a

Time (s): cpu = 00:00:13 ; elapsed = 00:00:22 . Memory (MB): peak = 1782.637 ; gain = 9.551
74 Infos, 0 Warnings, 0 Critical Warnings and 0 Errors encountered.
place_design completed successfully
place_design: Time (s): cpu = 00:00:21 ; elapsed = 00:00:26 . Memory (MB): peak = 1782.637 ; gain = 9.551
INFO: [Vivado 12-24838] Running report commands "report_control_sets, report_io, report_utilization" in parallel.
Running report generation with 2 threads.
INFO: [Vivado 12-24828] Executing command : report_utilization -file design_2_wrapper_utilization_placed.rpt -pb design_2_wrapper_utilization_placed.pb
INFO: [Vivado 12-24828] Executing command : report_control_sets -verbose -file design_2_wrapper_control_sets_placed.rpt
report_control_sets: Time (s): cpu = 00:00:00 ; elapsed = 00:00:00.006 . Memory (MB): peak = 1782.637 ; gain = 0.000
INFO: [Vivado 12-24828] Executing command : report_io -file design_2_wrapper_io_placed.rpt
report_io: Time (s): cpu = 00:00:01 ; elapsed = 00:00:00.140 . Memory (MB): peak = 1782.637 ; gain = 0.000
Write ShapeDB Complete: Time (s): cpu = 00:00:00 ; elapsed = 00:00:00.011 . Memory (MB): peak = 1786.352 ; gain = 0.000
INFO: [Timing 38-480] Writing timing data to binary archive.
Wrote PlaceDB: Time (s): cpu = 00:00:00 ; elapsed = 00:00:00.226 . Memory (MB): peak = 1786.395 ; gain = 0.043
Wrote PulsedLatchDB: Time (s): cpu = 00:00:00 ; elapsed = 00:00:00 . Memory (MB): peak = 1786.395 ; gain = 0.000
Writing XDEF routing.
Writing XDEF routing logical nets.
Writing XDEF routing special nets.
Wrote RouteStorage: Time (s): cpu = 00:00:00 ; elapsed = 00:00:00.038 . Memory (MB): peak = 1786.395 ; gain = 0.000
Wrote Netlist Cache: Time (s): cpu = 00:00:00 ; elapsed = 00:00:00.003 . Memory (MB): peak = 1786.395 ; gain = 0.000
Wrote Device Cache: Time (s): cpu = 00:00:00 ; elapsed = 00:00:00.021 . Memory (MB): peak = 1786.395 ; gain = 0.000
Write Physdb Complete: Time (s): cpu = 00:00:00 ; elapsed = 00:00:00.296 . Memory (MB): peak = 1786.395 ; gain = 0.043
INFO: [Common 17-1381] The checkpoint 'C:/Users/ryansundermeyer/vivado-projects/pwm_gen/pwm_gen.runs/impl_1/design_2_wrapper_placed.dcp' has been generated.
Command: phys_opt_design
Attempting to get a license for feature 'Implementation' and/or device 'xc7z020'
INFO: [Common 17-349] Got license for feature 'Implementation' and/or device 'xc7z020'

Starting Initial Update Timing Task

Time (s): cpu = 00:00:01 ; elapsed = 00:00:00.226 . Memory (MB): peak = 1786.395 ; gain = 0.000
INFO: [Vivado_Tcl 4-2279] Estimated Timing Summary | WNS= 10.709 | TNS= 0.000 | 
INFO: [Vivado_Tcl 4-383] Design worst setup slack (WNS) is greater than or equal to 0.000 ns. All physical synthesis setup optimizations will be skipped.
INFO: [Vivado_Tcl 4-232] No setup violation found. The netlist was not modified.
INFO: [Common 17-83] Releasing license: Implementation
85 Infos, 0 Warnings, 0 Critical Warnings and 0 Errors encountered.
phys_opt_design completed successfully
Write ShapeDB Complete: Time (s): cpu = 00:00:00 ; elapsed = 00:00:00.010 . Memory (MB): peak = 1802.914 ; gain = 0.000
INFO: [Timing 38-480] Writing timing data to binary archive.
Wrote PlaceDB: Time (s): cpu = 00:00:00 ; elapsed = 00:00:00.142 . Memory (MB): peak = 1802.914 ; gain = 0.000
Wrote PulsedLatchDB: Time (s): cpu = 00:00:00 ; elapsed = 00:00:00 . Memory (MB): peak = 1802.914 ; gain = 0.000
Writing XDEF routing.
Writing XDEF routing logical nets.
Writing XDEF routing special nets.
Wrote RouteStorage: Time (s): cpu = 00:00:00 ; elapsed = 00:00:00.036 . Memory (MB): peak = 1802.914 ; gain = 0.000
Wrote Netlist Cache: Time (s): cpu = 00:00:00 ; elapsed = 00:00:00.003 . Memory (MB): peak = 1802.914 ; gain = 0.000
Wrote Device Cache: Time (s): cpu = 00:00:00 ; elapsed = 00:00:00.020 . Memory (MB): peak = 1802.914 ; gain = 0.000
Write Physdb Complete: Time (s): cpu = 00:00:00 ; elapsed = 00:00:00.209 . Memory (MB): peak = 1802.914 ; gain = 0.000
INFO: [Common 17-1381] The checkpoint 'C:/Users/ryansundermeyer/vivado-projects/pwm_gen/pwm_gen.runs/impl_1/design_2_wrapper_physopt.dcp' has been generated.
Command: route_design
Attempting to get a license for feature 'Implementation' and/or device 'xc7z020'
INFO: [Common 17-349] Got license for feature 'Implementation' and/or device 'xc7z020'


Starting Routing Task
INFO: [Route 35-254] Multithreading enabled for route_design using a maximum of 2 CPUs

Phase 1 Build RT Design
Checksum: PlaceDB: 613fdc4a ConstDB: 0 ShapeSum: 3d030b40 RouteDB: 15f972f0
Post Restoration Checksum: NetGraph: ea6991fe | NumContArr: 22154b52 | Constraints: c2a8fa9d | Timing: c2a8fa9d
Phase 1 Build RT Design | Checksum: 291d0d28a

Time (s): cpu = 00:00:46 ; elapsed = 00:00:42 . Memory (MB): peak = 1905.172 ; gain = 102.254

Phase 2 Router Initialization

Phase 2.1 Fix Topology Constraints
Phase 2.1 Fix Topology Constraints | Checksum: 291d0d28a

Time (s): cpu = 00:00:46 ; elapsed = 00:00:42 . Memory (MB): peak = 1905.172 ; gain = 102.254

Phase 2.2 Pre Route Cleanup
Phase 2.2 Pre Route Cleanup | Checksum: 291d0d28a

Time (s): cpu = 00:00:46 ; elapsed = 00:00:42 . Memory (MB): peak = 1905.172 ; gain = 102.254
 Number of Nodes with overlaps = 0

Phase 2.3 Update Timing
Phase 2.3 Update Timing | Checksum: 22650294a

Time (s): cpu = 00:00:48 ; elapsed = 00:00:44 . Memory (MB): peak = 1941.414 ; gain = 138.496
INFO: [Route 35-416] Intermediate Timing Summary | WNS=10.613 | TNS=0.000  | WHS=-0.154 | THS=-10.871|


Router Utilization Summary
  Global Vertical Routing Utilization    = 0 %
  Global Horizontal Routing Utilization  = 0 %
  Routable Net Status*
  *Does not include unroutable nets such as driverless and loadless.
  Run report_route_status for detailed report.
  Number of Failed Nets               = 750
    (Failed Nets is the sum of unrouted and partially routed nets)
  Number of Unrouted Nets             = 750
  Number of Partially Routed Nets     = 0
  Number of Node Overlaps             = 0

Phase 2 Router Initialization | Checksum: 1cf4fbf9f

Time (s): cpu = 00:00:49 ; elapsed = 00:00:44 . Memory (MB): peak = 1941.414 ; gain = 138.496

Phase 3 Global Routing
Phase 3 Global Routing | Checksum: 1cf4fbf9f

Time (s): cpu = 00:00:49 ; elapsed = 00:00:44 . Memory (MB): peak = 1941.414 ; gain = 138.496

Phase 4 Initial Routing

Phase 4.1 Initial Net Routing Pass
Phase 4.1 Initial Net Routing Pass | Checksum: 28d980d9b

Time (s): cpu = 00:00:49 ; elapsed = 00:00:45 . Memory (MB): peak = 1941.414 ; gain = 138.496
Phase 4 Initial Routing | Checksum: 28d980d9b

Time (s): cpu = 00:00:49 ; elapsed = 00:00:45 . Memory (MB): peak = 1941.414 ; gain = 138.496

Phase 5 Rip-up And Reroute

Phase 5.1 Global Iteration 0
 Number of Nodes with overlaps = 15
 Number of Nodes with overlaps = 0
INFO: [Route 35-416] Intermediate Timing Summary | WNS=10.406 | TNS=0.000  | WHS=N/A    | THS=N/A    |

Phase 5.1 Global Iteration 0 | Checksum: 12ae598d8

Time (s): cpu = 00:00:50 ; elapsed = 00:00:45 . Memory (MB): peak = 1941.414 ; gain = 138.496
Phase 5 Rip-up And Reroute | Checksum: 12ae598d8

Time (s): cpu = 00:00:50 ; elapsed = 00:00:45 . Memory (MB): peak = 1941.414 ; gain = 138.496

Phase 6 Delay and Skew Optimization

Phase 6.1 Delay CleanUp
Phase 6.1 Delay CleanUp | Checksum: 12ae598d8

Time (s): cpu = 00:00:50 ; elapsed = 00:00:45 . Memory (MB): peak = 1941.414 ; gain = 138.496

Phase 6.2 Clock Skew Optimization
Phase 6.2 Clock Skew Optimization | Checksum: 12ae598d8

Time (s): cpu = 00:00:50 ; elapsed = 00:00:45 . Memory (MB): peak = 1941.414 ; gain = 138.496
Phase 6 Delay and Skew Optimization | Checksum: 12ae598d8

Time (s): cpu = 00:00:50 ; elapsed = 00:00:45 . Memory (MB): peak = 1941.414 ; gain = 138.496

Phase 7 Post Hold Fix

Phase 7.1 Hold Fix Iter
INFO: [Route 35-416] Intermediate Timing Summary | WNS=10.521 | TNS=0.000  | WHS=0.097  | THS=0.000  |

Phase 7.1 Hold Fix Iter | Checksum: 19ece3a99

Time (s): cpu = 00:00:50 ; elapsed = 00:00:45 . Memory (MB): peak = 1941.414 ; gain = 138.496
Phase 7 Post Hold Fix | Checksum: 19ece3a99

Time (s): cpu = 00:00:50 ; elapsed = 00:00:45 . Memory (MB): peak = 1941.414 ; gain = 138.496

Phase 8 Route finalize

Router Utilization Summary
  Global Vertical Routing Utilization    = 0.0956301 %
  Global Horizontal Routing Utilization  = 0.110632 %
  Routable Net Status*
  *Does not include unroutable nets such as driverless and loadless.
  Run report_route_status for detailed report.
  Number of Failed Nets               = 0
    (Failed Nets is the sum of unrouted and partially routed nets)
  Number of Unrouted Nets             = 0
  Number of Partially Routed Nets     = 0
  Number of Node Overlaps             = 0

Phase 8 Route finalize | Checksum: 19ece3a99

Time (s): cpu = 00:00:50 ; elapsed = 00:00:45 . Memory (MB): peak = 1941.414 ; gain = 138.496

Phase 9 Verifying routed nets

 Verification completed successfully
Phase 9 Verifying routed nets | Checksum: 19ece3a99

Time (s): cpu = 00:00:50 ; elapsed = 00:00:45 . Memory (MB): peak = 1941.414 ; gain = 138.496

Phase 10 Depositing Routes
Phase 10 Depositing Routes | Checksum: 22776cd9f

Time (s): cpu = 00:00:50 ; elapsed = 00:00:45 . Memory (MB): peak = 1941.414 ; gain = 138.496

Phase 11 Post Process Routing
Phase 11 Post Process Routing | Checksum: 22776cd9f

Time (s): cpu = 00:00:50 ; elapsed = 00:00:45 . Memory (MB): peak = 1941.414 ; gain = 138.496

Phase 12 Post Router Timing
INFO: [Route 35-57] Estimated Timing Summary | WNS=10.521 | TNS=0.000  | WHS=0.097  | THS=0.000  |

INFO: [Route 35-327] The final timing numbers are based on the router estimated timing analysis. For a complete and accurate timing signoff, please run report_timing_summary.
Phase 12 Post Router Timing | Checksum: 22776cd9f

Time (s): cpu = 00:00:50 ; elapsed = 00:00:45 . Memory (MB): peak = 1941.414 ; gain = 138.496
Total Elapsed time in route_design: 45.155 secs

Phase 13 Post-Route Event Processing
Phase 13 Post-Route Event Processing | Checksum: 13ed0e16e

Time (s): cpu = 00:00:50 ; elapsed = 00:00:45 . Memory (MB): peak = 1941.414 ; gain = 138.496
INFO: [Route 35-16] Router Completed Successfully
Ending Routing Task | Checksum: 13ed0e16e

Time (s): cpu = 00:00:50 ; elapsed = 00:00:45 . Memory (MB): peak = 1941.414 ; gain = 138.496

Routing Is Done.
INFO: [Common 17-83] Releasing license: Implementation
96 Infos, 0 Warnings, 0 Critical Warnings and 0 Errors encountered.
route_design completed successfully
route_design: Time (s): cpu = 00:00:50 ; elapsed = 00:00:45 . Memory (MB): peak = 1941.414 ; gain = 138.500
INFO: [Vivado 12-24828] Executing command : report_drc -file design_2_wrapper_drc_routed.rpt -pb design_2_wrapper_drc_routed.pb -rpx design_2_wrapper_drc_routed.rpx
Command: report_drc -file design_2_wrapper_drc_routed.rpt -pb design_2_wrapper_drc_routed.pb -rpx design_2_wrapper_drc_routed.rpx
INFO: [IP_Flow 19-1839] IP Catalog is up to date.
INFO: [DRC 23-27] Running DRC with 2 threads
INFO: [Vivado_Tcl 2-168] The results of DRC are in file C:/Users/ryansundermeyer/vivado-projects/pwm_gen/pwm_gen.runs/impl_1/design_2_wrapper_drc_routed.rpt.
report_drc completed successfully
report_drc: Time (s): cpu = 00:00:21 ; elapsed = 00:00:12 . Memory (MB): peak = 1969.012 ; gain = 27.598
INFO: [Vivado 12-24828] Executing command : report_methodology -file design_2_wrapper_methodology_drc_routed.rpt -pb design_2_wrapper_methodology_drc_routed.pb -rpx design_2_wrapper_methodology_drc_routed.rpx
Command: report_methodology -file design_2_wrapper_methodology_drc_routed.rpt -pb design_2_wrapper_methodology_drc_routed.pb -rpx design_2_wrapper_methodology_drc_routed.rpx
INFO: [Timing 38-35] Done setting XDC timing constraints.
INFO: [DRC 23-133] Running Methodology with 2 threads
INFO: [Vivado_Tcl 2-1520] The results of Report Methodology are in file C:/Users/ryansundermeyer/vivado-projects/pwm_gen/pwm_gen.runs/impl_1/design_2_wrapper_methodology_drc_routed.rpt.
report_methodology completed successfully
report_methodology: Time (s): cpu = 00:00:20 ; elapsed = 00:00:11 . Memory (MB): peak = 2006.254 ; gain = 37.242
INFO: [Vivado 12-24828] Executing command : report_timing_summary -max_paths 10 -report_unconstrained -file design_2_wrapper_timing_summary_routed.rpt -pb design_2_wrapper_timing_summary_routed.pb -rpx design_2_wrapper_timing_summary_routed.rpx -warn_on_violation 
INFO: [Timing 38-35] Done setting XDC timing constraints.
INFO: [Timing 38-91] UpdateTimingParams: Speed grade: -1, Delay Type: min_max.
INFO: [Timing 38-191] Multithreading enabled for timing update using a maximum of 2 CPUs
INFO: [Vivado 12-24838] Running report commands "report_incremental_reuse, report_route_status" in parallel.
Running report generation with 2 threads.
INFO: [Vivado 12-24828] Executing command : report_route_status -file design_2_wrapper_route_status.rpt -pb design_2_wrapper_route_status.pb
INFO: [Vivado 12-24828] Executing command : report_incremental_reuse -file design_2_wrapper_incremental_reuse_routed.rpt
INFO: [Vivado_Tcl 4-1062] Incremental flow is disabled. No incremental reuse Info to report.
INFO: [Vivado 12-24828] Executing command : report_power -file design_2_wrapper_power_routed.rpt -pb design_2_wrapper_power_summary_routed.pb -rpx design_2_wrapper_power_routed.rpx
Command: report_power -file design_2_wrapper_power_routed.rpt -pb design_2_wrapper_power_summary_routed.pb -rpx design_2_wrapper_power_routed.rpx
Running Vector-less Activity Propagation...

Finished Running Vector-less Activity Propagation
113 Infos, 0 Warnings, 0 Critical Warnings and 0 Errors encountered.
report_power completed successfully
INFO: [Vivado 12-24828] Executing command : report_clock_utilization -file design_2_wrapper_clock_utilization_routed.rpt
INFO: [Vivado 12-24828] Executing command : report_bus_skew -warn_on_violation -file design_2_wrapper_bus_skew_routed.rpt -pb design_2_wrapper_bus_skew_routed.pb -rpx design_2_wrapper_bus_skew_routed.rpx
INFO: [Timing 38-91] UpdateTimingParams: Speed grade: -1, Delay Type: min_max.
INFO: [Timing 38-191] Multithreading enabled for timing update using a maximum of 2 CPUs
generate_parallel_reports: Time (s): cpu = 00:00:43 ; elapsed = 00:00:26 . Memory (MB): peak = 2015.527 ; gain = 74.113
INFO: [Timing 38-480] Writing timing data to binary archive.
Write ShapeDB Complete: Time (s): cpu = 00:00:00 ; elapsed = 00:00:00.011 . Memory (MB): peak = 2015.527 ; gain = 0.000
Wrote PlaceDB: Time (s): cpu = 00:00:00 ; elapsed = 00:00:00.147 . Memory (MB): peak = 2015.527 ; gain = 0.000
Wrote PulsedLatchDB: Time (s): cpu = 00:00:00 ; elapsed = 00:00:00 . Memory (MB): peak = 2015.527 ; gain = 0.000
Writing XDEF routing.
Writing XDEF routing logical nets.
Writing XDEF routing special nets.
Wrote RouteStorage: Time (s): cpu = 00:00:00 ; elapsed = 00:00:00.052 . Memory (MB): peak = 2015.527 ; gain = 0.000
Wrote Netlist Cache: Time (s): cpu = 00:00:00 ; elapsed = 00:00:00.003 . Memory (MB): peak = 2015.527 ; gain = 0.000
Wrote Device Cache: Time (s): cpu = 00:00:00 ; elapsed = 00:00:00.020 . Memory (MB): peak = 2015.527 ; gain = 0.000
Write Physdb Complete: Time (s): cpu = 00:00:00 ; elapsed = 00:00:00.231 . Memory (MB): peak = 2015.527 ; gain = 0.000
INFO: [Common 17-1381] The checkpoint 'C:/Users/ryansundermeyer/vivado-projects/pwm_gen/pwm_gen.runs/impl_1/design_2_wrapper_routed.dcp' has been generated.
Command: write_bitstream -force design_2_wrapper.bit
Attempting to get a license for feature 'Implementation' and/or device 'xc7z020'
INFO: [Common 17-349] Got license for feature 'Implementation' and/or device 'xc7z020'
Running DRC as a precondition to command write_bitstream
INFO: [IP_Flow 19-1839] IP Catalog is up to date.
INFO: [DRC 23-27] Running DRC with 2 threads
INFO: [Vivado 12-3199] DRC finished with 0 Errors
INFO: [Vivado 12-3200] Please refer to the DRC report (report_drc) for more information.
INFO: [Designutils 20-2272] Running write_bitstream with 2 threads.
Loading data files...
Loading site data...
Loading route data...
Processing options...
Creating bitmap...
Creating bitstream...
Writing bitstream ./design_2_wrapper.bit...
INFO: [Vivado 12-1842] Bitgen Completed Successfully.
INFO: [Project 1-1876] WebTalk data collection is mandatory when using a ULT device. To see the specific WebTalk data collected for your design, open the usage_statistics_webtalk.html or usage_statistics_webtalk.xml file in the implementation directory.
INFO: [Common 17-83] Releasing license: Implementation
128 Infos, 0 Warnings, 0 Critical Warnings and 0 Errors encountered.
write_bitstream completed successfully
write_bitstream: Time (s): cpu = 00:00:37 ; elapsed = 00:00:27 . Memory (MB): peak = 2503.129 ; gain = 487.602
INFO: [Common 17-206] Exiting Vivado at Sun Mar 15 23:20:08 2026...
