
*** Running vivado
    with args -log design_1_wrapper.vds -m64 -product Vivado -mode batch -messageDb vivado.pb -notrace -source design_1_wrapper.tcl



****** Vivado v2024.2 (64-bit)
  **** SW Build 5239630 on Fri Nov 08 22:35:27 MST 2024
  **** IP Build 5239520 on Sun Nov 10 16:12:51 MST 2024
  **** SharedData Build 5239561 on Fri Nov 08 14:39:27 MST 2024
  **** Start of session at: Wed Feb 11 12:03:57 2026
    ** Copyright 1986-2022 Xilinx, Inc. All Rights Reserved.
    ** Copyright 2022-2024 Advanced Micro Devices, Inc. All Rights Reserved.

source design_1_wrapper.tcl -notrace
INFO: [IP_Flow 19-234] Refreshing IP repositories
INFO: [IP_Flow 19-1704] No user IP repositories specified
INFO: [IP_Flow 19-2313] Loaded Vivado IP repository 'C:/Xilinx/Vivado/2024.2/data/ip'.
Command: read_checkpoint -auto_incremental -incremental C:/Users/ryansundermeyer/vivado-projects/lab2_7_seg/lab2_7_seg.srcs/utils_1/imports/synth_1/bcd.dcp
INFO: [Vivado 12-5825] Read reference checkpoint from C:/Users/ryansundermeyer/vivado-projects/lab2_7_seg/lab2_7_seg.srcs/utils_1/imports/synth_1/bcd.dcp for incremental synthesis
INFO: [Vivado 12-7989] Please ensure there are no constraint changes
Command: synth_design -top design_1_wrapper -part xc7a35tcpg236-1
Starting synth_design
Attempting to get a license for feature 'Synthesis' and/or device 'xc7a35t'
INFO: [Common 17-349] Got license for feature 'Synthesis' and/or device 'xc7a35t'
INFO: [Device 21-403] Loading part xc7a35tcpg236-1
INFO: [Synth 8-7079] Multithreading enabled for synth_design using a maximum of 2 processes.
INFO: [Synth 8-7078] Launching helper process for spawning children vivado processes
INFO: [Synth 8-7075] Helper process launched with PID 4084
---------------------------------------------------------------------------------
Starting RTL Elaboration : Time (s): cpu = 00:00:10 ; elapsed = 00:00:11 . Memory (MB): peak = 1057.090 ; gain = 466.301
---------------------------------------------------------------------------------
INFO: [Synth 8-6157] synthesizing module 'design_1_wrapper' [c:/Users/ryansundermeyer/vivado-projects/lab2_7_seg/lab2_7_seg.gen/sources_1/bd/design_1/hdl/design_1_wrapper.v:13]
INFO: [Synth 8-6157] synthesizing module 'design_1' [c:/Users/ryansundermeyer/vivado-projects/lab2_7_seg/lab2_7_seg.gen/sources_1/bd/design_1/synth/design_1.v:13]
INFO: [Synth 8-6157] synthesizing module 'design_1_bcd_0_0' [C:/Users/ryansundermeyer/vivado-projects/lab2_7_seg/lab2_7_seg.runs/synth_1/.Xil/Vivado-256-RYANSUNDERMA8F8/realtime/design_1_bcd_0_0_stub.v:6]
INFO: [Synth 8-6155] done synthesizing module 'design_1_bcd_0_0' (0#1) [C:/Users/ryansundermeyer/vivado-projects/lab2_7_seg/lab2_7_seg.runs/synth_1/.Xil/Vivado-256-RYANSUNDERMA8F8/realtime/design_1_bcd_0_0_stub.v:6]
INFO: [Synth 8-6155] done synthesizing module 'design_1' (0#1) [c:/Users/ryansundermeyer/vivado-projects/lab2_7_seg/lab2_7_seg.gen/sources_1/bd/design_1/synth/design_1.v:13]
INFO: [Synth 8-6155] done synthesizing module 'design_1_wrapper' (0#1) [c:/Users/ryansundermeyer/vivado-projects/lab2_7_seg/lab2_7_seg.gen/sources_1/bd/design_1/hdl/design_1_wrapper.v:13]
---------------------------------------------------------------------------------
Finished RTL Elaboration : Time (s): cpu = 00:00:12 ; elapsed = 00:00:14 . Memory (MB): peak = 1161.371 ; gain = 570.582
---------------------------------------------------------------------------------
---------------------------------------------------------------------------------
Start Handling Custom Attributes
---------------------------------------------------------------------------------
---------------------------------------------------------------------------------
Finished Handling Custom Attributes : Time (s): cpu = 00:00:12 ; elapsed = 00:00:14 . Memory (MB): peak = 1161.371 ; gain = 570.582
---------------------------------------------------------------------------------
---------------------------------------------------------------------------------
Finished RTL Optimization Phase 1 : Time (s): cpu = 00:00:12 ; elapsed = 00:00:14 . Memory (MB): peak = 1161.371 ; gain = 570.582
---------------------------------------------------------------------------------
Netlist sorting complete. Time (s): cpu = 00:00:00 ; elapsed = 00:00:00.001 . Memory (MB): peak = 1161.371 ; gain = 0.000
INFO: [Project 1-570] Preparing netlist for logic optimization

Processing XDC Constraints
Initializing timing engine
Parsing XDC File [c:/Users/ryansundermeyer/vivado-projects/lab2_7_seg/lab2_7_seg.gen/sources_1/bd/design_1/ip/design_1_bcd_0_0/design_1_bcd_0_0/design_1_bcd_0_0_in_context.xdc] for cell 'design_1_i/bcd_0'
Finished Parsing XDC File [c:/Users/ryansundermeyer/vivado-projects/lab2_7_seg/lab2_7_seg.gen/sources_1/bd/design_1/ip/design_1_bcd_0_0/design_1_bcd_0_0/design_1_bcd_0_0_in_context.xdc] for cell 'design_1_i/bcd_0'
Parsing XDC File [C:/Users/ryansundermeyer/vivado-projects/Basys-3-Master.xdc]
WARNING: [Vivado 12-584] No ports matched 'sw[4]'. [C:/Users/ryansundermeyer/vivado-projects/Basys-3-Master.xdc:20]
WARNING: [Vivado 12-584] No ports matched 'sw[4]'. [C:/Users/ryansundermeyer/vivado-projects/Basys-3-Master.xdc:21]
WARNING: [Vivado 12-584] No ports matched 'sw[5]'. [C:/Users/ryansundermeyer/vivado-projects/Basys-3-Master.xdc:22]
WARNING: [Vivado 12-584] No ports matched 'sw[5]'. [C:/Users/ryansundermeyer/vivado-projects/Basys-3-Master.xdc:23]
WARNING: [Vivado 12-584] No ports matched 'sw[6]'. [C:/Users/ryansundermeyer/vivado-projects/Basys-3-Master.xdc:24]
WARNING: [Vivado 12-584] No ports matched 'sw[6]'. [C:/Users/ryansundermeyer/vivado-projects/Basys-3-Master.xdc:25]
WARNING: [Vivado 12-584] No ports matched 'sw[7]'. [C:/Users/ryansundermeyer/vivado-projects/Basys-3-Master.xdc:26]
WARNING: [Vivado 12-584] No ports matched 'sw[7]'. [C:/Users/ryansundermeyer/vivado-projects/Basys-3-Master.xdc:27]
WARNING: [Vivado 12-584] No ports matched 'sw[8]'. [C:/Users/ryansundermeyer/vivado-projects/Basys-3-Master.xdc:28]
WARNING: [Vivado 12-584] No ports matched 'sw[8]'. [C:/Users/ryansundermeyer/vivado-projects/Basys-3-Master.xdc:29]
WARNING: [Vivado 12-584] No ports matched 'sw[9]'. [C:/Users/ryansundermeyer/vivado-projects/Basys-3-Master.xdc:30]
WARNING: [Vivado 12-584] No ports matched 'sw[9]'. [C:/Users/ryansundermeyer/vivado-projects/Basys-3-Master.xdc:31]
WARNING: [Vivado 12-584] No ports matched 'sw[10]'. [C:/Users/ryansundermeyer/vivado-projects/Basys-3-Master.xdc:32]
WARNING: [Vivado 12-584] No ports matched 'sw[10]'. [C:/Users/ryansundermeyer/vivado-projects/Basys-3-Master.xdc:33]
WARNING: [Vivado 12-584] No ports matched 'sw[11]'. [C:/Users/ryansundermeyer/vivado-projects/Basys-3-Master.xdc:34]
WARNING: [Vivado 12-584] No ports matched 'sw[11]'. [C:/Users/ryansundermeyer/vivado-projects/Basys-3-Master.xdc:35]
WARNING: [Vivado 12-584] No ports matched 'sw[12]'. [C:/Users/ryansundermeyer/vivado-projects/Basys-3-Master.xdc:36]
WARNING: [Vivado 12-584] No ports matched 'sw[12]'. [C:/Users/ryansundermeyer/vivado-projects/Basys-3-Master.xdc:37]
WARNING: [Vivado 12-584] No ports matched 'sw[13]'. [C:/Users/ryansundermeyer/vivado-projects/Basys-3-Master.xdc:38]
WARNING: [Vivado 12-584] No ports matched 'sw[13]'. [C:/Users/ryansundermeyer/vivado-projects/Basys-3-Master.xdc:39]
WARNING: [Vivado 12-584] No ports matched 'sw[14]'. [C:/Users/ryansundermeyer/vivado-projects/Basys-3-Master.xdc:40]
WARNING: [Vivado 12-584] No ports matched 'sw[14]'. [C:/Users/ryansundermeyer/vivado-projects/Basys-3-Master.xdc:41]
WARNING: [Vivado 12-584] No ports matched 'sw[15]'. [C:/Users/ryansundermeyer/vivado-projects/Basys-3-Master.xdc:42]
WARNING: [Vivado 12-584] No ports matched 'sw[15]'. [C:/Users/ryansundermeyer/vivado-projects/Basys-3-Master.xdc:43]
Finished Parsing XDC File [C:/Users/ryansundermeyer/vivado-projects/Basys-3-Master.xdc]
WARNING: [Project 1-498] One or more constraints failed evaluation while reading constraint file [C:/Users/ryansundermeyer/vivado-projects/Basys-3-Master.xdc] and the design contains unresolved black boxes. These constraints will be read post-synthesis (as long as their source constraint file is marked as used_in_implementation) and should be applied correctly then. You should review the constraints listed in the file [.Xil/design_1_wrapper_propImpl.xdc] and check the run log file to verify that these constraints were correctly applied.
INFO: [Project 1-236] Implementation specific constraints were found while reading constraint file [C:/Users/ryansundermeyer/vivado-projects/Basys-3-Master.xdc]. These constraints will be ignored for synthesis but will be used in implementation. Impacted constraints are listed in the file [.Xil/design_1_wrapper_propImpl.xdc].
Resolution: To avoid this warning, move constraints listed in [.Xil/design_1_wrapper_propImpl.xdc] to another XDC file and exclude this new file from synthesis with the used_in_synthesis property (File Properties dialog in GUI) and re-run elaboration/synthesis.
Parsing XDC File [C:/Users/ryansundermeyer/vivado-projects/lab2_7_seg/lab2_7_seg.runs/synth_1/dont_touch.xdc]
Finished Parsing XDC File [C:/Users/ryansundermeyer/vivado-projects/lab2_7_seg/lab2_7_seg.runs/synth_1/dont_touch.xdc]
Completed Processing XDC Constraints

Netlist sorting complete. Time (s): cpu = 00:00:00 ; elapsed = 00:00:00 . Memory (MB): peak = 1212.238 ; gain = 0.000
INFO: [Project 1-111] Unisim Transformation Summary:
No Unisim elements were transformed.

Constraint Validation Runtime : Time (s): cpu = 00:00:00 ; elapsed = 00:00:00.014 . Memory (MB): peak = 1212.238 ; gain = 0.000
---------------------------------------------------------------------------------
Finished Constraint Validation : Time (s): cpu = 00:00:28 ; elapsed = 00:00:31 . Memory (MB): peak = 1212.238 ; gain = 621.449
---------------------------------------------------------------------------------
---------------------------------------------------------------------------------
Start Loading Part and Timing Information
---------------------------------------------------------------------------------
Loading part: xc7a35tcpg236-1
---------------------------------------------------------------------------------
Finished Loading Part and Timing Information : Time (s): cpu = 00:00:28 ; elapsed = 00:00:31 . Memory (MB): peak = 1212.238 ; gain = 621.449
---------------------------------------------------------------------------------
---------------------------------------------------------------------------------
Start Applying 'set_property' XDC Constraints
---------------------------------------------------------------------------------
Applied set_property KEEP_HIERARCHY = SOFT for design_1_i. (constraint file  auto generated constraint).
Applied set_property KEEP_HIERARCHY = SOFT for design_1_i/bcd_0. (constraint file  auto generated constraint).
---------------------------------------------------------------------------------
Finished applying 'set_property' XDC Constraints : Time (s): cpu = 00:00:28 ; elapsed = 00:00:32 . Memory (MB): peak = 1212.238 ; gain = 621.449
---------------------------------------------------------------------------------
---------------------------------------------------------------------------------
Start Preparing Guide Design
---------------------------------------------------------------------------------
CRITICAL WARNING: [Synth 8-6895] The reference checkpoint C:/Users/ryansundermeyer/vivado-projects/lab2_7_seg/lab2_7_seg.srcs/utils_1/imports/synth_1/bcd.dcp is not suitable for use with incremental synthesis for this design. Please regenerate the checkpoint for this design with -incremental_synth switch in the same Vivado session that synth_design has been run. Synthesis will continue with the default flow
---------------------------------------------------------------------------------
Finished Doing Graph Differ : Time (s): cpu = 00:00:28 ; elapsed = 00:00:32 . Memory (MB): peak = 1212.238 ; gain = 621.449
---------------------------------------------------------------------------------
---------------------------------------------------------------------------------
Finished Preparing Guide Design : Time (s): cpu = 00:00:28 ; elapsed = 00:00:32 . Memory (MB): peak = 1212.238 ; gain = 621.449
---------------------------------------------------------------------------------
---------------------------------------------------------------------------------
Finished RTL Optimization Phase 2 : Time (s): cpu = 00:00:28 ; elapsed = 00:00:32 . Memory (MB): peak = 1212.238 ; gain = 621.449
---------------------------------------------------------------------------------


Incremental Synthesis Report Summary:

1. Incremental synthesis run: no

   Reason for not running incremental synthesis : 


INFO: [Synth 8-7130] Flow is switching to default flow due to incremental criteria not met. If you would like to alter this behaviour and have the flow terminate instead, please set the following parameter config_implementation {autoIncr.Synth.RejectBehavior Terminate}
---------------------------------------------------------------------------------
Start RTL Component Statistics 
---------------------------------------------------------------------------------
Detailed RTL Component Info : 
---------------------------------------------------------------------------------
Finished RTL Component Statistics 
---------------------------------------------------------------------------------
---------------------------------------------------------------------------------
Start Part Resource Summary
---------------------------------------------------------------------------------
Part Resources:
DSPs: 90 (col length:60)
BRAMs: 100 (col length: RAMB18 60 RAMB36 30)
---------------------------------------------------------------------------------
Finished Part Resource Summary
---------------------------------------------------------------------------------
---------------------------------------------------------------------------------
Start Cross Boundary and Area Optimization
---------------------------------------------------------------------------------
WARNING: [Synth 8-7080] Parallel synthesis criteria is not met
---------------------------------------------------------------------------------
Finished Cross Boundary and Area Optimization : Time (s): cpu = 00:00:32 ; elapsed = 00:00:36 . Memory (MB): peak = 1212.238 ; gain = 621.449
---------------------------------------------------------------------------------
---------------------------------------------------------------------------------
Start Applying XDC Timing Constraints
---------------------------------------------------------------------------------
---------------------------------------------------------------------------------
Finished Applying XDC Timing Constraints : Time (s): cpu = 00:00:49 ; elapsed = 00:00:55 . Memory (MB): peak = 1372.324 ; gain = 781.535
---------------------------------------------------------------------------------
---------------------------------------------------------------------------------
Start Timing Optimization
---------------------------------------------------------------------------------
---------------------------------------------------------------------------------
Finished Timing Optimization : Time (s): cpu = 00:00:49 ; elapsed = 00:00:55 . Memory (MB): peak = 1372.324 ; gain = 781.535
---------------------------------------------------------------------------------
---------------------------------------------------------------------------------
Start Technology Mapping
---------------------------------------------------------------------------------
---------------------------------------------------------------------------------
Finished Technology Mapping : Time (s): cpu = 00:00:49 ; elapsed = 00:00:55 . Memory (MB): peak = 1381.871 ; gain = 791.082
---------------------------------------------------------------------------------
---------------------------------------------------------------------------------
Start IO Insertion
---------------------------------------------------------------------------------
---------------------------------------------------------------------------------
Start Flattening Before IO Insertion
---------------------------------------------------------------------------------
---------------------------------------------------------------------------------
Finished Flattening Before IO Insertion
---------------------------------------------------------------------------------
---------------------------------------------------------------------------------
Start Final Netlist Cleanup
---------------------------------------------------------------------------------
---------------------------------------------------------------------------------
Finished Final Netlist Cleanup
---------------------------------------------------------------------------------
---------------------------------------------------------------------------------
Finished IO Insertion : Time (s): cpu = 00:00:57 ; elapsed = 00:01:04 . Memory (MB): peak = 1598.754 ; gain = 1007.965
---------------------------------------------------------------------------------
---------------------------------------------------------------------------------
Start Renaming Generated Instances
---------------------------------------------------------------------------------
---------------------------------------------------------------------------------
Finished Renaming Generated Instances : Time (s): cpu = 00:00:57 ; elapsed = 00:01:04 . Memory (MB): peak = 1598.754 ; gain = 1007.965
---------------------------------------------------------------------------------
---------------------------------------------------------------------------------
Start Rebuilding User Hierarchy
---------------------------------------------------------------------------------
---------------------------------------------------------------------------------
Finished Rebuilding User Hierarchy : Time (s): cpu = 00:00:57 ; elapsed = 00:01:04 . Memory (MB): peak = 1598.754 ; gain = 1007.965
---------------------------------------------------------------------------------
---------------------------------------------------------------------------------
Start Renaming Generated Ports
---------------------------------------------------------------------------------
---------------------------------------------------------------------------------
Finished Renaming Generated Ports : Time (s): cpu = 00:00:57 ; elapsed = 00:01:04 . Memory (MB): peak = 1598.754 ; gain = 1007.965
---------------------------------------------------------------------------------
---------------------------------------------------------------------------------
Start Handling Custom Attributes
---------------------------------------------------------------------------------
---------------------------------------------------------------------------------
Finished Handling Custom Attributes : Time (s): cpu = 00:00:57 ; elapsed = 00:01:04 . Memory (MB): peak = 1598.754 ; gain = 1007.965
---------------------------------------------------------------------------------
---------------------------------------------------------------------------------
Start Renaming Generated Nets
---------------------------------------------------------------------------------
---------------------------------------------------------------------------------
Finished Renaming Generated Nets : Time (s): cpu = 00:00:57 ; elapsed = 00:01:04 . Memory (MB): peak = 1598.754 ; gain = 1007.965
---------------------------------------------------------------------------------
---------------------------------------------------------------------------------
Start Writing Synthesis Report
---------------------------------------------------------------------------------

Report BlackBoxes: 
+------+-----------------+----------+
|      |BlackBox name    |Instances |
+------+-----------------+----------+
|1     |design_1_bcd_0_0 |         1|
+------+-----------------+----------+

Report Cell Usage: 
+------+---------------+------+
|      |Cell           |Count |
+------+---------------+------+
|1     |design_1_bcd_0 |     1|
|2     |IBUF           |     5|
|3     |OBUF           |    12|
+------+---------------+------+
---------------------------------------------------------------------------------
Finished Writing Synthesis Report : Time (s): cpu = 00:00:57 ; elapsed = 00:01:04 . Memory (MB): peak = 1598.754 ; gain = 1007.965
---------------------------------------------------------------------------------
Synthesis finished with 0 errors, 1 critical warnings and 1 warnings.
Synthesis Optimization Runtime : Time (s): cpu = 00:00:41 ; elapsed = 00:00:59 . Memory (MB): peak = 1598.754 ; gain = 957.098
Synthesis Optimization Complete : Time (s): cpu = 00:00:57 ; elapsed = 00:01:04 . Memory (MB): peak = 1598.754 ; gain = 1007.965
INFO: [Project 1-571] Translating synthesized netlist
Netlist sorting complete. Time (s): cpu = 00:00:00 ; elapsed = 00:00:00.001 . Memory (MB): peak = 1598.754 ; gain = 0.000
INFO: [Project 1-570] Preparing netlist for logic optimization
INFO: [Opt 31-138] Pushed 0 inverter(s) to 0 load pin(s).
Netlist sorting complete. Time (s): cpu = 00:00:00 ; elapsed = 00:00:00 . Memory (MB): peak = 1598.754 ; gain = 0.000
INFO: [Project 1-111] Unisim Transformation Summary:
No Unisim elements were transformed.

Synth Design complete | Checksum: a515b797
INFO: [Common 17-83] Releasing license: Synthesis
25 Infos, 26 Warnings, 1 Critical Warnings and 0 Errors encountered.
synth_design completed successfully
synth_design: Time (s): cpu = 00:01:04 ; elapsed = 00:01:32 . Memory (MB): peak = 1598.754 ; gain = 1200.699
INFO: [runtcl-6] Synthesis results are not added to the cache due to CRITICAL_WARNING
Write ShapeDB Complete: Time (s): cpu = 00:00:00 ; elapsed = 00:00:00.006 . Memory (MB): peak = 1598.754 ; gain = 0.000
INFO: [Common 17-1381] The checkpoint 'C:/Users/ryansundermeyer/vivado-projects/lab2_7_seg/lab2_7_seg.runs/synth_1/design_1_wrapper.dcp' has been generated.
INFO: [Vivado 12-24828] Executing command : report_utilization -file design_1_wrapper_utilization_synth.rpt -pb design_1_wrapper_utilization_synth.pb
INFO: [Common 17-206] Exiting Vivado at Wed Feb 11 12:05:38 2026...
