Copyright 1986-2022 Xilinx, Inc. All Rights Reserved. Copyright 2022-2024 Advanced Micro Devices, Inc. All Rights Reserved.
---------------------------------------------------------------------------------------------------------------------------------------------------------------------------------------------------------------------------------------------
| Tool Version : Vivado v.2024.2 (win64) Build 5239630 Fri Nov 08 22:35:27 MST 2024
| Date         : Fri Feb 27 18:25:47 2026
| Host         : RYANSUNDERMA8F8 running 64-bit major release  (build 9200)
| Command      : report_timing_summary -max_paths 10 -report_unconstrained -file design_1_wrapper_timing_summary_routed.rpt -pb design_1_wrapper_timing_summary_routed.pb -rpx design_1_wrapper_timing_summary_routed.rpx -warn_on_violation
| Design       : design_1_wrapper
| Device       : 7z020-clg400
| Speed File   : -1  PRODUCTION 1.12 2019-11-22
| Design State : Routed
---------------------------------------------------------------------------------------------------------------------------------------------------------------------------------------------------------------------------------------------

Timing Summary Report

------------------------------------------------------------------------------------------------
| Timer Settings
| --------------
------------------------------------------------------------------------------------------------

  Enable Multi Corner Analysis               :  Yes
  Enable Pessimism Removal                   :  Yes
  Pessimism Removal Resolution               :  Nearest Common Node
  Enable Input Delay Default Clock           :  No
  Enable Preset / Clear Arcs                 :  No
  Disable Flight Delays                      :  No
  Ignore I/O Paths                           :  No
  Timing Early Launch at Borrowing Latches   :  No
  Borrow Time for Max Delay Exceptions       :  Yes
  Merge Timing Exceptions                    :  Yes
  Inter-SLR Compensation                     :  Conservative

  Corner  Analyze    Analyze    
  Name    Max Paths  Min Paths  
  ------  ---------  ---------  
  Slow    Yes        Yes        
  Fast    Yes        Yes        


------------------------------------------------------------------------------------------------
| Report Methodology
| ------------------
------------------------------------------------------------------------------------------------

Rule       Severity          Description                    Violations  
---------  ----------------  -----------------------------  ----------  
TIMING-14  Critical Warning  LUT on the clock tree          1           
TIMING-18  Warning           Missing input or output delay  8           

Note: This report is based on the most recent report_methodology run and may not be up-to-date. Run report_methodology on the current design for the latest report.



check_timing report

Table of Contents
-----------------
1. checking no_clock (0)
2. checking constant_clock (0)
3. checking pulse_width_clock (0)
4. checking unconstrained_internal_endpoints (0)
5. checking no_input_delay (4)
6. checking no_output_delay (4)
7. checking multiple_clock (0)
8. checking generated_clocks (0)
9. checking loops (0)
10. checking partial_input_delay (0)
11. checking partial_output_delay (0)
12. checking latch_loops (0)

1. checking no_clock (0)
------------------------
 There are 0 register/latch pins with no clock.


2. checking constant_clock (0)
------------------------------
 There are 0 register/latch pins with constant_clock.


3. checking pulse_width_clock (0)
---------------------------------
 There are 0 register/latch pins which need pulse_width check


4. checking unconstrained_internal_endpoints (0)
------------------------------------------------
 There are 0 pins that are not constrained for maximum delay.

 There are 0 pins that are not constrained for maximum delay due to constant clock.


5. checking no_input_delay (4)
------------------------------
 There are 4 input ports with no input delay specified. (HIGH)

 There are 0 input ports with no input delay but user has a false path constraint.


6. checking no_output_delay (4)
-------------------------------
 There are 4 ports with no output delay specified. (HIGH)

 There are 0 ports with no output delay but user has a false path constraint

 There are 0 ports with no output delay but with a timing clock defined on it or propagating through it


7. checking multiple_clock (0)
------------------------------
 There are 0 register/latch pins with multiple clocks.


8. checking generated_clocks (0)
--------------------------------
 There are 0 generated clocks that are not connected to a clock source.


9. checking loops (0)
---------------------
 There are 0 combinational loops in the design.


10. checking partial_input_delay (0)
------------------------------------
 There are 0 input ports with partial input delay specified.


11. checking partial_output_delay (0)
-------------------------------------
 There are 0 ports with partial output delay specified.


12. checking latch_loops (0)
----------------------------
 There are 0 combinational latch loops in the design through latch input



------------------------------------------------------------------------------------------------
| Design Timing Summary
| ---------------------
------------------------------------------------------------------------------------------------

    WNS(ns)      TNS(ns)  TNS Failing Endpoints  TNS Total Endpoints      WHS(ns)      THS(ns)  THS Failing Endpoints  THS Total Endpoints     WPWS(ns)     TPWS(ns)  TPWS Failing Endpoints  TPWS Total Endpoints  
    -------      -------  ---------------------  -------------------      -------      -------  ---------------------  -------------------     --------     --------  ----------------------  --------------------  
        inf        0.000                      0                    8          inf        0.000                      0                    8        3.500        0.000                       0                     4  


All user specified timing constraints are met.


------------------------------------------------------------------------------------------------
| Clock Summary
| -------------
------------------------------------------------------------------------------------------------

Clock        Waveform(ns)         Period(ns)      Frequency(MHz)
-----        ------------         ----------      --------------
sys_clk_pin  {0.000 4.000}        8.000           125.000         


------------------------------------------------------------------------------------------------
| Intra Clock Table
| -----------------
------------------------------------------------------------------------------------------------

Clock             WNS(ns)      TNS(ns)  TNS Failing Endpoints  TNS Total Endpoints      WHS(ns)      THS(ns)  THS Failing Endpoints  THS Total Endpoints     WPWS(ns)     TPWS(ns)  TPWS Failing Endpoints  TPWS Total Endpoints  
-----             -------      -------  ---------------------  -------------------      -------      -------  ---------------------  -------------------     --------     --------  ----------------------  --------------------  
sys_clk_pin                                                                                                                                                     3.500        0.000                       0                     4  


------------------------------------------------------------------------------------------------
| Inter Clock Table
| -----------------
------------------------------------------------------------------------------------------------

From Clock    To Clock          WNS(ns)      TNS(ns)  TNS Failing Endpoints  TNS Total Endpoints      WHS(ns)      THS(ns)  THS Failing Endpoints  THS Total Endpoints  
----------    --------          -------      -------  ---------------------  -------------------      -------      -------  ---------------------  -------------------  


------------------------------------------------------------------------------------------------
| Other Path Groups Table
| -----------------------
------------------------------------------------------------------------------------------------

Path Group    From Clock    To Clock          WNS(ns)      TNS(ns)  TNS Failing Endpoints  TNS Total Endpoints      WHS(ns)      THS(ns)  THS Failing Endpoints  THS Total Endpoints  
----------    ----------    --------          -------      -------  ---------------------  -------------------      -------      -------  ---------------------  -------------------  


------------------------------------------------------------------------------------------------
| User Ignored Path Table
| -----------------------
------------------------------------------------------------------------------------------------

Path Group    From Clock    To Clock    
----------    ----------    --------    


------------------------------------------------------------------------------------------------
| Unconstrained Path Table
| ------------------------
------------------------------------------------------------------------------------------------

Path Group    From Clock    To Clock    
----------    ----------    --------    
(none)        sys_clk_pin                 
(none)                      sys_clk_pin   


------------------------------------------------------------------------------------------------
| Timing Details
| --------------
------------------------------------------------------------------------------------------------


---------------------------------------------------------------------------------------------------
From Clock:  sys_clk_pin
  To Clock:  sys_clk_pin

Setup :           NA  Failing Endpoints,  Worst Slack           NA  ,  Total Violation           NA
Hold  :           NA  Failing Endpoints,  Worst Slack           NA  ,  Total Violation           NA
PW    :            0  Failing Endpoints,  Worst Slack        3.500ns,  Total Violation        0.000ns
---------------------------------------------------------------------------------------------------


Pulse Width Checks
--------------------------------------------------------------------------------------
Clock Name:         sys_clk_pin
Waveform(ns):       { 0.000 4.000 }
Period(ns):         8.000
Sources:            { sysclk }

Check Type        Corner  Lib Pin  Reference Pin  Required(ns)  Actual(ns)  Slack(ns)  Location        Pin
Min Period        n/a     FDRE/C   n/a            1.000         8.000       7.000      SLICE_X113Y115  design_1_i/led_ctrl_0/inst/led_buffer_reg[0]/C
Min Period        n/a     FDRE/C   n/a            1.000         8.000       7.000      SLICE_X113Y103  design_1_i/led_ctrl_0/inst/led_buffer_reg[1]/C
Min Period        n/a     FDRE/C   n/a            1.000         8.000       7.000      SLICE_X113Y130  design_1_i/led_ctrl_0/inst/led_buffer_reg[2]/C
Min Period        n/a     FDRE/C   n/a            1.000         8.000       7.000      SLICE_X113Y115  design_1_i/led_ctrl_0/inst/led_buffer_reg[3]/C
Low Pulse Width   Slow    FDRE/C   n/a            0.500         4.000       3.500      SLICE_X113Y115  design_1_i/led_ctrl_0/inst/led_buffer_reg[0]/C
Low Pulse Width   Fast    FDRE/C   n/a            0.500         4.000       3.500      SLICE_X113Y115  design_1_i/led_ctrl_0/inst/led_buffer_reg[0]/C
Low Pulse Width   Slow    FDRE/C   n/a            0.500         4.000       3.500      SLICE_X113Y103  design_1_i/led_ctrl_0/inst/led_buffer_reg[1]/C
Low Pulse Width   Fast    FDRE/C   n/a            0.500         4.000       3.500      SLICE_X113Y103  design_1_i/led_ctrl_0/inst/led_buffer_reg[1]/C
Low Pulse Width   Slow    FDRE/C   n/a            0.500         4.000       3.500      SLICE_X113Y130  design_1_i/led_ctrl_0/inst/led_buffer_reg[2]/C
Low Pulse Width   Fast    FDRE/C   n/a            0.500         4.000       3.500      SLICE_X113Y130  design_1_i/led_ctrl_0/inst/led_buffer_reg[2]/C
Low Pulse Width   Slow    FDRE/C   n/a            0.500         4.000       3.500      SLICE_X113Y115  design_1_i/led_ctrl_0/inst/led_buffer_reg[3]/C
Low Pulse Width   Fast    FDRE/C   n/a            0.500         4.000       3.500      SLICE_X113Y115  design_1_i/led_ctrl_0/inst/led_buffer_reg[3]/C
High Pulse Width  Slow    FDRE/C   n/a            0.500         4.000       3.500      SLICE_X113Y115  design_1_i/led_ctrl_0/inst/led_buffer_reg[0]/C
High Pulse Width  Fast    FDRE/C   n/a            0.500         4.000       3.500      SLICE_X113Y115  design_1_i/led_ctrl_0/inst/led_buffer_reg[0]/C
High Pulse Width  Slow    FDRE/C   n/a            0.500         4.000       3.500      SLICE_X113Y103  design_1_i/led_ctrl_0/inst/led_buffer_reg[1]/C
High Pulse Width  Fast    FDRE/C   n/a            0.500         4.000       3.500      SLICE_X113Y103  design_1_i/led_ctrl_0/inst/led_buffer_reg[1]/C
High Pulse Width  Slow    FDRE/C   n/a            0.500         4.000       3.500      SLICE_X113Y130  design_1_i/led_ctrl_0/inst/led_buffer_reg[2]/C
High Pulse Width  Fast    FDRE/C   n/a            0.500         4.000       3.500      SLICE_X113Y130  design_1_i/led_ctrl_0/inst/led_buffer_reg[2]/C
High Pulse Width  Slow    FDRE/C   n/a            0.500         4.000       3.500      SLICE_X113Y115  design_1_i/led_ctrl_0/inst/led_buffer_reg[3]/C
High Pulse Width  Fast    FDRE/C   n/a            0.500         4.000       3.500      SLICE_X113Y115  design_1_i/led_ctrl_0/inst/led_buffer_reg[3]/C



--------------------------------------------------------------------------------------
Path Group:  (none)
From Clock:  sys_clk_pin
  To Clock:  

Max Delay             4 Endpoints
Min Delay             4 Endpoints
--------------------------------------------------------------------------------------


Max Delay Paths
--------------------------------------------------------------------------------------
Slack:                    inf
  Source:                 design_1_i/led_ctrl_0/inst/led_buffer_reg[2]/C
                            (rising edge-triggered cell FDRE clocked by sys_clk_pin  {rise@0.000ns fall@4.000ns period=8.000ns})
  Destination:            led[2]
                            (output port)
  Path Group:             (none)
  Path Type:              Max at Slow Process Corner
  Data Path Delay:        6.231ns  (logic 3.956ns (63.495%)  route 2.275ns (36.505%))
  Logic Levels:           1  (OBUF=1)
  Clock Uncertainty:      0.025ns  ((TSJ^2 + TIJ^2)^1/2 + DJ) / 2 + PE
    Total System Jitter     (TSJ):    0.050ns
    Total Input Jitter      (TIJ):    0.000ns
    Discrete Jitter          (DJ):    0.000ns
    Phase Error              (PE):    0.000ns

    Location             Delay type                Incr(ns)  Path(ns)    Netlist Resource(s)
  -------------------------------------------------------------------    -------------------
                         (clock sys_clk_pin rise edge)
                                                      0.000     0.000 r  
    K17                                               0.000     0.000 r  sysclk (IN)
                         net (fo=0)                   0.000     0.000    sysclk
    K17                  IBUF (Prop_ibuf_I_O)         1.475     1.475 r  sysclk_IBUF_inst/O
                         net (fo=1, routed)           1.479     2.953    design_1_i/util_vector_logic_0/Op2[0]
    SLICE_X113Y115       LUT2 (Prop_lut2_I1_O)        0.124     3.077 r  design_1_i/util_vector_logic_0/Res[0]_INST_0/O
                         net (fo=4, routed)           1.052     4.129    design_1_i/led_ctrl_0/inst/clk
    SLICE_X113Y130       FDRE                                         r  design_1_i/led_ctrl_0/inst/led_buffer_reg[2]/C
  -------------------------------------------------------------------    -------------------
    SLICE_X113Y130       FDRE (Prop_fdre_C_Q)         0.456     4.585 r  design_1_i/led_ctrl_0/inst/led_buffer_reg[2]/Q
                         net (fo=1, routed)           2.275     6.860    led_OBUF[2]
    G14                  OBUF (Prop_obuf_I_O)         3.500    10.360 r  led_OBUF[2]_inst/O
                         net (fo=0)                   0.000    10.360    led[2]
    G14                                                               r  led[2] (OUT)
  -------------------------------------------------------------------    -------------------

Slack:                    inf
  Source:                 design_1_i/led_ctrl_0/inst/led_buffer_reg[3]/C
                            (rising edge-triggered cell FDRE clocked by sys_clk_pin  {rise@0.000ns fall@4.000ns period=8.000ns})
  Destination:            led[3]
                            (output port)
  Path Group:             (none)
  Path Type:              Max at Slow Process Corner
  Data Path Delay:        6.624ns  (logic 3.946ns (59.572%)  route 2.678ns (40.428%))
  Logic Levels:           1  (OBUF=1)
  Clock Uncertainty:      0.025ns  ((TSJ^2 + TIJ^2)^1/2 + DJ) / 2 + PE
    Total System Jitter     (TSJ):    0.050ns
    Total Input Jitter      (TIJ):    0.000ns
    Discrete Jitter          (DJ):    0.000ns
    Phase Error              (PE):    0.000ns

    Location             Delay type                Incr(ns)  Path(ns)    Netlist Resource(s)
  -------------------------------------------------------------------    -------------------
                         (clock sys_clk_pin rise edge)
                                                      0.000     0.000 r  
    K17                                               0.000     0.000 r  sysclk (IN)
                         net (fo=0)                   0.000     0.000    sysclk
    K17                  IBUF (Prop_ibuf_I_O)         1.475     1.475 r  sysclk_IBUF_inst/O
                         net (fo=1, routed)           1.479     2.953    design_1_i/util_vector_logic_0/Op2[0]
    SLICE_X113Y115       LUT2 (Prop_lut2_I1_O)        0.124     3.077 r  design_1_i/util_vector_logic_0/Res[0]_INST_0/O
                         net (fo=4, routed)           0.549     3.627    design_1_i/led_ctrl_0/inst/clk
    SLICE_X113Y115       FDRE                                         r  design_1_i/led_ctrl_0/inst/led_buffer_reg[3]/C
  -------------------------------------------------------------------    -------------------
    SLICE_X113Y115       FDRE (Prop_fdre_C_Q)         0.456     4.083 r  design_1_i/led_ctrl_0/inst/led_buffer_reg[3]/Q
                         net (fo=1, routed)           2.678     6.761    led_OBUF[3]
    D18                  OBUF (Prop_obuf_I_O)         3.490    10.251 r  led_OBUF[3]_inst/O
                         net (fo=0)                   0.000    10.251    led[3]
    D18                                                               r  led[3] (OUT)
  -------------------------------------------------------------------    -------------------

Slack:                    inf
  Source:                 design_1_i/led_ctrl_0/inst/led_buffer_reg[1]/C
                            (rising edge-triggered cell FDRE clocked by sys_clk_pin  {rise@0.000ns fall@4.000ns period=8.000ns})
  Destination:            led[1]
                            (output port)
  Path Group:             (none)
  Path Type:              Max at Slow Process Corner
  Data Path Delay:        5.704ns  (logic 4.039ns (70.805%)  route 1.665ns (29.195%))
  Logic Levels:           1  (OBUF=1)
  Clock Uncertainty:      0.025ns  ((TSJ^2 + TIJ^2)^1/2 + DJ) / 2 + PE
    Total System Jitter     (TSJ):    0.050ns
    Total Input Jitter      (TIJ):    0.000ns
    Discrete Jitter          (DJ):    0.000ns
    Phase Error              (PE):    0.000ns

    Location             Delay type                Incr(ns)  Path(ns)    Netlist Resource(s)
  -------------------------------------------------------------------    -------------------
                         (clock sys_clk_pin rise edge)
                                                      0.000     0.000 r  
    K17                                               0.000     0.000 r  sysclk (IN)
                         net (fo=0)                   0.000     0.000    sysclk
    K17                  IBUF (Prop_ibuf_I_O)         1.475     1.475 r  sysclk_IBUF_inst/O
                         net (fo=1, routed)           1.479     2.953    design_1_i/util_vector_logic_0/Op2[0]
    SLICE_X113Y115       LUT2 (Prop_lut2_I1_O)        0.124     3.077 r  design_1_i/util_vector_logic_0/Res[0]_INST_0/O
                         net (fo=4, routed)           0.992     4.069    design_1_i/led_ctrl_0/inst/clk
    SLICE_X113Y103       FDRE                                         r  design_1_i/led_ctrl_0/inst/led_buffer_reg[1]/C
  -------------------------------------------------------------------    -------------------
    SLICE_X113Y103       FDRE (Prop_fdre_C_Q)         0.456     4.525 r  design_1_i/led_ctrl_0/inst/led_buffer_reg[1]/Q
                         net (fo=1, routed)           1.665     6.191    led_OBUF[1]
    M15                  OBUF (Prop_obuf_I_O)         3.583     9.773 r  led_OBUF[1]_inst/O
                         net (fo=0)                   0.000     9.773    led[1]
    M15                                                               r  led[1] (OUT)
  -------------------------------------------------------------------    -------------------

Slack:                    inf
  Source:                 design_1_i/led_ctrl_0/inst/led_buffer_reg[0]/C
                            (rising edge-triggered cell FDRE clocked by sys_clk_pin  {rise@0.000ns fall@4.000ns period=8.000ns})
  Destination:            led[0]
                            (output port)
  Path Group:             (none)
  Path Type:              Max at Slow Process Corner
  Data Path Delay:        6.095ns  (logic 4.037ns (66.234%)  route 2.058ns (33.766%))
  Logic Levels:           1  (OBUF=1)
  Clock Uncertainty:      0.025ns  ((TSJ^2 + TIJ^2)^1/2 + DJ) / 2 + PE
    Total System Jitter     (TSJ):    0.050ns
    Total Input Jitter      (TIJ):    0.000ns
    Discrete Jitter          (DJ):    0.000ns
    Phase Error              (PE):    0.000ns

    Location             Delay type                Incr(ns)  Path(ns)    Netlist Resource(s)
  -------------------------------------------------------------------    -------------------
                         (clock sys_clk_pin rise edge)
                                                      0.000     0.000 r  
    K17                                               0.000     0.000 r  sysclk (IN)
                         net (fo=0)                   0.000     0.000    sysclk
    K17                  IBUF (Prop_ibuf_I_O)         1.475     1.475 r  sysclk_IBUF_inst/O
                         net (fo=1, routed)           1.479     2.953    design_1_i/util_vector_logic_0/Op2[0]
    SLICE_X113Y115       LUT2 (Prop_lut2_I1_O)        0.124     3.077 r  design_1_i/util_vector_logic_0/Res[0]_INST_0/O
                         net (fo=4, routed)           0.549     3.627    design_1_i/led_ctrl_0/inst/clk
    SLICE_X113Y115       FDRE                                         r  design_1_i/led_ctrl_0/inst/led_buffer_reg[0]/C
  -------------------------------------------------------------------    -------------------
    SLICE_X113Y115       FDRE (Prop_fdre_C_Q)         0.456     4.083 r  design_1_i/led_ctrl_0/inst/led_buffer_reg[0]/Q
                         net (fo=1, routed)           2.058     6.141    led_OBUF[0]
    M14                  OBUF (Prop_obuf_I_O)         3.581     9.722 r  led_OBUF[0]_inst/O
                         net (fo=0)                   0.000     9.722    led[0]
    M14                                                               r  led[0] (OUT)
  -------------------------------------------------------------------    -------------------





Min Delay Paths
--------------------------------------------------------------------------------------
Slack:                    inf
  Source:                 design_1_i/led_ctrl_0/inst/led_buffer_reg[0]/C
                            (rising edge-triggered cell FDRE clocked by sys_clk_pin  {rise@0.000ns fall@4.000ns period=8.000ns})
  Destination:            led[0]
                            (output port)
  Path Group:             (none)
  Path Type:              Min at Fast Process Corner
  Data Path Delay:        1.917ns  (logic 1.422ns (74.182%)  route 0.495ns (25.818%))
  Logic Levels:           1  (OBUF=1)
  Clock Uncertainty:      0.025ns  ((TSJ^2 + TIJ^2)^1/2 + DJ) / 2 + PE
    Total System Jitter     (TSJ):    0.050ns
    Total Input Jitter      (TIJ):    0.000ns
    Discrete Jitter          (DJ):    0.000ns
    Phase Error              (PE):    0.000ns

    Location             Delay type                Incr(ns)  Path(ns)    Netlist Resource(s)
  -------------------------------------------------------------------    -------------------
                         (clock sys_clk_pin rise edge)
                                                      0.000     0.000 r  
    K17                                               0.000     0.000 r  sysclk (IN)
                         net (fo=0)                   0.000     0.000    sysclk
    K17                  IBUF (Prop_ibuf_I_O)         0.243     0.243 r  sysclk_IBUF_inst/O
                         net (fo=1, routed)           0.586     0.828    design_1_i/util_vector_logic_0/Op2[0]
    SLICE_X113Y115       LUT2 (Prop_lut2_I1_O)        0.045     0.873 r  design_1_i/util_vector_logic_0/Res[0]_INST_0/O
                         net (fo=4, routed)           0.216     1.090    design_1_i/led_ctrl_0/inst/clk
    SLICE_X113Y115       FDRE                                         r  design_1_i/led_ctrl_0/inst/led_buffer_reg[0]/C
  -------------------------------------------------------------------    -------------------
    SLICE_X113Y115       FDRE (Prop_fdre_C_Q)         0.141     1.231 r  design_1_i/led_ctrl_0/inst/led_buffer_reg[0]/Q
                         net (fo=1, routed)           0.495     1.726    led_OBUF[0]
    M14                  OBUF (Prop_obuf_I_O)         1.281     3.007 r  led_OBUF[0]_inst/O
                         net (fo=0)                   0.000     3.007    led[0]
    M14                                                               r  led[0] (OUT)
  -------------------------------------------------------------------    -------------------

Slack:                    inf
  Source:                 design_1_i/led_ctrl_0/inst/led_buffer_reg[1]/C
                            (rising edge-triggered cell FDRE clocked by sys_clk_pin  {rise@0.000ns fall@4.000ns period=8.000ns})
  Destination:            led[1]
                            (output port)
  Path Group:             (none)
  Path Type:              Min at Fast Process Corner
  Data Path Delay:        1.756ns  (logic 1.424ns (81.081%)  route 0.332ns (18.919%))
  Logic Levels:           1  (OBUF=1)
  Clock Uncertainty:      0.025ns  ((TSJ^2 + TIJ^2)^1/2 + DJ) / 2 + PE
    Total System Jitter     (TSJ):    0.050ns
    Total Input Jitter      (TIJ):    0.000ns
    Discrete Jitter          (DJ):    0.000ns
    Phase Error              (PE):    0.000ns

    Location             Delay type                Incr(ns)  Path(ns)    Netlist Resource(s)
  -------------------------------------------------------------------    -------------------
                         (clock sys_clk_pin rise edge)
                                                      0.000     0.000 r  
    K17                                               0.000     0.000 r  sysclk (IN)
                         net (fo=0)                   0.000     0.000    sysclk
    K17                  IBUF (Prop_ibuf_I_O)         0.243     0.243 r  sysclk_IBUF_inst/O
                         net (fo=1, routed)           0.586     0.828    design_1_i/util_vector_logic_0/Op2[0]
    SLICE_X113Y115       LUT2 (Prop_lut2_I1_O)        0.045     0.873 r  design_1_i/util_vector_logic_0/Res[0]_INST_0/O
                         net (fo=4, routed)           0.415     1.288    design_1_i/led_ctrl_0/inst/clk
    SLICE_X113Y103       FDRE                                         r  design_1_i/led_ctrl_0/inst/led_buffer_reg[1]/C
  -------------------------------------------------------------------    -------------------
    SLICE_X113Y103       FDRE (Prop_fdre_C_Q)         0.141     1.429 r  design_1_i/led_ctrl_0/inst/led_buffer_reg[1]/Q
                         net (fo=1, routed)           0.332     1.762    led_OBUF[1]
    M15                  OBUF (Prop_obuf_I_O)         1.283     3.045 r  led_OBUF[1]_inst/O
                         net (fo=0)                   0.000     3.045    led[1]
    M15                                                               r  led[1] (OUT)
  -------------------------------------------------------------------    -------------------

Slack:                    inf
  Source:                 design_1_i/led_ctrl_0/inst/led_buffer_reg[3]/C
                            (rising edge-triggered cell FDRE clocked by sys_clk_pin  {rise@0.000ns fall@4.000ns period=8.000ns})
  Destination:            led[3]
                            (output port)
  Path Group:             (none)
  Path Type:              Min at Fast Process Corner
  Data Path Delay:        2.097ns  (logic 1.332ns (63.525%)  route 0.765ns (36.475%))
  Logic Levels:           1  (OBUF=1)
  Clock Uncertainty:      0.025ns  ((TSJ^2 + TIJ^2)^1/2 + DJ) / 2 + PE
    Total System Jitter     (TSJ):    0.050ns
    Total Input Jitter      (TIJ):    0.000ns
    Discrete Jitter          (DJ):    0.000ns
    Phase Error              (PE):    0.000ns

    Location             Delay type                Incr(ns)  Path(ns)    Netlist Resource(s)
  -------------------------------------------------------------------    -------------------
                         (clock sys_clk_pin rise edge)
                                                      0.000     0.000 r  
    K17                                               0.000     0.000 r  sysclk (IN)
                         net (fo=0)                   0.000     0.000    sysclk
    K17                  IBUF (Prop_ibuf_I_O)         0.243     0.243 r  sysclk_IBUF_inst/O
                         net (fo=1, routed)           0.586     0.828    design_1_i/util_vector_logic_0/Op2[0]
    SLICE_X113Y115       LUT2 (Prop_lut2_I1_O)        0.045     0.873 r  design_1_i/util_vector_logic_0/Res[0]_INST_0/O
                         net (fo=4, routed)           0.216     1.090    design_1_i/led_ctrl_0/inst/clk
    SLICE_X113Y115       FDRE                                         r  design_1_i/led_ctrl_0/inst/led_buffer_reg[3]/C
  -------------------------------------------------------------------    -------------------
    SLICE_X113Y115       FDRE (Prop_fdre_C_Q)         0.141     1.231 r  design_1_i/led_ctrl_0/inst/led_buffer_reg[3]/Q
                         net (fo=1, routed)           0.765     1.996    led_OBUF[3]
    D18                  OBUF (Prop_obuf_I_O)         1.191     3.187 r  led_OBUF[3]_inst/O
                         net (fo=0)                   0.000     3.187    led[3]
    D18                                                               r  led[3] (OUT)
  -------------------------------------------------------------------    -------------------

Slack:                    inf
  Source:                 design_1_i/led_ctrl_0/inst/led_buffer_reg[2]/C
                            (rising edge-triggered cell FDRE clocked by sys_clk_pin  {rise@0.000ns fall@4.000ns period=8.000ns})
  Destination:            led[2]
                            (output port)
  Path Group:             (none)
  Path Type:              Min at Fast Process Corner
  Data Path Delay:        1.932ns  (logic 1.342ns (69.485%)  route 0.590ns (30.515%))
  Logic Levels:           1  (OBUF=1)
  Clock Uncertainty:      0.025ns  ((TSJ^2 + TIJ^2)^1/2 + DJ) / 2 + PE
    Total System Jitter     (TSJ):    0.050ns
    Total Input Jitter      (TIJ):    0.000ns
    Discrete Jitter          (DJ):    0.000ns
    Phase Error              (PE):    0.000ns

    Location             Delay type                Incr(ns)  Path(ns)    Netlist Resource(s)
  -------------------------------------------------------------------    -------------------
                         (clock sys_clk_pin rise edge)
                                                      0.000     0.000 r  
    K17                                               0.000     0.000 r  sysclk (IN)
                         net (fo=0)                   0.000     0.000    sysclk
    K17                  IBUF (Prop_ibuf_I_O)         0.243     0.243 r  sysclk_IBUF_inst/O
                         net (fo=1, routed)           0.586     0.828    design_1_i/util_vector_logic_0/Op2[0]
    SLICE_X113Y115       LUT2 (Prop_lut2_I1_O)        0.045     0.873 r  design_1_i/util_vector_logic_0/Res[0]_INST_0/O
                         net (fo=4, routed)           0.423     1.296    design_1_i/led_ctrl_0/inst/clk
    SLICE_X113Y130       FDRE                                         r  design_1_i/led_ctrl_0/inst/led_buffer_reg[2]/C
  -------------------------------------------------------------------    -------------------
    SLICE_X113Y130       FDRE (Prop_fdre_C_Q)         0.141     1.437 r  design_1_i/led_ctrl_0/inst/led_buffer_reg[2]/Q
                         net (fo=1, routed)           0.590     2.027    led_OBUF[2]
    G14                  OBUF (Prop_obuf_I_O)         1.201     3.228 r  led_OBUF[2]_inst/O
                         net (fo=0)                   0.000     3.228    led[2]
    G14                                                               r  led[2] (OUT)
  -------------------------------------------------------------------    -------------------





--------------------------------------------------------------------------------------
Path Group:  (none)
From Clock:  
  To Clock:  sys_clk_pin

Max Delay             4 Endpoints
Min Delay             4 Endpoints
--------------------------------------------------------------------------------------


Max Delay Paths
--------------------------------------------------------------------------------------
Slack:                    inf
  Source:                 btn[1]
                            (input port)
  Destination:            design_1_i/led_ctrl_0/inst/led_buffer_reg[1]/D
                            (rising edge-triggered cell FDRE clocked by sys_clk_pin  {rise@0.000ns fall@4.000ns period=8.000ns})
  Path Group:             (none)
  Path Type:              Setup (Max at Slow Process Corner)
  Data Path Delay:        3.714ns  (logic 1.485ns (39.972%)  route 2.230ns (60.028%))
  Logic Levels:           1  (IBUF=1)
  Clock Path Skew:        3.599ns (DCD - SCD + CPR)
    Destination Clock Delay (DCD):    3.599ns
    Source Clock Delay      (SCD):    0.000ns
    Clock Pessimism Removal (CPR):    0.000ns
  Clock Uncertainty:      0.025ns  ((TSJ^2 + TIJ^2)^1/2 + DJ) / 2 + PE
    Total System Jitter     (TSJ):    0.050ns
    Total Input Jitter      (TIJ):    0.000ns
    Discrete Jitter          (DJ):    0.000ns
    Phase Error              (PE):    0.000ns

    Location             Delay type                Incr(ns)  Path(ns)    Netlist Resource(s)
  -------------------------------------------------------------------    -------------------
    P16                                               0.000     0.000 r  btn[1] (IN)
                         net (fo=0)                   0.000     0.000    btn[1]
    P16                  IBUF (Prop_ibuf_I_O)         1.485     1.485 r  btn_IBUF[1]_inst/O
                         net (fo=1, routed)           2.230     3.714    design_1_i/led_ctrl_0/inst/buttons[1]
    SLICE_X113Y103       FDRE                                         r  design_1_i/led_ctrl_0/inst/led_buffer_reg[1]/D
  -------------------------------------------------------------------    -------------------

                         (clock sys_clk_pin rise edge)
                                                      0.000     0.000 r  
    K17                                               0.000     0.000 r  sysclk (IN)
                         net (fo=0)                   0.000     0.000    sysclk
    K17                  IBUF (Prop_ibuf_I_O)         1.404     1.404 r  sysclk_IBUF_inst/O
                         net (fo=1, routed)           1.250     2.654    design_1_i/util_vector_logic_0/Op2[0]
    SLICE_X113Y115       LUT2 (Prop_lut2_I1_O)        0.100     2.754 r  design_1_i/util_vector_logic_0/Res[0]_INST_0/O
                         net (fo=4, routed)           0.845     3.599    design_1_i/led_ctrl_0/inst/clk
    SLICE_X113Y103       FDRE                                         r  design_1_i/led_ctrl_0/inst/led_buffer_reg[1]/C

Slack:                    inf
  Source:                 btn[3]
                            (input port)
  Destination:            design_1_i/led_ctrl_0/inst/led_buffer_reg[3]/D
                            (rising edge-triggered cell FDRE clocked by sys_clk_pin  {rise@0.000ns fall@4.000ns period=8.000ns})
  Path Group:             (none)
  Path Type:              Setup (Max at Slow Process Corner)
  Data Path Delay:        3.080ns  (logic 1.569ns (50.939%)  route 1.511ns (49.061%))
  Logic Levels:           1  (IBUF=1)
  Clock Path Skew:        3.227ns (DCD - SCD + CPR)
    Destination Clock Delay (DCD):    3.227ns
    Source Clock Delay      (SCD):    0.000ns
    Clock Pessimism Removal (CPR):    0.000ns
  Clock Uncertainty:      0.025ns  ((TSJ^2 + TIJ^2)^1/2 + DJ) / 2 + PE
    Total System Jitter     (TSJ):    0.050ns
    Total Input Jitter      (TIJ):    0.000ns
    Discrete Jitter          (DJ):    0.000ns
    Phase Error              (PE):    0.000ns

    Location             Delay type                Incr(ns)  Path(ns)    Netlist Resource(s)
  -------------------------------------------------------------------    -------------------
    Y16                                               0.000     0.000 r  btn[3] (IN)
                         net (fo=0)                   0.000     0.000    btn[3]
    Y16                  IBUF (Prop_ibuf_I_O)         1.569     1.569 r  btn_IBUF[3]_inst/O
                         net (fo=1, routed)           1.511     3.080    design_1_i/led_ctrl_0/inst/buttons[3]
    SLICE_X113Y115       FDRE                                         r  design_1_i/led_ctrl_0/inst/led_buffer_reg[3]/D
  -------------------------------------------------------------------    -------------------

                         (clock sys_clk_pin rise edge)
                                                      0.000     0.000 r  
    K17                                               0.000     0.000 r  sysclk (IN)
                         net (fo=0)                   0.000     0.000    sysclk
    K17                  IBUF (Prop_ibuf_I_O)         1.404     1.404 r  sysclk_IBUF_inst/O
                         net (fo=1, routed)           1.250     2.654    design_1_i/util_vector_logic_0/Op2[0]
    SLICE_X113Y115       LUT2 (Prop_lut2_I1_O)        0.100     2.754 r  design_1_i/util_vector_logic_0/Res[0]_INST_0/O
                         net (fo=4, routed)           0.473     3.227    design_1_i/led_ctrl_0/inst/clk
    SLICE_X113Y115       FDRE                                         r  design_1_i/led_ctrl_0/inst/led_buffer_reg[3]/C

Slack:                    inf
  Source:                 btn[0]
                            (input port)
  Destination:            design_1_i/led_ctrl_0/inst/led_buffer_reg[0]/D
                            (rising edge-triggered cell FDRE clocked by sys_clk_pin  {rise@0.000ns fall@4.000ns period=8.000ns})
  Path Group:             (none)
  Path Type:              Setup (Max at Slow Process Corner)
  Data Path Delay:        2.827ns  (logic 1.489ns (52.674%)  route 1.338ns (47.326%))
  Logic Levels:           1  (IBUF=1)
  Clock Path Skew:        3.227ns (DCD - SCD + CPR)
    Destination Clock Delay (DCD):    3.227ns
    Source Clock Delay      (SCD):    0.000ns
    Clock Pessimism Removal (CPR):    0.000ns
  Clock Uncertainty:      0.025ns  ((TSJ^2 + TIJ^2)^1/2 + DJ) / 2 + PE
    Total System Jitter     (TSJ):    0.050ns
    Total Input Jitter      (TIJ):    0.000ns
    Discrete Jitter          (DJ):    0.000ns
    Phase Error              (PE):    0.000ns

    Location             Delay type                Incr(ns)  Path(ns)    Netlist Resource(s)
  -------------------------------------------------------------------    -------------------
    K18                                               0.000     0.000 r  btn[0] (IN)
                         net (fo=0)                   0.000     0.000    btn[0]
    K18                  IBUF (Prop_ibuf_I_O)         1.489     1.489 r  btn_IBUF[0]_inst/O
                         net (fo=1, routed)           1.338     2.827    design_1_i/led_ctrl_0/inst/buttons[0]
    SLICE_X113Y115       FDRE                                         r  design_1_i/led_ctrl_0/inst/led_buffer_reg[0]/D
  -------------------------------------------------------------------    -------------------

                         (clock sys_clk_pin rise edge)
                                                      0.000     0.000 r  
    K17                                               0.000     0.000 r  sysclk (IN)
                         net (fo=0)                   0.000     0.000    sysclk
    K17                  IBUF (Prop_ibuf_I_O)         1.404     1.404 r  sysclk_IBUF_inst/O
                         net (fo=1, routed)           1.250     2.654    design_1_i/util_vector_logic_0/Op2[0]
    SLICE_X113Y115       LUT2 (Prop_lut2_I1_O)        0.100     2.754 r  design_1_i/util_vector_logic_0/Res[0]_INST_0/O
                         net (fo=4, routed)           0.473     3.227    design_1_i/led_ctrl_0/inst/clk
    SLICE_X113Y115       FDRE                                         r  design_1_i/led_ctrl_0/inst/led_buffer_reg[0]/C

Slack:                    inf
  Source:                 btn[2]
                            (input port)
  Destination:            design_1_i/led_ctrl_0/inst/led_buffer_reg[2]/D
                            (rising edge-triggered cell FDRE clocked by sys_clk_pin  {rise@0.000ns fall@4.000ns period=8.000ns})
  Path Group:             (none)
  Path Type:              Setup (Max at Slow Process Corner)
  Data Path Delay:        2.424ns  (logic 1.510ns (62.287%)  route 0.914ns (37.713%))
  Logic Levels:           1  (IBUF=1)
  Clock Path Skew:        3.646ns (DCD - SCD + CPR)
    Destination Clock Delay (DCD):    3.646ns
    Source Clock Delay      (SCD):    0.000ns
    Clock Pessimism Removal (CPR):    0.000ns
  Clock Uncertainty:      0.025ns  ((TSJ^2 + TIJ^2)^1/2 + DJ) / 2 + PE
    Total System Jitter     (TSJ):    0.050ns
    Total Input Jitter      (TIJ):    0.000ns
    Discrete Jitter          (DJ):    0.000ns
    Phase Error              (PE):    0.000ns

    Location             Delay type                Incr(ns)  Path(ns)    Netlist Resource(s)
  -------------------------------------------------------------------    -------------------
    K19                                               0.000     0.000 r  btn[2] (IN)
                         net (fo=0)                   0.000     0.000    btn[2]
    K19                  IBUF (Prop_ibuf_I_O)         1.510     1.510 r  btn_IBUF[2]_inst/O
                         net (fo=1, routed)           0.914     2.424    design_1_i/led_ctrl_0/inst/buttons[2]
    SLICE_X113Y130       FDRE                                         r  design_1_i/led_ctrl_0/inst/led_buffer_reg[2]/D
  -------------------------------------------------------------------    -------------------

                         (clock sys_clk_pin rise edge)
                                                      0.000     0.000 r  
    K17                                               0.000     0.000 r  sysclk (IN)
                         net (fo=0)                   0.000     0.000    sysclk
    K17                  IBUF (Prop_ibuf_I_O)         1.404     1.404 r  sysclk_IBUF_inst/O
                         net (fo=1, routed)           1.250     2.654    design_1_i/util_vector_logic_0/Op2[0]
    SLICE_X113Y115       LUT2 (Prop_lut2_I1_O)        0.100     2.754 r  design_1_i/util_vector_logic_0/Res[0]_INST_0/O
                         net (fo=4, routed)           0.892     3.646    design_1_i/led_ctrl_0/inst/clk
    SLICE_X113Y130       FDRE                                         r  design_1_i/led_ctrl_0/inst/led_buffer_reg[2]/C





Min Delay Paths
--------------------------------------------------------------------------------------
Slack:                    inf
  Source:                 btn[2]
                            (input port)
  Destination:            design_1_i/led_ctrl_0/inst/led_buffer_reg[2]/D
                            (rising edge-triggered cell FDRE clocked by sys_clk_pin  {rise@0.000ns fall@4.000ns period=8.000ns})
  Path Group:             (none)
  Path Type:              Hold (Min at Fast Process Corner)
  Data Path Delay:        0.625ns  (logic 0.278ns (44.428%)  route 0.347ns (55.572%))
  Logic Levels:           1  (IBUF=1)
  Clock Path Skew:        1.674ns (DCD - SCD - CPR)
    Destination Clock Delay (DCD):    1.674ns
    Source Clock Delay      (SCD):    0.000ns
    Clock Pessimism Removal (CPR):    -0.000ns

    Location             Delay type                Incr(ns)  Path(ns)    Netlist Resource(s)
  -------------------------------------------------------------------    -------------------
    K19                                               0.000     0.000 r  btn[2] (IN)
                         net (fo=0)                   0.000     0.000    btn[2]
    K19                  IBUF (Prop_ibuf_I_O)         0.278     0.278 r  btn_IBUF[2]_inst/O
                         net (fo=1, routed)           0.347     0.625    design_1_i/led_ctrl_0/inst/buttons[2]
    SLICE_X113Y130       FDRE                                         r  design_1_i/led_ctrl_0/inst/led_buffer_reg[2]/D
  -------------------------------------------------------------------    -------------------

                         (clock sys_clk_pin rise edge)
                                                      0.000     0.000 r  
    K17                                               0.000     0.000 r  sysclk (IN)
                         net (fo=0)                   0.000     0.000    sysclk
    K17                  IBUF (Prop_ibuf_I_O)         0.431     0.431 r  sysclk_IBUF_inst/O
                         net (fo=1, routed)           0.691     1.121    design_1_i/util_vector_logic_0/Op2[0]
    SLICE_X113Y115       LUT2 (Prop_lut2_I1_O)        0.056     1.177 r  design_1_i/util_vector_logic_0/Res[0]_INST_0/O
                         net (fo=4, routed)           0.497     1.674    design_1_i/led_ctrl_0/inst/clk
    SLICE_X113Y130       FDRE                                         r  design_1_i/led_ctrl_0/inst/led_buffer_reg[2]/C

Slack:                    inf
  Source:                 btn[0]
                            (input port)
  Destination:            design_1_i/led_ctrl_0/inst/led_buffer_reg[0]/D
                            (rising edge-triggered cell FDRE clocked by sys_clk_pin  {rise@0.000ns fall@4.000ns period=8.000ns})
  Path Group:             (none)
  Path Type:              Hold (Min at Fast Process Corner)
  Data Path Delay:        0.800ns  (logic 0.257ns (32.064%)  route 0.544ns (67.936%))
  Logic Levels:           1  (IBUF=1)
  Clock Path Skew:        1.426ns (DCD - SCD - CPR)
    Destination Clock Delay (DCD):    1.426ns
    Source Clock Delay      (SCD):    0.000ns
    Clock Pessimism Removal (CPR):    -0.000ns

    Location             Delay type                Incr(ns)  Path(ns)    Netlist Resource(s)
  -------------------------------------------------------------------    -------------------
    K18                                               0.000     0.000 r  btn[0] (IN)
                         net (fo=0)                   0.000     0.000    btn[0]
    K18                  IBUF (Prop_ibuf_I_O)         0.257     0.257 r  btn_IBUF[0]_inst/O
                         net (fo=1, routed)           0.544     0.800    design_1_i/led_ctrl_0/inst/buttons[0]
    SLICE_X113Y115       FDRE                                         r  design_1_i/led_ctrl_0/inst/led_buffer_reg[0]/D
  -------------------------------------------------------------------    -------------------

                         (clock sys_clk_pin rise edge)
                                                      0.000     0.000 r  
    K17                                               0.000     0.000 r  sysclk (IN)
                         net (fo=0)                   0.000     0.000    sysclk
    K17                  IBUF (Prop_ibuf_I_O)         0.431     0.431 r  sysclk_IBUF_inst/O
                         net (fo=1, routed)           0.691     1.121    design_1_i/util_vector_logic_0/Op2[0]
    SLICE_X113Y115       LUT2 (Prop_lut2_I1_O)        0.056     1.177 r  design_1_i/util_vector_logic_0/Res[0]_INST_0/O
                         net (fo=4, routed)           0.249     1.426    design_1_i/led_ctrl_0/inst/clk
    SLICE_X113Y115       FDRE                                         r  design_1_i/led_ctrl_0/inst/led_buffer_reg[0]/C

Slack:                    inf
  Source:                 btn[3]
                            (input port)
  Destination:            design_1_i/led_ctrl_0/inst/led_buffer_reg[3]/D
                            (rising edge-triggered cell FDRE clocked by sys_clk_pin  {rise@0.000ns fall@4.000ns period=8.000ns})
  Path Group:             (none)
  Path Type:              Hold (Min at Fast Process Corner)
  Data Path Delay:        0.928ns  (logic 0.336ns (36.203%)  route 0.592ns (63.797%))
  Logic Levels:           1  (IBUF=1)
  Clock Path Skew:        1.426ns (DCD - SCD - CPR)
    Destination Clock Delay (DCD):    1.426ns
    Source Clock Delay      (SCD):    0.000ns
    Clock Pessimism Removal (CPR):    -0.000ns

    Location             Delay type                Incr(ns)  Path(ns)    Netlist Resource(s)
  -------------------------------------------------------------------    -------------------
    Y16                                               0.000     0.000 r  btn[3] (IN)
                         net (fo=0)                   0.000     0.000    btn[3]
    Y16                  IBUF (Prop_ibuf_I_O)         0.336     0.336 r  btn_IBUF[3]_inst/O
                         net (fo=1, routed)           0.592     0.928    design_1_i/led_ctrl_0/inst/buttons[3]
    SLICE_X113Y115       FDRE                                         r  design_1_i/led_ctrl_0/inst/led_buffer_reg[3]/D
  -------------------------------------------------------------------    -------------------

                         (clock sys_clk_pin rise edge)
                                                      0.000     0.000 r  
    K17                                               0.000     0.000 r  sysclk (IN)
                         net (fo=0)                   0.000     0.000    sysclk
    K17                  IBUF (Prop_ibuf_I_O)         0.431     0.431 r  sysclk_IBUF_inst/O
                         net (fo=1, routed)           0.691     1.121    design_1_i/util_vector_logic_0/Op2[0]
    SLICE_X113Y115       LUT2 (Prop_lut2_I1_O)        0.056     1.177 r  design_1_i/util_vector_logic_0/Res[0]_INST_0/O
                         net (fo=4, routed)           0.249     1.426    design_1_i/led_ctrl_0/inst/clk
    SLICE_X113Y115       FDRE                                         r  design_1_i/led_ctrl_0/inst/led_buffer_reg[3]/C

Slack:                    inf
  Source:                 btn[1]
                            (input port)
  Destination:            design_1_i/led_ctrl_0/inst/led_buffer_reg[1]/D
                            (rising edge-triggered cell FDRE clocked by sys_clk_pin  {rise@0.000ns fall@4.000ns period=8.000ns})
  Path Group:             (none)
  Path Type:              Hold (Min at Fast Process Corner)
  Data Path Delay:        1.126ns  (logic 0.252ns (22.421%)  route 0.874ns (77.579%))
  Logic Levels:           1  (IBUF=1)
  Clock Path Skew:        1.660ns (DCD - SCD - CPR)
    Destination Clock Delay (DCD):    1.660ns
    Source Clock Delay      (SCD):    0.000ns
    Clock Pessimism Removal (CPR):    -0.000ns

    Location             Delay type                Incr(ns)  Path(ns)    Netlist Resource(s)
  -------------------------------------------------------------------    -------------------
    P16                                               0.000     0.000 r  btn[1] (IN)
                         net (fo=0)                   0.000     0.000    btn[1]
    P16                  IBUF (Prop_ibuf_I_O)         0.252     0.252 r  btn_IBUF[1]_inst/O
                         net (fo=1, routed)           0.874     1.126    design_1_i/led_ctrl_0/inst/buttons[1]
    SLICE_X113Y103       FDRE                                         r  design_1_i/led_ctrl_0/inst/led_buffer_reg[1]/D
  -------------------------------------------------------------------    -------------------

                         (clock sys_clk_pin rise edge)
                                                      0.000     0.000 r  
    K17                                               0.000     0.000 r  sysclk (IN)
                         net (fo=0)                   0.000     0.000    sysclk
    K17                  IBUF (Prop_ibuf_I_O)         0.431     0.431 r  sysclk_IBUF_inst/O
                         net (fo=1, routed)           0.691     1.121    design_1_i/util_vector_logic_0/Op2[0]
    SLICE_X113Y115       LUT2 (Prop_lut2_I1_O)        0.056     1.177 r  design_1_i/util_vector_logic_0/Res[0]_INST_0/O
                         net (fo=4, routed)           0.483     1.660    design_1_i/led_ctrl_0/inst/clk
    SLICE_X113Y103       FDRE                                         r  design_1_i/led_ctrl_0/inst/led_buffer_reg[1]/C





