
*** Running vivado
    with args -log design_2_pwm_gen_0_1.vds -m64 -product Vivado -mode batch -messageDb vivado.pb -notrace -source design_2_pwm_gen_0_1.tcl



*** Running vivado
    with args -log design_2_pwm_gen_0_1.vds -m64 -product Vivado -mode batch -messageDb vivado.pb -notrace -source design_2_pwm_gen_0_1.tcl



****** Vivado v2024.2 (64-bit)
  **** SW Build 5239630 on Fri Nov 08 22:35:27 MST 2024
  **** IP Build 5239520 on Sun Nov 10 16:12:51 MST 2024
  **** SharedData Build 5239561 on Fri Nov 08 14:39:27 MST 2024
  **** Start of session at: Sun Mar 15 23:47:34 2026
    ** Copyright 1986-2022 Xilinx, Inc. All Rights Reserved.
    ** Copyright 2022-2024 Advanced Micro Devices, Inc. All Rights Reserved.

source design_2_pwm_gen_0_1.tcl -notrace
INFO: [IP_Flow 19-234] Refreshing IP repositories
INFO: [IP_Flow 19-1704] No user IP repositories specified
INFO: [IP_Flow 19-2313] Loaded Vivado IP repository 'C:/Xilinx/Vivado/2024.2/data/ip'.
Command: synth_design -top design_2_pwm_gen_0_1 -part xc7z020clg400-1 -incremental_mode off -mode out_of_context
Starting synth_design
Attempting to get a license for feature 'Synthesis' and/or device 'xc7z020'
INFO: [Common 17-349] Got license for feature 'Synthesis' and/or device 'xc7z020'
INFO: [Device 21-403] Loading part xc7z020clg400-1
INFO: [Synth 8-7079] Multithreading enabled for synth_design using a maximum of 2 processes.
INFO: [Synth 8-7078] Launching helper process for spawning children vivado processes
INFO: [Synth 8-7075] Helper process launched with PID 1584
---------------------------------------------------------------------------------
Starting RTL Elaboration : Time (s): cpu = 00:00:09 ; elapsed = 00:00:11 . Memory (MB): peak = 1105.645 ; gain = 467.883
---------------------------------------------------------------------------------
INFO: [Synth 8-638] synthesizing module 'design_2_pwm_gen_0_1' [c:/Users/ryansundermeyer/vivado-projects/pwm_gen/pwm_gen.gen/sources_1/bd/design_2/ip/design_2_pwm_gen_0_1/synth/design_2_pwm_gen_0_1.vhd:66]
	Parameter C_CLK_HZ bound to: 100000000 - type: integer 
	Parameter C_BITWIDTH bound to: 32 - type: integer 
	Parameter C_PULSE_MODE bound to: 0 - type: bool 
	Parameter C_RST_PW_US bound to: 1500 - type: integer 
INFO: [Synth 8-3491] module 'pwm_gen' declared at 'C:/Users/ryansundermeyer/vivado-projects/pwm_gen/pwm_gen.srcs/sources_1/new/pwm_gen.vhd:34' bound to instance 'U0' of component 'pwm_gen' [c:/Users/ryansundermeyer/vivado-projects/pwm_gen/pwm_gen.gen/sources_1/bd/design_2/ip/design_2_pwm_gen_0_1/synth/design_2_pwm_gen_0_1.vhd:102]
INFO: [Synth 8-638] synthesizing module 'pwm_gen' [C:/Users/ryansundermeyer/vivado-projects/pwm_gen/pwm_gen.srcs/sources_1/new/pwm_gen.vhd:51]
WARNING: [Synth 8-614] signal 'rst_mode' is read in the process but is not in the sensitivity list [C:/Users/ryansundermeyer/vivado-projects/pwm_gen/pwm_gen.srcs/sources_1/new/pwm_gen.vhd:60]
INFO: [Synth 8-256] done synthesizing module 'pwm_gen' (0#1) [C:/Users/ryansundermeyer/vivado-projects/pwm_gen/pwm_gen.srcs/sources_1/new/pwm_gen.vhd:51]
INFO: [Synth 8-256] done synthesizing module 'design_2_pwm_gen_0_1' (0#1) [c:/Users/ryansundermeyer/vivado-projects/pwm_gen/pwm_gen.gen/sources_1/bd/design_2/ip/design_2_pwm_gen_0_1/synth/design_2_pwm_gen_0_1.vhd:66]
---------------------------------------------------------------------------------
Finished RTL Elaboration : Time (s): cpu = 00:00:11 ; elapsed = 00:00:13 . Memory (MB): peak = 1212.297 ; gain = 574.535
---------------------------------------------------------------------------------
---------------------------------------------------------------------------------
Start Handling Custom Attributes
---------------------------------------------------------------------------------
---------------------------------------------------------------------------------
Finished Handling Custom Attributes : Time (s): cpu = 00:00:11 ; elapsed = 00:00:13 . Memory (MB): peak = 1212.297 ; gain = 574.535
---------------------------------------------------------------------------------
---------------------------------------------------------------------------------
Finished RTL Optimization Phase 1 : Time (s): cpu = 00:00:11 ; elapsed = 00:00:13 . Memory (MB): peak = 1212.297 ; gain = 574.535
---------------------------------------------------------------------------------
Netlist sorting complete. Time (s): cpu = 00:00:00 ; elapsed = 00:00:00.007 . Memory (MB): peak = 1212.297 ; gain = 0.000
INFO: [Project 1-570] Preparing netlist for logic optimization

Processing XDC Constraints
Initializing timing engine
Completed Processing XDC Constraints

Netlist sorting complete. Time (s): cpu = 00:00:00 ; elapsed = 00:00:00.001 . Memory (MB): peak = 1330.207 ; gain = 0.000
INFO: [Project 1-111] Unisim Transformation Summary:
No Unisim elements were transformed.

Constraint Validation Runtime : Time (s): cpu = 00:00:01 ; elapsed = 00:00:00.251 . Memory (MB): peak = 1330.285 ; gain = 0.078
INFO: [Designutils 20-5008] Incremental synthesis strategy off
---------------------------------------------------------------------------------
Finished Constraint Validation : Time (s): cpu = 00:00:24 ; elapsed = 00:00:27 . Memory (MB): peak = 1330.285 ; gain = 692.523
---------------------------------------------------------------------------------
---------------------------------------------------------------------------------
Start Loading Part and Timing Information
---------------------------------------------------------------------------------
Loading part: xc7z020clg400-1
---------------------------------------------------------------------------------
Finished Loading Part and Timing Information : Time (s): cpu = 00:00:24 ; elapsed = 00:00:27 . Memory (MB): peak = 1330.285 ; gain = 692.523
---------------------------------------------------------------------------------
---------------------------------------------------------------------------------
Start Applying 'set_property' XDC Constraints
---------------------------------------------------------------------------------
---------------------------------------------------------------------------------
Finished applying 'set_property' XDC Constraints : Time (s): cpu = 00:00:24 ; elapsed = 00:00:27 . Memory (MB): peak = 1330.285 ; gain = 692.523
---------------------------------------------------------------------------------
---------------------------------------------------------------------------------
Finished RTL Optimization Phase 2 : Time (s): cpu = 00:00:24 ; elapsed = 00:00:28 . Memory (MB): peak = 1330.285 ; gain = 692.523
---------------------------------------------------------------------------------
---------------------------------------------------------------------------------
Start RTL Component Statistics 
---------------------------------------------------------------------------------
Detailed RTL Component Info : 
+---Adders : 
	   2 Input   32 Bit       Adders := 3     
+---Registers : 
	               32 Bit    Registers := 4     
	                1 Bit    Registers := 2     
+---Multipliers : 
	              32x32  Multipliers := 1     
+---Muxes : 
	   2 Input   32 Bit        Muxes := 6     
	   2 Input    1 Bit        Muxes := 5     
---------------------------------------------------------------------------------
Finished RTL Component Statistics 
---------------------------------------------------------------------------------
---------------------------------------------------------------------------------
Start Part Resource Summary
---------------------------------------------------------------------------------
Part Resources:
DSPs: 220 (col length:60)
BRAMs: 280 (col length: RAMB18 60 RAMB36 30)
---------------------------------------------------------------------------------
Finished Part Resource Summary
---------------------------------------------------------------------------------
---------------------------------------------------------------------------------
Start Cross Boundary and Area Optimization
---------------------------------------------------------------------------------
WARNING: [Synth 8-7080] Parallel synthesis criteria is not met
DSP Report: Generating DSP U0/clk_cnt_max0, operation Mode is: A*(B:0x64).
DSP Report: operator U0/clk_cnt_max0 is absorbed into DSP U0/clk_cnt_max0.
DSP Report: operator U0/clk_cnt_max0 is absorbed into DSP U0/clk_cnt_max0.
DSP Report: Generating DSP U0/clk_cnt_max0, operation Mode is: (PCIN>>17)+A*B.
DSP Report: operator U0/clk_cnt_max0 is absorbed into DSP U0/clk_cnt_max0.
DSP Report: operator U0/clk_cnt_max0 is absorbed into DSP U0/clk_cnt_max0.
DSP Report: Generating DSP U0/clk_cnt_max0, operation Mode is: A*(B:0x64).
DSP Report: operator U0/clk_cnt_max0 is absorbed into DSP U0/clk_cnt_max0.
DSP Report: operator U0/clk_cnt_max0 is absorbed into DSP U0/clk_cnt_max0.
DSP Report: Generating DSP U0/clk_cnt_max0, operation Mode is: (PCIN>>17)+A*B.
DSP Report: operator U0/clk_cnt_max0 is absorbed into DSP U0/clk_cnt_max0.
DSP Report: operator U0/clk_cnt_max0 is absorbed into DSP U0/clk_cnt_max0.
---------------------------------------------------------------------------------
Finished Cross Boundary and Area Optimization : Time (s): cpu = 00:00:29 ; elapsed = 00:00:32 . Memory (MB): peak = 1330.285 ; gain = 692.523
---------------------------------------------------------------------------------
 Sort Area is  U0/clk_cnt_max0_3 : 0 0 : 953 3731 : Used 1 time 0
 Sort Area is  U0/clk_cnt_max0_3 : 0 1 : 2778 3731 : Used 1 time 0
 Sort Area is  U0/clk_cnt_max0_0 : 0 0 : 953 3612 : Used 1 time 0
 Sort Area is  U0/clk_cnt_max0_0 : 0 1 : 2659 3612 : Used 1 time 0
---------------------------------------------------------------------------------
Start ROM, RAM, DSP, Shift Register and Retiming Reporting
---------------------------------------------------------------------------------

DSP: Preliminary Mapping Report (see note below. The ' indicates corresponding REG is set)
+---------------------+----------------+--------+--------+--------+--------+--------+------+------+------+------+-------+------+------+
|Module Name          | DSP Mapping    | A Size | B Size | C Size | D Size | P Size | AREG | BREG | CREG | DREG | ADREG | MREG | PREG | 
+---------------------+----------------+--------+--------+--------+--------+--------+------+------+------+------+-------+------+------+
|design_2_pwm_gen_0_1 | A*(B:0x64)     | 18     | 8      | -      | -      | 48     | 0    | 0    | -    | -    | -     | 0    | 0    | 
|design_2_pwm_gen_0_1 | (PCIN>>17)+A*B | 18     | 16     | -      | -      | 48     | 0    | 0    | -    | -    | -     | 0    | 0    | 
|design_2_pwm_gen_0_1 | A*(B:0x64)     | 16     | 8      | -      | -      | 48     | 0    | 0    | -    | -    | -     | 0    | 0    | 
|design_2_pwm_gen_0_1 | (PCIN>>17)+A*B | 16     | 16     | -      | -      | 48     | 0    | 0    | -    | -    | -     | 0    | 0    | 
+---------------------+----------------+--------+--------+--------+--------+--------+------+------+------+------+-------+------+------+

Note: The table above is a preliminary report that shows the DSPs inferred at the current stage of the synthesis flow. Some DSP may be reimplemented as non DSP primitives later in the synthesis flow. Multiple instantiated DSPs are reported only once.
---------------------------------------------------------------------------------
Finished ROM, RAM, DSP, Shift Register and Retiming Reporting
---------------------------------------------------------------------------------
---------------------------------------------------------------------------------
Start Applying XDC Timing Constraints
---------------------------------------------------------------------------------
---------------------------------------------------------------------------------
Finished Applying XDC Timing Constraints : Time (s): cpu = 00:00:48 ; elapsed = 00:00:54 . Memory (MB): peak = 1482.973 ; gain = 845.211
---------------------------------------------------------------------------------
---------------------------------------------------------------------------------
Start Timing Optimization
---------------------------------------------------------------------------------
---------------------------------------------------------------------------------
Finished Timing Optimization : Time (s): cpu = 00:00:48 ; elapsed = 00:00:54 . Memory (MB): peak = 1483.344 ; gain = 845.582
---------------------------------------------------------------------------------
---------------------------------------------------------------------------------
Start Technology Mapping
---------------------------------------------------------------------------------
---------------------------------------------------------------------------------
Finished Technology Mapping : Time (s): cpu = 00:00:48 ; elapsed = 00:00:54 . Memory (MB): peak = 1493.430 ; gain = 855.668
---------------------------------------------------------------------------------
---------------------------------------------------------------------------------
Start IO Insertion
---------------------------------------------------------------------------------
---------------------------------------------------------------------------------
Start Flattening Before IO Insertion
---------------------------------------------------------------------------------
---------------------------------------------------------------------------------
Finished Flattening Before IO Insertion
---------------------------------------------------------------------------------
---------------------------------------------------------------------------------
Start Final Netlist Cleanup
---------------------------------------------------------------------------------
---------------------------------------------------------------------------------
Finished Final Netlist Cleanup
---------------------------------------------------------------------------------
---------------------------------------------------------------------------------
Finished IO Insertion : Time (s): cpu = 00:00:55 ; elapsed = 00:01:03 . Memory (MB): peak = 1707.434 ; gain = 1069.672
---------------------------------------------------------------------------------
---------------------------------------------------------------------------------
Start Renaming Generated Instances
---------------------------------------------------------------------------------
---------------------------------------------------------------------------------
Finished Renaming Generated Instances : Time (s): cpu = 00:00:55 ; elapsed = 00:01:03 . Memory (MB): peak = 1707.434 ; gain = 1069.672
---------------------------------------------------------------------------------
---------------------------------------------------------------------------------
Start Rebuilding User Hierarchy
---------------------------------------------------------------------------------
---------------------------------------------------------------------------------
Finished Rebuilding User Hierarchy : Time (s): cpu = 00:00:55 ; elapsed = 00:01:03 . Memory (MB): peak = 1707.434 ; gain = 1069.672
---------------------------------------------------------------------------------
---------------------------------------------------------------------------------
Start Renaming Generated Ports
---------------------------------------------------------------------------------
---------------------------------------------------------------------------------
Finished Renaming Generated Ports : Time (s): cpu = 00:00:55 ; elapsed = 00:01:03 . Memory (MB): peak = 1707.434 ; gain = 1069.672
---------------------------------------------------------------------------------
---------------------------------------------------------------------------------
Start Handling Custom Attributes
---------------------------------------------------------------------------------
---------------------------------------------------------------------------------
Finished Handling Custom Attributes : Time (s): cpu = 00:00:55 ; elapsed = 00:01:03 . Memory (MB): peak = 1707.434 ; gain = 1069.672
---------------------------------------------------------------------------------
---------------------------------------------------------------------------------
Start Renaming Generated Nets
---------------------------------------------------------------------------------
---------------------------------------------------------------------------------
Finished Renaming Generated Nets : Time (s): cpu = 00:00:55 ; elapsed = 00:01:03 . Memory (MB): peak = 1707.434 ; gain = 1069.672
---------------------------------------------------------------------------------
---------------------------------------------------------------------------------
Start Writing Synthesis Report
---------------------------------------------------------------------------------

DSP Final Report (the ' indicates corresponding REG is set)
+---------------------+--------------+--------+--------+--------+--------+--------+------+------+------+------+-------+------+------+
|Module Name          | DSP Mapping  | A Size | B Size | C Size | D Size | P Size | AREG | BREG | CREG | DREG | ADREG | MREG | PREG | 
+---------------------+--------------+--------+--------+--------+--------+--------+------+------+------+------+-------+------+------+
|design_2_pwm_gen_0_1 | A*B          | 17     | 7      | -      | -      | 48     | 0    | 0    | -    | -    | -     | 0    | 0    | 
|design_2_pwm_gen_0_1 | PCIN>>17+A*B | 17     | 0      | -      | -      | 48     | 0    | 0    | -    | -    | -     | 0    | 0    | 
|design_2_pwm_gen_0_1 | A*B          | 15     | 7      | -      | -      | 48     | 0    | 0    | -    | -    | -     | 0    | 0    | 
+---------------------+--------------+--------+--------+--------+--------+--------+------+------+------+------+-------+------+------+


Report BlackBoxes: 
+-+--------------+----------+
| |BlackBox name |Instances |
+-+--------------+----------+
+-+--------------+----------+

Report Cell Usage: 
+------+--------+------+
|      |Cell    |Count |
+------+--------+------+
|1     |CARRY4  |    36|
|2     |DSP48E1 |     3|
|3     |LUT1    |    62|
|4     |LUT2    |    98|
|5     |LUT3    |    17|
|6     |LUT4    |    67|
|7     |LUT5    |     1|
|8     |LUT6    |    37|
|9     |FDCE    |   107|
|10    |FDPE    |    23|
+------+--------+------+
---------------------------------------------------------------------------------
Finished Writing Synthesis Report : Time (s): cpu = 00:00:55 ; elapsed = 00:01:03 . Memory (MB): peak = 1707.434 ; gain = 1069.672
---------------------------------------------------------------------------------
Synthesis finished with 0 errors, 0 critical warnings and 1 warnings.
Synthesis Optimization Runtime : Time (s): cpu = 00:00:41 ; elapsed = 00:00:59 . Memory (MB): peak = 1707.434 ; gain = 951.684
Synthesis Optimization Complete : Time (s): cpu = 00:00:56 ; elapsed = 00:01:03 . Memory (MB): peak = 1707.434 ; gain = 1069.672
INFO: [Project 1-571] Translating synthesized netlist
Netlist sorting complete. Time (s): cpu = 00:00:00 ; elapsed = 00:00:00.008 . Memory (MB): peak = 1707.434 ; gain = 0.000
INFO: [Netlist 29-17] Analyzing 39 Unisim elements for replacement
INFO: [Netlist 29-28] Unisim Transformation completed in 0 CPU seconds
INFO: [Project 1-570] Preparing netlist for logic optimization
INFO: [Opt 31-138] Pushed 0 inverter(s) to 0 load pin(s).
Netlist sorting complete. Time (s): cpu = 00:00:00 ; elapsed = 00:00:00 . Memory (MB): peak = 1707.434 ; gain = 0.000
INFO: [Project 1-111] Unisim Transformation Summary:
No Unisim elements were transformed.

Synth Design complete | Checksum: 33730f64
INFO: [Common 17-83] Releasing license: Synthesis
23 Infos, 2 Warnings, 0 Critical Warnings and 0 Errors encountered.
synth_design completed successfully
synth_design: Time (s): cpu = 00:01:04 ; elapsed = 00:01:25 . Memory (MB): peak = 1707.434 ; gain = 1300.148
Write ShapeDB Complete: Time (s): cpu = 00:00:00 ; elapsed = 00:00:00.006 . Memory (MB): peak = 1707.434 ; gain = 0.000
INFO: [Common 17-1381] The checkpoint 'C:/Users/ryansundermeyer/vivado-projects/pwm_gen/pwm_gen.runs/design_2_pwm_gen_0_1_synth_1/design_2_pwm_gen_0_1.dcp' has been generated.
INFO: [Vivado 12-24828] Executing command : report_utilization -file design_2_pwm_gen_0_1_utilization_synth.rpt -pb design_2_pwm_gen_0_1_utilization_synth.pb
INFO: [Common 17-206] Exiting Vivado at Sun Mar 15 23:49:08 2026...
